202213010020055048 [info] 初始化设备
202213010020055048 [info] 初始化CPU基本信息
202213010020055048 [info] 获取CPU详细信息
202213010020055048 [info] 获取CPU描述
202213010020055050 [info] 获取CPU架构
202213010020055050 [info] 获取CPU使用率
202213010020055050 [info] 更新CPU使用率、磁盘I/O、网络速度
202213010020055051 [info] 初始化磁盘基本信息
202213010020055051 [info] 获取磁盘数量
202213010020055051 [info] 获取磁盘总容量、剩余容量、使用率
202213010020055051 [info] 获取磁盘I/O
202213010020055051 [info] 更新CPU使用率、磁盘I/O、网络速度
202213010020055052 [info] 初始化GPU基本信息
202213010020055052 [info] 获取GPU数量
202213010020055052 [info] 获取GPU信息、GPU内存
202213010020055052 [info] 初始化内存信息
202213010020055052 [info] 获取内存大小
202213010020055052 [info] 获取内存使用量
202213010020055052 [info] 初始化网络信息
202213010020055052 [info] 获取网卡数量
202213010020055052 [info] 获取网卡详细信息
202213010020055052 [info] 获取网络速度
202213010020055052 [info] 更新CPU使用率、磁盘I/O、网络速度
202213010020055054 [info] 获取计算机名称
202213010020055054 [info] 获取Windows版本
202213010020055054 [info] 获取系统运行时间
202213010020055054 [info] 更新CPU使用率、磁盘I/O、网络速度
202213010020055056 [info] 获取系统运行时间
202213010020055056 [info] 获取内存使用量
202213010020055056 [info] 更新CPU使用率、磁盘I/O、网络速度
202213010020055058 [info] 获取系统运行时间
202213010020055058 [info] 获取内存使用量
202213010020055058 [info] 更新CPU使用率、磁盘I/O、网络速度
20221301002005610 [info] 获取系统运行时间
20221301002005610 [info] 获取内存使用量
20221301002005610 [info] 更新CPU使用率、磁盘I/O、网络速度
20221301002005612 [info] 获取系统运行时间
20221301002005612 [info] 获取内存使用量
20221301002005612 [info] 更新CPU使用率、磁盘I/O、网络速度
20221301002005614 [info] 获取系统运行时间
20221301002005614 [info] 获取内存使用量
20221301002005614 [info] 更新CPU使用率、磁盘I/O、网络速度
20221301002005616 [info] 获取系统运行时间
20221301002005616 [info] 获取内存使用量
20221301002005616 [info] 更新CPU使用率、磁盘I/O、网络速度
20221301002005619 [info] 获取系统运行时间
20221301002005619 [info] 获取内存使用量
20221301002005619 [info] 更新CPU使用率、磁盘I/O、网络速度
202213010020056010 [info] 获取系统运行时间
202213010020056010 [info] 获取内存使用量
202213010020056010 [info] 更新CPU使用率、磁盘I/O、网络速度
202213010020056012 [info] 获取系统运行时间
202213010020056012 [info] 获取内存使用量
202213010020056012 [info] 更新CPU使用率、磁盘I/O、网络速度
202213010020056013 [info] 获取系统运行时间
202213010020056013 [info] 获取内存使用量
202213010020056013 [info] 更新CPU使用率、磁盘I/O、网络速度
202213010020056015 [info] 获取系统运行时间
202213010020056015 [info] 获取内存使用量
202213010020056015 [info] 更新CPU使用率、磁盘I/O、网络速度
202213010020056016 [info] 获取系统运行时间
202213010020056016 [info] 获取内存使用量
202213010020056016 [info] 更新CPU使用率、磁盘I/O、网络速度
202213010020056018 [info] 获取系统运行时间
202213010020056018 [info] 获取内存使用量
202213010020056018 [info] 更新CPU使用率、磁盘I/O、网络速度
202213010020056020 [info] 获取系统运行时间
202213010020056020 [info] 获取内存使用量
202213010020056020 [info] 更新CPU使用率、磁盘I/O、网络速度
202213010020056021 [info] 获取系统运行时间
202213010020056021 [info] 获取内存使用量
202213010020056021 [info] 更新CPU使用率、磁盘I/O、网络速度
202213010020056022 [info] 获取系统运行时间
202213010020056022 [info] 获取内存使用量
202213010020056022 [info] 更新CPU使用率、磁盘I/O、网络速度
202213010020056023 [info] 获取系统运行时间
202213010020056023 [info] 获取内存使用量
202213010020056023 [info] 更新CPU使用率、磁盘I/O、网络速度
202213010020056024 [info] 获取系统运行时间
202213010020056024 [info] 获取内存使用量
202213010020056024 [info] 更新CPU使用率、磁盘I/O、网络速度
202213010020056025 [info] 获取系统运行时间
202213010020056025 [info] 获取内存使用量
202213010020056025 [info] 更新CPU使用率、磁盘I/O、网络速度
202213010020056026 [info] 获取系统运行时间
202213010020056026 [info] 获取内存使用量
202213010020056026 [info] 更新CPU使用率、磁盘I/O、网络速度
202213010020056027 [info] 获取系统运行时间
202213010020056027 [info] 获取内存使用量
202213010020056027 [info] 更新CPU使用率、磁盘I/O、网络速度
202213010020056028 [info] 获取系统运行时间
202213010020056028 [info] 获取内存使用量
202213010020056028 [info] 更新CPU使用率、磁盘I/O、网络速度
202213010020056029 [info] 获取系统运行时间
202213010020056029 [info] 获取内存使用量
202213010020056029 [info] 更新CPU使用率、磁盘I/O、网络速度
