2022.3.8 21:5:49 [info] 初始化设备
2022.3.8 21:5:52 [info] 初始化CPU基本信息
2022.3.8 21:5:58 [info] 获取CPU详细信息
2022.3.8 21:5:58 [info] 获取CPU描述
2022.3.8 21:5:59 [info] 获取CPU架构
2022.3.8 21:5:59 [info] 获取CPU使用率
2022.3.8 21:5:59 [info] 更新CPU使用率、磁盘I/O、网络速度
2022.3.8 21:6:0 [info] 初始化磁盘基本信息
2022.3.8 21:6:0 [info] 获取磁盘数量
2022.3.8 21:6:0 [info] 获取磁盘总容量、剩余容量、使用率
2022.3.8 21:6:0 [info] 获取磁盘I/O
2022.3.8 21:6:0 [info] 更新CPU使用率、磁盘I/O、网络速度
2022.3.8 21:6:1 [info] 初始化GPU基本信息
2022.3.8 21:6:1 [info] 获取GPU数量
2022.3.8 21:6:1 [info] 获取GPU信息、GPU内存
2022.3.8 21:6:1 [info] 初始化内存信息
2022.3.8 21:6:1 [info] 获取内存大小
2022.3.8 21:6:1 [info] 获取内存使用量
2022.3.8 21:6:7 [info] 初始化网络信息
2022.3.8 21:6:7 [info] 获取网卡数量
2022.3.8 21:6:7 [info] 获取网卡详细信息
2022.3.8 21:6:7 [info] 获取网络速度
2022.3.8 21:6:7 [info] 更新CPU使用率、磁盘I/O、网络速度
2022.3.8 21:6:8 [info] 获取计算机名称
2022.3.8 21:6:8 [info] 获取Windows版本
2022.3.8 21:6:8 [info] 获取系统运行时间
2022.3.8 21:6:20 [info] 初始化设备
2022.3.8 21:6:20 [info] 初始化CPU基本信息
2022.3.8 21:6:20 [info] 获取CPU详细信息
2022.3.8 21:6:20 [info] 获取CPU描述
2022.3.8 21:6:20 [info] 获取CPU架构
2022.3.8 21:6:20 [info] 获取CPU使用率
2022.3.8 21:6:20 [info] 更新CPU使用率、磁盘I/O、网络速度
2022.3.8 21:6:21 [info] 初始化磁盘基本信息
2022.3.8 21:6:21 [info] 获取磁盘数量
2022.3.8 21:6:21 [info] 获取磁盘总容量、剩余容量、使用率
2022.3.8 21:6:21 [info] 获取磁盘I/O
2022.3.8 21:6:21 [info] 更新CPU使用率、磁盘I/O、网络速度
2022.3.8 21:6:23 [info] 初始化GPU基本信息
2022.3.8 21:6:23 [info] 获取GPU数量
2022.3.8 21:6:23 [info] 获取GPU信息、GPU内存
2022.3.8 21:6:23 [info] 初始化内存信息
2022.3.8 21:6:23 [info] 获取内存大小
2022.3.8 21:6:23 [info] 获取内存使用量
2022.3.8 21:6:23 [info] 初始化网络信息
2022.3.8 21:6:23 [info] 获取网卡数量
2022.3.8 21:6:23 [info] 获取网卡详细信息
2022.3.8 21:6:23 [info] 获取网络速度
2022.3.8 21:6:23 [info] 更新CPU使用率、磁盘I/O、网络速度
2022.3.8 21:6:24 [info] 获取计算机名称
2022.3.8 21:6:24 [info] 获取Windows版本
2022.3.8 21:6:24 [info] 获取系统运行时间
2022.3.8 21:27:39 [info] 初始化设备
2022.3.8 21:27:39 [info] 初始化CPU基本信息
2022.3.8 21:27:39 [info] 获取CPU详细信息
2022.3.8 21:27:39 [info] 获取CPU描述
2022.3.8 21:27:39 [info] 获取CPU架构
2022.3.8 21:27:39 [info] 获取CPU使用率
2022.3.8 21:27:39 [info] 更新CPU使用率、磁盘I/O、网络速度
2022.3.8 21:27:40 [info] 初始化磁盘基本信息
2022.3.8 21:27:40 [info] 获取磁盘数量
2022.3.8 21:27:41 [info] 获取磁盘总容量、剩余容量、使用率
2022.3.8 21:27:41 [info] 获取磁盘I/O
2022.3.8 21:27:41 [info] 更新CPU使用率、磁盘I/O、网络速度
2022.3.8 21:27:42 [info] 初始化GPU基本信息
2022.3.8 21:27:42 [info] 获取GPU数量
2022.3.8 21:27:42 [info] 获取GPU信息、GPU内存
2022.3.8 21:27:42 [info] 初始化内存信息
2022.3.8 21:27:42 [info] 获取内存大小
2022.3.8 21:27:42 [info] 获取内存使用量
2022.3.8 21:27:42 [info] 初始化网络信息
2022.3.8 21:27:42 [info] 获取网卡数量
2022.3.8 21:27:42 [info] 获取网卡详细信息
2022.3.8 21:27:42 [info] 获取网络速度
2022.3.8 21:27:42 [info] 更新CPU使用率、磁盘I/O、网络速度
2022.3.8 21:27:43 [info] 获取计算机名称
2022.3.8 21:27:43 [info] 获取Windows版本
2022.3.8 21:27:43 [info] 获取系统运行时间
2022.3.8 21:31:1 [info] 初始化设备
2022.3.8 21:31:1 [info] 初始化CPU基本信息
2022.3.8 21:31:1 [info] 获取CPU详细信息
2022.3.8 21:31:1 [info] 获取CPU描述
2022.3.8 21:31:2 [info] 获取CPU架构
2022.3.8 21:31:2 [info] 获取CPU使用率
2022.3.8 21:31:2 [info] 更新CPU使用率、磁盘I/O、网络速度
2022.3.8 21:31:3 [info] 初始化磁盘基本信息
2022.3.8 21:31:3 [info] 获取磁盘数量
2022.3.8 21:31:3 [info] 获取磁盘总容量、剩余容量、使用率
2022.3.8 21:31:3 [info] 获取磁盘I/O
2022.3.8 21:31:3 [info] 更新CPU使用率、磁盘I/O、网络速度
2022.3.8 21:31:4 [info] 初始化GPU基本信息
2022.3.8 21:31:4 [info] 获取GPU数量
2022.3.8 21:31:4 [info] 获取GPU信息、GPU内存
2022.3.8 21:31:4 [info] 初始化内存信息
2022.3.8 21:31:4 [info] 获取内存大小
2022.3.8 21:31:4 [info] 获取内存使用量
2022.3.8 21:31:4 [info] 初始化网络信息
2022.3.8 21:31:4 [info] 获取网卡数量
2022.3.8 21:31:4 [info] 获取网卡详细信息
2022.3.8 21:31:4 [info] 获取网络速度
2022.3.8 21:31:4 [info] 更新CPU使用率、磁盘I/O、网络速度
2022.3.8 21:31:5 [info] 获取计算机名称
2022.3.8 21:31:5 [info] 获取Windows版本
2022.3.8 21:31:5 [info] 获取系统运行时间
2022.3.8 21:31:45 [info] 初始化设备
2022.3.8 21:31:45 [info] 初始化CPU基本信息
2022.3.8 21:31:45 [info] 获取CPU详细信息
2022.3.8 21:31:45 [info] 获取CPU描述
2022.3.8 21:31:45 [info] 获取CPU架构
2022.3.8 21:31:45 [info] 获取CPU使用率
2022.3.8 21:31:45 [info] 更新CPU使用率、磁盘I/O、网络速度
2022.3.8 21:31:46 [info] 初始化磁盘基本信息
2022.3.8 21:31:46 [info] 获取磁盘数量
2022.3.8 21:31:46 [info] 获取磁盘总容量、剩余容量、使用率
2022.3.8 21:31:46 [info] 获取磁盘I/O
2022.3.8 21:31:46 [info] 更新CPU使用率、磁盘I/O、网络速度
2022.3.8 21:31:47 [info] 初始化GPU基本信息
2022.3.8 21:31:47 [info] 获取GPU数量
2022.3.8 21:31:47 [info] 获取GPU信息、GPU内存
2022.3.8 21:31:47 [info] 初始化内存信息
2022.3.8 21:31:47 [info] 获取内存大小
2022.3.8 21:31:47 [info] 获取内存使用量
2022.3.8 21:31:47 [info] 初始化网络信息
2022.3.8 21:31:47 [info] 获取网卡数量
2022.3.8 21:31:47 [info] 获取网卡详细信息
2022.3.8 21:31:47 [info] 获取网络速度
2022.3.8 21:31:47 [info] 更新CPU使用率、磁盘I/O、网络速度
2022.3.8 21:31:48 [info] 获取计算机名称
2022.3.8 21:31:48 [info] 获取Windows版本
2022.3.8 21:31:48 [info] 获取系统运行时间
2022.3.8 21:59:44 [info] 初始化设备
2022.3.8 21:59:44 [info] 初始化CPU基本信息
2022.3.8 21:59:44 [info] 获取CPU详细信息
2022.3.8 21:59:44 [info] 获取CPU描述
2022.3.8 21:59:44 [info] 获取CPU架构
2022.3.8 21:59:44 [info] 获取CPU使用率
2022.3.8 21:59:44 [info] 更新CPU使用率、磁盘I/O、网络速度
2022.3.8 21:59:45 [info] 初始化磁盘基本信息
2022.3.8 21:59:45 [info] 获取磁盘数量
2022.3.8 21:59:45 [info] 获取磁盘总容量、剩余容量、使用率
2022.3.8 21:59:45 [info] 获取磁盘I/O
2022.3.8 21:59:45 [info] 更新CPU使用率、磁盘I/O、网络速度
2022.3.8 21:59:46 [info] 初始化GPU基本信息
2022.3.8 21:59:46 [info] 获取GPU数量
2022.3.8 21:59:46 [info] 获取GPU信息、GPU内存
2022.3.8 21:59:46 [info] 初始化内存信息
2022.3.8 21:59:46 [info] 获取内存大小
2022.3.8 21:59:46 [info] 获取内存使用量
2022.3.8 21:59:46 [info] 初始化网络信息
2022.3.8 21:59:46 [info] 获取网卡数量
2022.3.8 21:59:46 [info] 获取网卡详细信息
2022.3.8 21:59:46 [info] 获取网络速度
2022.3.8 21:59:46 [info] 更新CPU使用率、磁盘I/O、网络速度
2022.3.8 21:59:47 [info] 获取计算机名称
2022.3.8 21:59:47 [info] 获取Windows版本
2022.3.8 21:59:47 [info] 获取系统运行时间
2022.3.8 22:12:32 [info] 初始化设备
2022.3.8 22:12:32 [info] 初始化CPU基本信息
2022.3.8 22:12:32 [info] 获取CPU详细信息
2022.3.8 22:12:32 [info] 获取CPU描述
2022.3.8 22:12:32 [info] 获取CPU架构
2022.3.8 22:12:32 [info] 获取CPU使用率
2022.3.8 22:12:32 [info] 更新CPU使用率、磁盘I/O、网络速度
2022.3.8 22:12:33 [info] 初始化磁盘基本信息
2022.3.8 22:12:33 [info] 获取磁盘数量
2022.3.8 22:12:33 [info] 获取磁盘总容量、剩余容量、使用率
2022.3.8 22:12:33 [info] 获取磁盘I/O
2022.3.8 22:12:33 [info] 更新CPU使用率、磁盘I/O、网络速度
2022.3.8 22:12:34 [info] 初始化GPU基本信息
2022.3.8 22:12:34 [info] 获取GPU数量
2022.3.8 22:12:34 [info] 获取GPU信息、GPU内存
2022.3.8 22:12:34 [info] 初始化内存信息
2022.3.8 22:12:34 [info] 获取内存大小
2022.3.8 22:12:34 [info] 获取内存使用量
2022.3.8 22:12:34 [info] 初始化网络信息
2022.3.8 22:12:34 [info] 获取网卡数量
2022.3.8 22:12:34 [info] 获取网卡详细信息
2022.3.8 22:12:34 [info] 获取网络速度
2022.3.8 22:12:34 [info] 更新CPU使用率、磁盘I/O、网络速度
2022.3.8 22:12:35 [info] 获取计算机名称
2022.3.8 22:12:35 [info] 获取Windows版本
2022.3.8 22:12:35 [info] 获取系统运行时间
2022.3.8 22:13:3 [info] 初始化设备
2022.3.8 22:13:3 [info] 初始化CPU基本信息
2022.3.8 22:13:3 [info] 获取CPU详细信息
2022.3.8 22:13:3 [info] 获取CPU描述
2022.3.8 22:13:3 [info] 获取CPU架构
2022.3.8 22:13:3 [info] 获取CPU使用率
2022.3.8 22:13:3 [info] 更新CPU使用率、磁盘I/O、网络速度
2022.3.8 22:13:5 [info] 初始化磁盘基本信息
2022.3.8 22:13:5 [info] 获取磁盘数量
2022.3.8 22:13:5 [info] 获取磁盘总容量、剩余容量、使用率
2022.3.8 22:13:5 [info] 获取磁盘I/O
2022.3.8 22:13:5 [info] 更新CPU使用率、磁盘I/O、网络速度
2022.3.8 22:13:6 [info] 初始化GPU基本信息
2022.3.8 22:13:6 [info] 获取GPU数量
2022.3.8 22:13:6 [info] 获取GPU信息、GPU内存
2022.3.8 22:13:6 [info] 初始化内存信息
2022.3.8 22:13:6 [info] 获取内存大小
2022.3.8 22:13:6 [info] 获取内存使用量
2022.3.8 22:13:6 [info] 初始化网络信息
2022.3.8 22:13:6 [info] 获取网卡数量
2022.3.8 22:13:6 [info] 获取网卡详细信息
2022.3.8 22:13:6 [info] 获取网络速度
2022.3.8 22:13:6 [info] 更新CPU使用率、磁盘I/O、网络速度
2022.3.8 22:13:7 [info] 获取计算机名称
2022.3.8 22:13:7 [info] 获取Windows版本
2022.3.8 22:13:7 [info] 获取系统运行时间
2022.3.8 22:34:12 [info] 初始化设备
2022.3.8 22:34:12 [info] 初始化CPU基本信息
2022.3.8 22:34:12 [info] 获取CPU详细信息
2022.3.8 22:34:12 [info] 获取CPU描述
2022.3.8 22:34:12 [info] 获取CPU架构
2022.3.8 22:34:12 [info] 获取CPU使用率
2022.3.8 22:34:12 [info] 更新CPU使用率、磁盘I/O、网络速度
2022.3.8 22:34:13 [info] 初始化磁盘基本信息
2022.3.8 22:34:13 [info] 获取磁盘数量
2022.3.8 22:34:13 [info] 获取磁盘总容量、剩余容量、使用率
2022.3.8 22:34:13 [info] 获取磁盘I/O
2022.3.8 22:34:13 [info] 更新CPU使用率、磁盘I/O、网络速度
2022.3.8 22:34:14 [info] 初始化GPU基本信息
2022.3.8 22:34:14 [info] 获取GPU数量
2022.3.8 22:34:14 [info] 获取GPU信息、GPU内存
2022.3.8 22:34:14 [info] 初始化内存信息
2022.3.8 22:34:14 [info] 获取内存大小
2022.3.8 22:34:14 [info] 获取内存使用量
2022.3.8 22:34:14 [info] 初始化网络信息
2022.3.8 22:34:14 [info] 获取网卡数量
2022.3.8 22:34:14 [info] 获取网卡详细信息
2022.3.8 22:34:14 [info] 获取网络速度
2022.3.8 22:34:14 [info] 更新CPU使用率、磁盘I/O、网络速度
2022.3.8 22:34:15 [info] 获取计算机名称
2022.3.8 22:34:15 [info] 获取Windows版本
2022.3.8 22:34:15 [info] 获取系统运行时间
