20221319014046044 [info] 初始化设备
20221319014046044 [info] 初始化CPU基本信息
20221319014046044 [info] 获取CPU详细信息
20221319014046044 [info] 获取CPU描述
20221319014046044 [info] 获取CPU架构
20221319014046044 [info] 获取CPU使用率
20221319014046044 [info] 更新CPU使用率、磁盘I/O、网络速度
20221319014046046 [info] 初始化磁盘基本信息
20221319014046046 [info] 获取磁盘数量
20221319014046046 [info] 获取磁盘总容量、剩余容量、使用率
20221319014046046 [info] 获取磁盘I/O
20221319014046046 [info] 更新CPU使用率、磁盘I/O、网络速度
20221319014058035 [info] 初始化设备
20221319014058035 [info] 初始化CPU基本信息
20221319014058035 [info] 获取CPU详细信息
20221319014058035 [info] 获取CPU描述
20221319014058035 [info] 获取CPU架构
20221319014058035 [info] 获取CPU使用率
20221319014058035 [info] 更新CPU使用率、磁盘I/O、网络速度
20221319014058037 [info] 初始化磁盘基本信息
20221319014058037 [info] 获取磁盘数量
20221319014058037 [info] 获取磁盘总容量、剩余容量、使用率
20221319014058037 [info] 获取磁盘I/O
20221319014058037 [info] 更新CPU使用率、磁盘I/O、网络速度
20221319015025039 [info] 初始化设备
20221319015025039 [info] 初始化CPU基本信息
20221319015025039 [info] 获取CPU详细信息
20221319015025039 [info] 获取CPU描述
20221319015025039 [info] 获取CPU架构
20221319015025039 [info] 获取CPU使用率
20221319015025039 [info] 更新CPU使用率、磁盘I/O、网络速度
20221319015025040 [info] 初始化磁盘基本信息
20221319015025040 [info] 获取磁盘数量
20221319015025040 [info] 获取磁盘总容量、剩余容量、使用率
20221319015025040 [info] 获取磁盘I/O
20221319015025040 [info] 更新CPU使用率、磁盘I/O、网络速度
20221319015025041 [info] 初始化GPU基本信息
20221319015025041 [info] 获取GPU数量
20221319015025041 [info] 获取GPU信息、GPU内存
20221319015025041 [info] 初始化内存信息
20221319015025041 [info] 获取内存大小
20221319015025041 [info] 获取内存使用量
20221319015025041 [info] 初始化网络信息
20221319015025041 [info] 获取网卡数量
20221319015025041 [info] 获取网卡详细信息
20221319015025041 [info] 获取网络速度
20221319015025041 [info] 更新CPU使用率、磁盘I/O、网络速度
20221319015025042 [info] 获取计算机名称
20221319015025042 [info] 获取Windows版本
20221319015025042 [info] 获取系统运行时间
2022131901502712 [info] 初始化设备
2022131901502712 [info] 初始化CPU基本信息
2022131901502712 [info] 获取CPU详细信息
2022131901502712 [info] 获取CPU描述
2022131901502712 [info] 获取CPU架构
2022131901502712 [info] 获取CPU使用率
2022131901502712 [info] 更新CPU使用率、磁盘I/O、网络速度
2022131901502713 [info] 初始化磁盘基本信息
2022131901502713 [info] 获取磁盘数量
2022131901502713 [info] 获取磁盘总容量、剩余容量、使用率
2022131901502713 [info] 获取磁盘I/O
2022131901502713 [info] 更新CPU使用率、磁盘I/O、网络速度
2022131901502714 [info] 初始化GPU基本信息
2022131901502714 [info] 获取GPU数量
2022131901502714 [info] 获取GPU信息、GPU内存
2022131901502714 [info] 初始化内存信息
2022131901502714 [info] 获取内存大小
2022131901502714 [info] 获取内存使用量
2022131901502714 [info] 初始化网络信息
2022131901502714 [info] 获取网卡数量
2022131901502714 [info] 获取网卡详细信息
2022131901502714 [info] 获取网络速度
2022131901502714 [info] 更新CPU使用率、磁盘I/O、网络速度
2022131901502715 [info] 获取计算机名称
2022131901502715 [info] 获取Windows版本
2022131901502715 [info] 获取系统运行时间
20221319015027054 [info] 初始化设备
20221319015027054 [info] 初始化CPU基本信息
20221319015027054 [info] 获取CPU详细信息
20221319015027054 [info] 获取CPU描述
20221319015028047 [info] 初始化设备
20221319015028047 [info] 初始化CPU基本信息
20221319015028047 [info] 获取CPU详细信息
20221319015028047 [info] 获取CPU描述
20221319015029018 [info] 获取CPU架构
20221319015029018 [info] 获取CPU使用率
20221319015029018 [info] 更新CPU使用率、磁盘I/O、网络速度
20221319015029019 [info] 初始化磁盘基本信息
20221319015029019 [info] 获取磁盘数量
20221319015029019 [info] 获取磁盘总容量、剩余容量、使用率
20221319015029019 [info] 获取磁盘I/O
20221319015029019 [info] 更新CPU使用率、磁盘I/O、网络速度
20221319015029020 [info] 初始化GPU基本信息
20221319015029020 [info] 获取GPU数量
20221319015029020 [info] 获取GPU信息、GPU内存
20221319015029020 [info] 初始化内存信息
20221319015029020 [info] 获取内存大小
20221319015029020 [info] 获取内存使用量
20221319015029020 [info] 初始化网络信息
20221319015029020 [info] 获取网卡数量
20221319015029020 [info] 获取网卡详细信息
20221319015029020 [info] 获取网络速度
20221319015029020 [info] 更新CPU使用率、磁盘I/O、网络速度
20221319015029021 [info] 获取计算机名称
20221319015029021 [info] 获取Windows版本
20221319015029021 [info] 获取系统运行时间
20221319015029035 [info] 初始化设备
20221319015029035 [info] 初始化CPU基本信息
20221319015029035 [info] 获取CPU详细信息
20221319015029035 [info] 获取CPU描述
2022131901503015 [info] 初始化设备
2022131901503015 [info] 初始化CPU基本信息
2022131901503015 [info] 获取CPU详细信息
2022131901503015 [info] 获取CPU描述
20221319015030045 [info] 初始化设备
20221319015030045 [info] 初始化CPU基本信息
20221319015030045 [info] 获取CPU详细信息
20221319015030045 [info] 获取CPU描述
20221319015030045 [info] 获取CPU架构
20221319015030045 [info] 获取CPU使用率
20221319015030045 [info] 更新CPU使用率、磁盘I/O、网络速度
20221319015030046 [info] 初始化磁盘基本信息
20221319015030046 [info] 获取磁盘数量
20221319015030046 [info] 获取磁盘总容量、剩余容量、使用率
20221319015030046 [info] 获取磁盘I/O
20221319015030046 [info] 更新CPU使用率、磁盘I/O、网络速度
20221319015030047 [info] 初始化GPU基本信息
20221319015030047 [info] 获取GPU数量
20221319015030047 [info] 获取GPU信息、GPU内存
20221319015030047 [info] 初始化内存信息
20221319015030047 [info] 获取内存大小
20221319015030047 [info] 获取内存使用量
20221319015030047 [info] 初始化网络信息
20221319015030047 [info] 获取网卡数量
20221319015030047 [info] 获取网卡详细信息
20221319015030047 [info] 获取网络速度
20221319015030047 [info] 更新CPU使用率、磁盘I/O、网络速度
20221319015030048 [info] 获取计算机名称
20221319015030048 [info] 获取Windows版本
20221319015030048 [info] 获取系统运行时间
20221319015031023 [info] 初始化设备
20221319015031023 [info] 初始化CPU基本信息
20221319015031023 [info] 获取CPU详细信息
20221319015031023 [info] 获取CPU描述
20221319015031023 [info] 获取CPU架构
20221319015031023 [info] 获取CPU使用率
20221319015031023 [info] 更新CPU使用率、磁盘I/O、网络速度
20221319015031025 [info] 初始化磁盘基本信息
20221319015031025 [info] 获取磁盘数量
20221319015031025 [info] 获取磁盘总容量、剩余容量、使用率
20221319015031025 [info] 获取磁盘I/O
20221319015031025 [info] 更新CPU使用率、磁盘I/O、网络速度
20221319015031026 [info] 初始化GPU基本信息
20221319015031026 [info] 获取GPU数量
20221319015031026 [info] 获取GPU信息、GPU内存
20221319015031026 [info] 初始化内存信息
20221319015031026 [info] 获取内存大小
20221319015031026 [info] 获取内存使用量
20221319015031026 [info] 初始化网络信息
20221319015031026 [info] 获取网卡数量
20221319015031026 [info] 获取网卡详细信息
20221319015031026 [info] 获取网络速度
20221319015031026 [info] 更新CPU使用率、磁盘I/O、网络速度
20221319015031027 [info] 获取计算机名称
20221319015031027 [info] 获取Windows版本
20221319015031027 [info] 获取系统运行时间
20221319015032048 [info] 初始化设备
20221319015032048 [info] 初始化CPU基本信息
20221319015032048 [info] 获取CPU详细信息
20221319015032048 [info] 获取CPU描述
20221319015032048 [info] 获取CPU架构
20221319015032048 [info] 获取CPU使用率
20221319015032048 [info] 更新CPU使用率、磁盘I/O、网络速度
20221319015032049 [info] 初始化磁盘基本信息
20221319015032049 [info] 获取磁盘数量
20221319015032049 [info] 获取磁盘总容量、剩余容量、使用率
20221319015032049 [info] 获取磁盘I/O
20221319015032049 [info] 更新CPU使用率、磁盘I/O、网络速度
20221319015032050 [info] 初始化GPU基本信息
20221319015032051 [info] 获取GPU数量
20221319015032051 [info] 获取GPU信息、GPU内存
20221319015032051 [info] 初始化内存信息
20221319015032051 [info] 获取内存大小
20221319015032051 [info] 获取内存使用量
20221319015032051 [info] 初始化网络信息
20221319015032051 [info] 获取网卡数量
20221319015032051 [info] 获取网卡详细信息
20221319015032051 [info] 获取网络速度
20221319015032051 [info] 更新CPU使用率、磁盘I/O、网络速度
20221319015032052 [info] 获取计算机名称
20221319015032052 [info] 获取Windows版本
20221319015032052 [info] 获取系统运行时间
2022131901503313 [info] 初始化设备
2022131901503313 [info] 初始化CPU基本信息
2022131901503313 [info] 获取CPU详细信息
2022131901503313 [info] 获取CPU描述
2022131901503314 [info] 获取CPU架构
2022131901503314 [info] 获取CPU使用率
2022131901503314 [info] 更新CPU使用率、磁盘I/O、网络速度
2022131901503315 [info] 初始化磁盘基本信息
2022131901503315 [info] 获取磁盘数量
2022131901503315 [info] 获取磁盘总容量、剩余容量、使用率
2022131901503315 [info] 获取磁盘I/O
2022131901503315 [info] 更新CPU使用率、磁盘I/O、网络速度
2022131901503316 [info] 初始化GPU基本信息
2022131901503316 [info] 获取GPU数量
2022131901503316 [info] 获取GPU信息、GPU内存
2022131901503316 [info] 初始化内存信息
2022131901503316 [info] 获取内存大小
2022131901503316 [info] 获取内存使用量
2022131901503316 [info] 初始化网络信息
2022131901503316 [info] 获取网卡数量
2022131901503316 [info] 获取网卡详细信息
2022131901503316 [info] 获取网络速度
2022131901503316 [info] 更新CPU使用率、磁盘I/O、网络速度
2022131901503317 [info] 获取计算机名称
2022131901503317 [info] 获取Windows版本
2022131901503317 [info] 获取系统运行时间
20221319015033022 [info] 初始化设备
20221319015033022 [info] 初始化CPU基本信息
20221319015033022 [info] 获取CPU详细信息
20221319015033022 [info] 获取CPU描述
20221319015033022 [info] 获取CPU架构
20221319015033022 [info] 获取CPU使用率
20221319015033022 [info] 更新CPU使用率、磁盘I/O、网络速度
20221319015033024 [info] 初始化磁盘基本信息
20221319015033024 [info] 获取磁盘数量
20221319015033024 [info] 获取磁盘总容量、剩余容量、使用率
20221319015033024 [info] 获取磁盘I/O
20221319015033024 [info] 更新CPU使用率、磁盘I/O、网络速度
20221319015033025 [info] 初始化GPU基本信息
20221319015033025 [info] 获取GPU数量
20221319015033025 [info] 获取GPU信息、GPU内存
20221319015033025 [info] 初始化内存信息
20221319015033025 [info] 获取内存大小
20221319015033025 [info] 获取内存使用量
20221319015033025 [info] 初始化网络信息
20221319015033025 [info] 获取网卡数量
20221319015033025 [info] 获取网卡详细信息
20221319015033025 [info] 获取网络速度
20221319015033025 [info] 更新CPU使用率、磁盘I/O、网络速度
20221319015033026 [info] 获取计算机名称
20221319015033026 [info] 获取Windows版本
20221319015033026 [info] 获取系统运行时间
20221319015034021 [info] 初始化设备
20221319015034021 [info] 初始化CPU基本信息
20221319015034021 [info] 获取CPU详细信息
20221319015034021 [info] 获取CPU描述
20221319015034021 [info] 获取CPU架构
20221319015034021 [info] 获取CPU使用率
20221319015034021 [info] 更新CPU使用率、磁盘I/O、网络速度
20221319015034023 [info] 初始化磁盘基本信息
20221319015034023 [info] 获取磁盘数量
20221319015034023 [info] 获取磁盘总容量、剩余容量、使用率
20221319015034023 [info] 获取磁盘I/O
20221319015034023 [info] 更新CPU使用率、磁盘I/O、网络速度
20221319015034024 [info] 初始化GPU基本信息
20221319015034024 [info] 获取GPU数量
20221319015034024 [info] 获取GPU信息、GPU内存
20221319015034024 [info] 初始化内存信息
20221319015034024 [info] 获取内存大小
20221319015034024 [info] 获取内存使用量
20221319015034024 [info] 初始化网络信息
20221319015034024 [info] 获取网卡数量
20221319015034024 [info] 获取网卡详细信息
20221319015034024 [info] 获取网络速度
20221319015034024 [info] 更新CPU使用率、磁盘I/O、网络速度
20221319015034025 [info] 获取计算机名称
20221319015034025 [info] 获取Windows版本
20221319015034025 [info] 获取系统运行时间
20221319015034040 [info] 初始化设备
20221319015034040 [info] 初始化CPU基本信息
20221319015034040 [info] 获取CPU详细信息
20221319015034040 [info] 获取CPU描述
20221319015034040 [info] 获取CPU架构
20221319015034040 [info] 获取CPU使用率
20221319015034040 [info] 更新CPU使用率、磁盘I/O、网络速度
20221319015034041 [info] 初始化磁盘基本信息
20221319015034041 [info] 获取磁盘数量
20221319015034041 [info] 获取磁盘总容量、剩余容量、使用率
20221319015034041 [info] 获取磁盘I/O
20221319015034041 [info] 更新CPU使用率、磁盘I/O、网络速度
20221319015034042 [info] 初始化GPU基本信息
20221319015034042 [info] 获取GPU数量
20221319015034042 [info] 获取GPU信息、GPU内存
20221319015034042 [info] 初始化内存信息
20221319015034042 [info] 获取内存大小
20221319015034042 [info] 获取内存使用量
20221319015034042 [info] 初始化网络信息
20221319015034042 [info] 获取网卡数量
20221319015034042 [info] 获取网卡详细信息
20221319015034042 [info] 获取网络速度
20221319015034042 [info] 更新CPU使用率、磁盘I/O、网络速度
20221319015034043 [info] 获取计算机名称
20221319015034043 [info] 获取Windows版本
20221319015034043 [info] 获取系统运行时间
20221319015035030 [info] 初始化设备
20221319015035030 [info] 初始化CPU基本信息
20221319015035030 [info] 获取CPU详细信息
20221319015035030 [info] 获取CPU描述
20221319015035030 [info] 获取CPU架构
20221319015035030 [info] 获取CPU使用率
20221319015035030 [info] 更新CPU使用率、磁盘I/O、网络速度
20221319015035031 [info] 初始化磁盘基本信息
20221319015035031 [info] 获取磁盘数量
20221319015035031 [info] 获取磁盘总容量、剩余容量、使用率
20221319015035031 [info] 获取磁盘I/O
20221319015035031 [info] 更新CPU使用率、磁盘I/O、网络速度
20221319015035032 [info] 初始化GPU基本信息
20221319015035032 [info] 获取GPU数量
20221319015035032 [info] 获取GPU信息、GPU内存
20221319015035032 [info] 初始化内存信息
20221319015035032 [info] 获取内存大小
20221319015035032 [info] 获取内存使用量
20221319015035032 [info] 初始化网络信息
20221319015035032 [info] 获取网卡数量
20221319015035032 [info] 获取网卡详细信息
20221319015035032 [info] 获取网络速度
20221319015035032 [info] 更新CPU使用率、磁盘I/O、网络速度
20221319015035033 [info] 获取计算机名称
20221319015035033 [info] 获取Windows版本
20221319015035033 [info] 获取系统运行时间
20221319015035044 [info] 初始化设备
20221319015035044 [info] 初始化CPU基本信息
20221319015035044 [info] 获取CPU详细信息
20221319015035044 [info] 获取CPU描述
20221319015035044 [info] 获取CPU架构
20221319015035044 [info] 获取CPU使用率
20221319015035044 [info] 更新CPU使用率、磁盘I/O、网络速度
20221319015035045 [info] 初始化磁盘基本信息
20221319015035045 [info] 获取磁盘数量
20221319015035045 [info] 获取磁盘总容量、剩余容量、使用率
20221319015035045 [info] 获取磁盘I/O
20221319015035045 [info] 更新CPU使用率、磁盘I/O、网络速度
20221319015035046 [info] 初始化GPU基本信息
20221319015035046 [info] 获取GPU数量
20221319015035046 [info] 获取GPU信息、GPU内存
20221319015035046 [info] 初始化内存信息
20221319015035046 [info] 获取内存大小
20221319015035046 [info] 获取内存使用量
20221319015035046 [info] 初始化网络信息
20221319015035046 [info] 获取网卡数量
20221319015035046 [info] 获取网卡详细信息
20221319015035046 [info] 获取网络速度
20221319015035046 [info] 更新CPU使用率、磁盘I/O、网络速度
20221319015035047 [info] 获取计算机名称
20221319015035047 [info] 获取Windows版本
20221319015035047 [info] 获取系统运行时间
20221319015036026 [info] 初始化设备
20221319015036026 [info] 初始化CPU基本信息
20221319015036026 [info] 获取CPU详细信息
20221319015036026 [info] 获取CPU描述
20221319015036026 [info] 获取CPU架构
20221319015036026 [info] 获取CPU使用率
20221319015036026 [info] 更新CPU使用率、磁盘I/O、网络速度
20221319015036028 [info] 初始化磁盘基本信息
20221319015036028 [info] 获取磁盘数量
20221319015036028 [info] 获取磁盘总容量、剩余容量、使用率
20221319015036028 [info] 获取磁盘I/O
20221319015036028 [info] 更新CPU使用率、磁盘I/O、网络速度
20221319015036029 [info] 初始化GPU基本信息
20221319015036029 [info] 获取GPU数量
20221319015036029 [info] 获取GPU信息、GPU内存
20221319015036029 [info] 初始化内存信息
20221319015036029 [info] 获取内存大小
20221319015036029 [info] 获取内存使用量
20221319015036029 [info] 初始化网络信息
20221319015036029 [info] 获取网卡数量
20221319015036029 [info] 获取网卡详细信息
20221319015036029 [info] 获取网络速度
20221319015036029 [info] 更新CPU使用率、磁盘I/O、网络速度
20221319015036030 [info] 获取计算机名称
20221319015036030 [info] 获取Windows版本
20221319015036030 [info] 获取系统运行时间
20221319015037029 [info] 初始化设备
20221319015037029 [info] 初始化CPU基本信息
20221319015037029 [info] 获取CPU详细信息
20221319015037029 [info] 获取CPU描述
20221319015037029 [info] 获取CPU架构
20221319015037029 [info] 获取CPU使用率
20221319015037029 [info] 更新CPU使用率、磁盘I/O、网络速度
20221319015037030 [info] 初始化磁盘基本信息
20221319015037030 [info] 获取磁盘数量
20221319015037030 [info] 获取磁盘总容量、剩余容量、使用率
20221319015037030 [info] 获取磁盘I/O
20221319015037030 [info] 更新CPU使用率、磁盘I/O、网络速度
20221319015037031 [info] 初始化GPU基本信息
20221319015037031 [info] 获取GPU数量
20221319015037031 [info] 获取GPU信息、GPU内存
20221319015037031 [info] 初始化内存信息
20221319015037031 [info] 获取内存大小
20221319015037031 [info] 获取内存使用量
20221319015037031 [info] 初始化网络信息
20221319015037031 [info] 获取网卡数量
20221319015037031 [info] 获取网卡详细信息
20221319015037031 [info] 获取网络速度
20221319015037031 [info] 更新CPU使用率、磁盘I/O、网络速度
20221319015037032 [info] 获取计算机名称
20221319015037032 [info] 获取Windows版本
20221319015037032 [info] 获取系统运行时间
2022131901503812 [info] 初始化设备
2022131901503812 [info] 初始化CPU基本信息
2022131901503812 [info] 获取CPU详细信息
2022131901503812 [info] 获取CPU描述
2022131901503813 [info] 获取CPU架构
2022131901503813 [info] 获取CPU使用率
2022131901503813 [info] 更新CPU使用率、磁盘I/O、网络速度
2022131901503814 [info] 初始化磁盘基本信息
2022131901503814 [info] 获取磁盘数量
2022131901503814 [info] 获取磁盘总容量、剩余容量、使用率
2022131901503814 [info] 获取磁盘I/O
2022131901503814 [info] 更新CPU使用率、磁盘I/O、网络速度
2022131901503815 [info] 初始化GPU基本信息
2022131901503815 [info] 获取GPU数量
2022131901503815 [info] 获取GPU信息、GPU内存
2022131901503815 [info] 初始化内存信息
2022131901503815 [info] 获取内存大小
2022131901503815 [info] 获取内存使用量
2022131901503815 [info] 初始化网络信息
2022131901503815 [info] 获取网卡数量
2022131901503815 [info] 获取网卡详细信息
2022131901503815 [info] 获取网络速度
2022131901503815 [info] 更新CPU使用率、磁盘I/O、网络速度
2022131901503816 [info] 获取计算机名称
2022131901503816 [info] 获取Windows版本
2022131901503816 [info] 获取系统运行时间
20221319015039018 [info] 初始化设备
20221319015039018 [info] 初始化CPU基本信息
20221319015039018 [info] 获取CPU详细信息
20221319015039018 [info] 获取CPU描述
20221319015039018 [info] 获取CPU架构
20221319015039018 [info] 获取CPU使用率
20221319015039018 [info] 更新CPU使用率、磁盘I/O、网络速度
20221319015039020 [info] 初始化磁盘基本信息
20221319015039020 [info] 获取磁盘数量
20221319015039020 [info] 获取磁盘总容量、剩余容量、使用率
20221319015039020 [info] 获取磁盘I/O
20221319015039020 [info] 更新CPU使用率、磁盘I/O、网络速度
20221319015039021 [info] 初始化GPU基本信息
20221319015039021 [info] 获取GPU数量
20221319015039021 [info] 获取GPU信息、GPU内存
20221319015039021 [info] 初始化内存信息
20221319015039021 [info] 获取内存大小
20221319015039021 [info] 获取内存使用量
20221319015039021 [info] 初始化网络信息
20221319015039021 [info] 获取网卡数量
20221319015039021 [info] 获取网卡详细信息
20221319015039021 [info] 获取网络速度
20221319015039021 [info] 更新CPU使用率、磁盘I/O、网络速度
20221319015039022 [info] 获取计算机名称
20221319015039022 [info] 获取Windows版本
20221319015039022 [info] 获取系统运行时间
20221319015040057 [info] 初始化设备
20221319015040057 [info] 初始化CPU基本信息
20221319015040057 [info] 获取CPU详细信息
20221319015040057 [info] 获取CPU描述
20221319015040057 [info] 获取CPU架构
20221319015040057 [info] 获取CPU使用率
20221319015040057 [info] 更新CPU使用率、磁盘I/O、网络速度
20221319015040058 [info] 初始化磁盘基本信息
20221319015040058 [info] 获取磁盘数量
20221319015040058 [info] 获取磁盘总容量、剩余容量、使用率
20221319015040058 [info] 获取磁盘I/O
20221319015040058 [info] 更新CPU使用率、磁盘I/O、网络速度
20221319015040059 [info] 初始化GPU基本信息
20221319015040059 [info] 获取GPU数量
20221319015040059 [info] 获取GPU信息、GPU内存
20221319015040059 [info] 初始化内存信息
20221319015040059 [info] 获取内存大小
20221319015040059 [info] 获取内存使用量
20221319015040059 [info] 初始化网络信息
20221319015040059 [info] 获取网卡数量
20221319015040059 [info] 获取网卡详细信息
20221319015040059 [info] 获取网络速度
20221319015040059 [info] 更新CPU使用率、磁盘I/O、网络速度
2022131901504110 [info] 获取计算机名称
2022131901504110 [info] 获取Windows版本
2022131901504110 [info] 获取系统运行时间
20221319015042038 [info] 初始化设备
20221319015042038 [info] 初始化CPU基本信息
20221319015042038 [info] 获取CPU详细信息
20221319015042038 [info] 获取CPU描述
20221319015043058 [info] 初始化设备
20221319015043058 [info] 初始化CPU基本信息
20221319015043058 [info] 获取CPU详细信息
20221319015043058 [info] 获取CPU描述
20221319015043058 [info] 获取CPU架构
20221319015043058 [info] 获取CPU使用率
20221319015043058 [info] 更新CPU使用率、磁盘I/O、网络速度
2022131901504410 [info] 初始化磁盘基本信息
2022131901504410 [info] 获取磁盘数量
2022131901504410 [info] 获取磁盘总容量、剩余容量、使用率
2022131901504410 [info] 获取磁盘I/O
2022131901504410 [info] 更新CPU使用率、磁盘I/O、网络速度
2022131901504411 [info] 初始化GPU基本信息
2022131901504411 [info] 获取GPU数量
2022131901504411 [info] 获取GPU信息、GPU内存
2022131901504411 [info] 初始化内存信息
2022131901504411 [info] 获取内存大小
2022131901504411 [info] 获取内存使用量
2022131901504411 [info] 初始化网络信息
2022131901504411 [info] 获取网卡数量
2022131901504411 [info] 获取网卡详细信息
2022131901504411 [info] 获取网络速度
2022131901504411 [info] 更新CPU使用率、磁盘I/O、网络速度
2022131901504412 [info] 获取计算机名称
2022131901504412 [info] 获取Windows版本
2022131901504412 [info] 获取系统运行时间
20221319015045011 [info] 初始化设备
20221319015045011 [info] 初始化CPU基本信息
20221319015045011 [info] 获取CPU详细信息
20221319015045011 [info] 获取CPU描述
20221319015045012 [info] 获取CPU架构
20221319015045012 [info] 获取CPU使用率
20221319015045012 [info] 更新CPU使用率、磁盘I/O、网络速度
20221319015045013 [info] 初始化磁盘基本信息
20221319015045013 [info] 获取磁盘数量
20221319015045013 [info] 获取磁盘总容量、剩余容量、使用率
20221319015045013 [info] 获取磁盘I/O
20221319015045013 [info] 更新CPU使用率、磁盘I/O、网络速度
20221319015045021 [info] 初始化设备
20221319015045021 [info] 初始化CPU基本信息
20221319015045021 [info] 获取CPU详细信息
20221319015045021 [info] 获取CPU描述
20221319015045021 [info] 获取CPU架构
20221319015045021 [info] 获取CPU使用率
20221319015045021 [info] 更新CPU使用率、磁盘I/O、网络速度
20221319015045023 [info] 初始化磁盘基本信息
20221319015045023 [info] 获取磁盘数量
20221319015045023 [info] 获取磁盘总容量、剩余容量、使用率
20221319015045023 [info] 获取磁盘I/O
20221319015045023 [info] 更新CPU使用率、磁盘I/O、网络速度
20221319015045024 [info] 初始化GPU基本信息
20221319015045024 [info] 获取GPU数量
20221319015045024 [info] 获取GPU信息、GPU内存
20221319015045024 [info] 初始化内存信息
20221319015045024 [info] 获取内存大小
20221319015045024 [info] 获取内存使用量
20221319015045024 [info] 初始化网络信息
20221319015045024 [info] 获取网卡数量
20221319015045024 [info] 获取网卡详细信息
20221319015045024 [info] 获取网络速度
20221319015045024 [info] 更新CPU使用率、磁盘I/O、网络速度
20221319015045025 [info] 获取计算机名称
20221319015045025 [info] 获取Windows版本
20221319015045025 [info] 获取系统运行时间
20221319017011031 [info] 初始化设备
20221319017011031 [info] 初始化CPU基本信息
20221319017011031 [info] 获取CPU详细信息
20221319017011031 [info] 获取CPU描述
20221319017011031 [info] 获取CPU架构
20221319017011031 [info] 获取CPU使用率
20221319017011031 [info] 更新CPU使用率、磁盘I/O、网络速度
20221319017011033 [info] 初始化磁盘基本信息
20221319017011033 [info] 获取磁盘数量
20221319017011033 [info] 获取磁盘总容量、剩余容量、使用率
20221319017011033 [info] 获取磁盘I/O
20221319017011033 [info] 更新CPU使用率、磁盘I/O、网络速度
20221319017011034 [info] 初始化GPU基本信息
20221319017011034 [info] 获取GPU数量
20221319017011034 [info] 获取GPU信息、GPU内存
20221319017011034 [info] 初始化内存信息
20221319017011034 [info] 获取内存大小
20221319017011034 [info] 获取内存使用量
20221319017011034 [info] 初始化网络信息
20221319017011034 [info] 获取网卡数量
20221319017011034 [info] 获取网卡详细信息
20221319017011034 [info] 获取网络速度
20221319017011034 [info] 更新CPU使用率、磁盘I/O、网络速度
20221319017011035 [info] 获取计算机名称
20221319017011035 [info] 获取Windows版本
20221319017011035 [info] 获取系统运行时间
20221319017011035 [info] 更新CPU使用率、磁盘I/O、网络速度
20221319017011036 [info] 获取系统运行时间
20221319017011036 [info] 获取内存使用量
20221319017011036 [info] 更新CPU使用率、磁盘I/O、网络速度
20221319017011037 [info] 获取系统运行时间
20221319017011037 [info] 获取内存使用量
20221319017011037 [info] 更新CPU使用率、磁盘I/O、网络速度
20221319017011038 [info] 获取系统运行时间
20221319017011038 [info] 获取内存使用量
20221319017011038 [info] 更新CPU使用率、磁盘I/O、网络速度
20221319017011039 [info] 获取系统运行时间
20221319017011039 [info] 获取内存使用量
20221319017011039 [info] 更新CPU使用率、磁盘I/O、网络速度
20221319017011040 [info] 获取系统运行时间
20221319017011040 [info] 获取内存使用量
20221319017011040 [info] 更新CPU使用率、磁盘I/O、网络速度
20221319017011041 [info] 获取系统运行时间
20221319017011041 [info] 获取内存使用量
20221319017011041 [info] 更新CPU使用率、磁盘I/O、网络速度
20221319017011042 [info] 获取系统运行时间
20221319017011042 [info] 获取内存使用量
20221319017011042 [info] 更新CPU使用率、磁盘I/O、网络速度
20221319017011043 [info] 获取系统运行时间
20221319017011043 [info] 获取内存使用量
20221319017011043 [info] 更新CPU使用率、磁盘I/O、网络速度
20221319017011044 [info] 获取系统运行时间
20221319017011044 [info] 获取内存使用量
20221319017011044 [info] 更新CPU使用率、磁盘I/O、网络速度
20221319017011045 [info] 获取系统运行时间
20221319017011045 [info] 获取内存使用量
20221319017011045 [info] 更新CPU使用率、磁盘I/O、网络速度
20221319017011046 [info] 获取系统运行时间
20221319017011046 [info] 获取内存使用量
20221319017011046 [info] 更新CPU使用率、磁盘I/O、网络速度
20221319017011047 [info] 获取系统运行时间
20221319017011047 [info] 获取内存使用量
20221319017011047 [info] 更新CPU使用率、磁盘I/O、网络速度
20221319017011048 [info] 获取系统运行时间
20221319017011048 [info] 获取内存使用量
20221319017011048 [info] 更新CPU使用率、磁盘I/O、网络速度
20221319017011049 [info] 获取系统运行时间
20221319017011049 [info] 获取内存使用量
20221319017011049 [info] 更新CPU使用率、磁盘I/O、网络速度
20221319017011050 [info] 获取系统运行时间
20221319017011050 [info] 获取内存使用量
20221319017011050 [info] 更新CPU使用率、磁盘I/O、网络速度
20221319017011051 [info] 获取系统运行时间
20221319017011051 [info] 获取内存使用量
20221319017011051 [info] 更新CPU使用率、磁盘I/O、网络速度
20221319017011052 [info] 获取系统运行时间
20221319017011052 [info] 获取内存使用量
20221319017011052 [info] 更新CPU使用率、磁盘I/O、网络速度
20221319017011053 [info] 获取系统运行时间
20221319017011053 [info] 获取内存使用量
20221319017011053 [info] 更新CPU使用率、磁盘I/O、网络速度
20221319017011054 [info] 获取系统运行时间
20221319017011054 [info] 获取内存使用量
20221319017011054 [info] 更新CPU使用率、磁盘I/O、网络速度
20221319017011055 [info] 获取系统运行时间
20221319017011055 [info] 获取内存使用量
20221319017011055 [info] 更新CPU使用率、磁盘I/O、网络速度
20221319017011056 [info] 获取系统运行时间
20221319017011056 [info] 获取内存使用量
20221319017011056 [info] 更新CPU使用率、磁盘I/O、网络速度
20221319017011057 [info] 获取系统运行时间
20221319017011057 [info] 获取内存使用量
20221319017011057 [info] 更新CPU使用率、磁盘I/O、网络速度
20221319017011058 [info] 获取系统运行时间
20221319017011058 [info] 获取内存使用量
20221319017011058 [info] 更新CPU使用率、磁盘I/O、网络速度
20221319017011059 [info] 获取系统运行时间
20221319017011059 [info] 获取内存使用量
20221319017011059 [info] 更新CPU使用率、磁盘I/O、网络速度
2022131901701210 [info] 获取系统运行时间
2022131901701210 [info] 获取内存使用量
2022131901701210 [info] 更新CPU使用率、磁盘I/O、网络速度
2022131901701211 [info] 获取系统运行时间
2022131901701211 [info] 获取内存使用量
2022131901701211 [info] 更新CPU使用率、磁盘I/O、网络速度
2022131901701212 [info] 获取系统运行时间
2022131901701212 [info] 获取内存使用量
2022131901701212 [info] 更新CPU使用率、磁盘I/O、网络速度
2022131901701213 [info] 获取系统运行时间
2022131901701213 [info] 获取内存使用量
2022131901701213 [info] 更新CPU使用率、磁盘I/O、网络速度
2022131901701214 [info] 获取系统运行时间
2022131901701214 [info] 获取内存使用量
2022131901701214 [info] 更新CPU使用率、磁盘I/O、网络速度
2022131901701215 [info] 获取系统运行时间
2022131901701215 [info] 获取内存使用量
2022131901701215 [info] 更新CPU使用率、磁盘I/O、网络速度
2022131901701216 [info] 获取系统运行时间
2022131901701216 [info] 获取内存使用量
2022131901701216 [info] 更新CPU使用率、磁盘I/O、网络速度
2022131901701217 [info] 获取系统运行时间
2022131901701217 [info] 获取内存使用量
2022131901701217 [info] 更新CPU使用率、磁盘I/O、网络速度
2022131901701218 [info] 获取系统运行时间
2022131901701218 [info] 获取内存使用量
2022131901701218 [info] 更新CPU使用率、磁盘I/O、网络速度
2022131901701219 [info] 获取系统运行时间
2022131901701219 [info] 获取内存使用量
2022131901701219 [info] 更新CPU使用率、磁盘I/O、网络速度
20221319017012010 [info] 获取系统运行时间
20221319017012010 [info] 获取内存使用量
20221319017012010 [info] 更新CPU使用率、磁盘I/O、网络速度
20221319017012011 [info] 获取系统运行时间
20221319017012011 [info] 获取内存使用量
20221319017012011 [info] 更新CPU使用率、磁盘I/O、网络速度
20221319017012012 [info] 获取系统运行时间
20221319017012012 [info] 获取内存使用量
20221319017012012 [info] 更新CPU使用率、磁盘I/O、网络速度
20221319017012013 [info] 获取系统运行时间
20221319017012013 [info] 获取内存使用量
20221319017012013 [info] 更新CPU使用率、磁盘I/O、网络速度
20221319017012014 [info] 获取系统运行时间
20221319017012014 [info] 获取内存使用量
20221319017012014 [info] 更新CPU使用率、磁盘I/O、网络速度
20221319017012015 [info] 获取系统运行时间
20221319017012015 [info] 获取内存使用量
20221319017012015 [info] 更新CPU使用率、磁盘I/O、网络速度
20221319017012016 [info] 获取系统运行时间
20221319017012016 [info] 获取内存使用量
20221319017012016 [info] 更新CPU使用率、磁盘I/O、网络速度
20221319017012017 [info] 获取系统运行时间
20221319017012017 [info] 获取内存使用量
20221319017012017 [info] 更新CPU使用率、磁盘I/O、网络速度
20221319017012019 [info] 获取系统运行时间
20221319017012019 [info] 获取内存使用量
20221319017012019 [info] 更新CPU使用率、磁盘I/O、网络速度
20221319017012020 [info] 获取系统运行时间
20221319017012020 [info] 获取内存使用量
20221319017012020 [info] 更新CPU使用率、磁盘I/O、网络速度
20221319017012021 [info] 获取系统运行时间
20221319017012021 [info] 获取内存使用量
20221319017012021 [info] 更新CPU使用率、磁盘I/O、网络速度
20221319017012022 [info] 获取系统运行时间
20221319017012022 [info] 获取内存使用量
20221319017012022 [info] 更新CPU使用率、磁盘I/O、网络速度
20221319017012023 [info] 获取系统运行时间
20221319017012023 [info] 获取内存使用量
20221319017012023 [info] 更新CPU使用率、磁盘I/O、网络速度
20221319017012024 [info] 获取系统运行时间
20221319017012024 [info] 获取内存使用量
20221319017012024 [info] 更新CPU使用率、磁盘I/O、网络速度
20221319017012025 [info] 获取系统运行时间
20221319017012025 [info] 获取内存使用量
20221319017012025 [info] 更新CPU使用率、磁盘I/O、网络速度
20221319017012026 [info] 获取系统运行时间
20221319017012026 [info] 获取内存使用量
20221319017012026 [info] 更新CPU使用率、磁盘I/O、网络速度
20221319017012027 [info] 获取系统运行时间
20221319017012027 [info] 获取内存使用量
20221319017012027 [info] 更新CPU使用率、磁盘I/O、网络速度
20221319017012028 [info] 获取系统运行时间
20221319017012028 [info] 获取内存使用量
20221319017012028 [info] 更新CPU使用率、磁盘I/O、网络速度
20221319017012029 [info] 获取系统运行时间
20221319017012029 [info] 获取内存使用量
20221319017012029 [info] 更新CPU使用率、磁盘I/O、网络速度
20221319017012030 [info] 获取系统运行时间
20221319017012030 [info] 获取内存使用量
20221319017012030 [info] 更新CPU使用率、磁盘I/O、网络速度
20221319017012031 [info] 获取系统运行时间
20221319017012031 [info] 获取内存使用量
20221319017012031 [info] 更新CPU使用率、磁盘I/O、网络速度
20221319017012032 [info] 获取系统运行时间
20221319017012032 [info] 获取内存使用量
20221319017012032 [info] 更新CPU使用率、磁盘I/O、网络速度
20221319017012033 [info] 获取系统运行时间
20221319017012033 [info] 获取内存使用量
20221319017012033 [info] 更新CPU使用率、磁盘I/O、网络速度
20221319017012034 [info] 获取系统运行时间
20221319017012034 [info] 获取内存使用量
20221319017012034 [info] 更新CPU使用率、磁盘I/O、网络速度
20221319017012035 [info] 获取系统运行时间
20221319017012035 [info] 获取内存使用量
20221319017012035 [info] 更新CPU使用率、磁盘I/O、网络速度
20221319017012036 [info] 获取系统运行时间
20221319017012036 [info] 获取内存使用量
20221319017012036 [info] 更新CPU使用率、磁盘I/O、网络速度
20221319020053017 [info] 初始化设备
20221319020053017 [info] 初始化CPU基本信息
20221319020053017 [info] 获取CPU详细信息
20221319020053017 [info] 获取CPU描述
20221319020053017 [info] 获取CPU架构
20221319020053017 [info] 获取CPU使用率
20221319020053017 [info] 更新CPU使用率、磁盘I/O、网络速度
20221319020053019 [info] 初始化磁盘基本信息
20221319020053019 [info] 获取磁盘数量
20221319020053019 [info] 获取磁盘总容量、剩余容量、使用率
20221319020053019 [info] 获取磁盘I/O
20221319020053019 [info] 更新CPU使用率、磁盘I/O、网络速度
20221319020053020 [info] 初始化GPU基本信息
20221319020053020 [info] 获取GPU数量
20221319020053020 [info] 获取GPU信息、GPU内存
20221319020053020 [info] 初始化内存信息
20221319020053020 [info] 获取内存大小
20221319020053020 [info] 获取内存使用量
20221319020053020 [info] 初始化网络信息
20221319020053020 [info] 获取网卡数量
20221319020053020 [info] 获取网卡详细信息
20221319020053020 [info] 获取网络速度
20221319020053020 [info] 更新CPU使用率、磁盘I/O、网络速度
20221319020053021 [info] 获取计算机名称
20221319020053021 [info] 获取Windows版本
20221319020053021 [info] 获取系统运行时间
20221319020053021 [info] 更新CPU使用率、磁盘I/O、网络速度
20221319020053022 [info] 获取系统运行时间
20221319020053022 [info] 获取内存使用量
20221319020053022 [info] 更新CPU使用率、磁盘I/O、网络速度
20221319020053023 [info] 获取系统运行时间
20221319020053023 [info] 获取内存使用量
20221319020053023 [info] 更新CPU使用率、磁盘I/O、网络速度
20221319020053024 [info] 获取系统运行时间
20221319020053024 [info] 获取内存使用量
20221319020053024 [info] 更新CPU使用率、磁盘I/O、网络速度
20221319020053025 [info] 获取系统运行时间
20221319020053025 [info] 获取内存使用量
20221319020053025 [info] 更新CPU使用率、磁盘I/O、网络速度
20221319020053026 [info] 获取系统运行时间
20221319020053026 [info] 获取内存使用量
20221319020053026 [info] 更新CPU使用率、磁盘I/O、网络速度
20221319020057046 [info] 初始化设备
20221319020057046 [info] 初始化CPU基本信息
20221319020057046 [info] 获取CPU详细信息
20221319020057046 [info] 获取CPU描述
20221319020057046 [info] 获取CPU架构
20221319020057046 [info] 获取CPU使用率
20221319020057046 [info] 更新CPU使用率、磁盘I/O、网络速度
20221319020057047 [info] 初始化磁盘基本信息
20221319020057047 [info] 获取磁盘数量
20221319020057047 [info] 获取磁盘总容量、剩余容量、使用率
20221319020057047 [info] 获取磁盘I/O
20221319020057047 [info] 更新CPU使用率、磁盘I/O、网络速度
20221319020057048 [info] 初始化GPU基本信息
20221319020057048 [info] 获取GPU数量
20221319020057048 [info] 获取GPU信息、GPU内存
20221319020057048 [info] 初始化内存信息
20221319020057048 [info] 获取内存大小
20221319020057048 [info] 获取内存使用量
20221319020057048 [info] 初始化网络信息
20221319020057048 [info] 获取网卡数量
20221319020057048 [info] 获取网卡详细信息
20221319020057048 [info] 获取网络速度
20221319020057048 [info] 更新CPU使用率、磁盘I/O、网络速度
