20221301501117036 [info] ʼ豸
20221301501117036 [info] 初始化CPU基本信息
20221301501117036 [info] 获取CPU详细信息
20221301501117036 [info] 获取CPU描述
20221301501117036 [info] 获取CPU架构
20221301501117036 [info] 获取CPU使用率
20221301501117036 [info] 更新CPU使用率、磁盘I/O、网络速度
20221301501117037 [info] 初始化磁盘基本信息
20221301501117037 [info] 获取磁盘数量
20221301501117037 [info] 获取磁盘总容量、剩余容量、使用率
20221301501117037 [info] 获取磁盘I/O
20221301501117037 [info] 更新CPU使用率、磁盘I/O、网络速度
20221301501117038 [info] 初始化GPU基本信息
20221301501117038 [info] 获取GPU数量
20221301501117038 [info] 获取GPU信息、GPU内存
20221301501117038 [info] 初始化内存信息
20221301501117038 [info] 获取内存大小
20221301501117038 [info] 获取内存使用量
20221301501117038 [info] 初始化网络信息
20221301501117038 [info] 获取网卡数量
20221301501117038 [info] 获取网卡详细信息
20221301501117038 [info] 获取网络速度
20221301501117038 [info] 更新CPU使用率、磁盘I/O、网络速度
20221301501117039 [info] 获取计算机名称
20221301501117039 [info] 获取Windows版本
20221301501117039 [info] 获取系统运行时间
202213015011013019 [info] ʼ豸
202213015011013019 [info] 初始化CPU基本信息
202213015011013019 [info] 获取CPU详细信息
202213015011013019 [info] 获取CPU描述
202213015011013019 [info] 获取CPU架构
202213015011013019 [info] 获取CPU使用率
202213015011013019 [info] 更新CPU使用率、磁盘I/O、网络速度
202213015011013020 [info] 初始化磁盘基本信息
202213015011013020 [info] 获取磁盘数量
202213015011013020 [info] 获取磁盘总容量、剩余容量、使用率
202213015011013020 [info] 获取磁盘I/O
202213015011013020 [info] 更新CPU使用率、磁盘I/O、网络速度
202213015011013021 [info] 初始化GPU基本信息
202213015011013021 [info] 获取GPU数量
202213015011013021 [info] 获取GPU信息、GPU内存
202213015011013021 [info] 初始化内存信息
202213015011013021 [info] 获取内存大小
202213015011013021 [info] 获取内存使用量
202213015011013021 [info] 初始化网络信息
202213015011013021 [info] 获取网卡数量
202213015011013021 [info] 获取网卡详细信息
202213015011013021 [info] 获取网络速度
202213015011013021 [info] 更新CPU使用率、磁盘I/O、网络速度
202213015011013022 [info] 获取计算机名称
202213015011013022 [info] 获取Windows版本
202213015011013022 [info] 获取系统运行时间
20221301501101714 [info] ʼ豸
20221301501101714 [info] 初始化CPU基本信息
20221301501101714 [info] 获取CPU详细信息
20221301501101714 [info] 获取CPU描述
20221301501101714 [info] 获取CPU架构
20221301501101714 [info] 获取CPU使用率
20221301501101714 [info] 更新CPU使用率、磁盘I/O、网络速度
20221301501101716 [info] 初始化磁盘基本信息
20221301501101716 [info] 获取磁盘数量
20221301501101716 [info] 获取磁盘总容量、剩余容量、使用率
20221301501101716 [info] 获取磁盘I/O
20221301501101716 [info] 更新CPU使用率、磁盘I/O、网络速度
20221301501101717 [info] 初始化GPU基本信息
20221301501101717 [info] 获取GPU数量
20221301501101717 [info] 获取GPU信息、GPU内存
20221301501101717 [info] 初始化内存信息
20221301501101717 [info] 获取内存大小
20221301501101717 [info] 获取内存使用量
20221301501101717 [info] 初始化网络信息
20221301501101717 [info] 获取网卡数量
20221301501101717 [info] 获取网卡详细信息
20221301501101717 [info] 获取网络速度
20221301501101717 [info] 更新CPU使用率、磁盘I/O、网络速度
20221301501101718 [info] 获取计算机名称
20221301501101718 [info] 获取Windows版本
20221301501101718 [info] 获取系统运行时间
202213015011019049 [info] ʼ豸
202213015011019049 [info] 初始化CPU基本信息
202213015011019049 [info] 获取CPU详细信息
202213015011019049 [info] 获取CPU描述
202213015011019049 [info] 获取CPU架构
202213015011019049 [info] 获取CPU使用率
202213015011019049 [info] 更新CPU使用率、磁盘I/O、网络速度
202213015011019050 [info] 初始化磁盘基本信息
202213015011019050 [info] 获取磁盘数量
202213015011019050 [info] 获取磁盘总容量、剩余容量、使用率
202213015011019050 [info] 获取磁盘I/O
202213015011019050 [info] 更新CPU使用率、磁盘I/O、网络速度
202213015011019051 [info] 初始化GPU基本信息
202213015011019051 [info] 获取GPU数量
202213015011019051 [info] 获取GPU信息、GPU内存
202213015011019051 [info] 初始化内存信息
202213015011019051 [info] 获取内存大小
202213015011019051 [info] 获取内存使用量
202213015011019051 [info] 初始化网络信息
202213015011019051 [info] 获取网卡数量
202213015011019051 [info] 获取网卡详细信息
202213015011019051 [info] 获取网络速度
202213015011019051 [info] 更新CPU使用率、磁盘I/O、网络速度
202213015011019052 [info] 获取计算机名称
202213015011019052 [info] 获取Windows版本
202213015011019052 [info] 获取系统运行时间
202213015011020031 [info] ʼ豸
202213015011020031 [info] 初始化CPU基本信息
202213015011020031 [info] 获取CPU详细信息
202213015011020031 [info] 获取CPU描述
202213015011020031 [info] 获取CPU架构
202213015011020031 [info] 获取CPU使用率
202213015011020031 [info] 更新CPU使用率、磁盘I/O、网络速度
202213015011020032 [info] 初始化磁盘基本信息
202213015011020032 [info] 获取磁盘数量
202213015011020032 [info] 获取磁盘总容量、剩余容量、使用率
202213015011020032 [info] 获取磁盘I/O
202213015011020032 [info] 更新CPU使用率、磁盘I/O、网络速度
202213015011020033 [info] 初始化GPU基本信息
202213015011020034 [info] 获取GPU数量
202213015011020034 [info] 获取GPU信息、GPU内存
202213015011020034 [info] 初始化内存信息
202213015011020034 [info] 获取内存大小
202213015011020034 [info] 获取内存使用量
202213015011020034 [info] 初始化网络信息
202213015011020034 [info] 获取网卡数量
202213015011020034 [info] 获取网卡详细信息
202213015011020034 [info] 获取网络速度
202213015011020034 [info] 更新CPU使用率、磁盘I/O、网络速度
202213015011020035 [info] 获取计算机名称
202213015011020035 [info] 获取Windows版本
202213015011020035 [info] 获取系统运行时间
202213015011022039 [info] ʼ豸
202213015011022039 [info] 初始化CPU基本信息
202213015011022039 [info] 获取CPU详细信息
202213015011022039 [info] 获取CPU描述
202213015011022039 [info] 获取CPU架构
202213015011022039 [info] 获取CPU使用率
202213015011022039 [info] 更新CPU使用率、磁盘I/O、网络速度
202213015011022040 [info] 初始化磁盘基本信息
202213015011022040 [info] 获取磁盘数量
202213015011022040 [info] 获取磁盘总容量、剩余容量、使用率
202213015011022040 [info] 获取磁盘I/O
202213015011022040 [info] 更新CPU使用率、磁盘I/O、网络速度
202213015011022041 [info] 初始化GPU基本信息
202213015011022041 [info] 获取GPU数量
202213015011022041 [info] 获取GPU信息、GPU内存
202213015011022041 [info] 初始化内存信息
202213015011022041 [info] 获取内存大小
202213015011022041 [info] 获取内存使用量
202213015011022041 [info] 初始化网络信息
202213015011022041 [info] 获取网卡数量
202213015011022041 [info] 获取网卡详细信息
202213015011022041 [info] 获取网络速度
202213015011022041 [info] 更新CPU使用率、磁盘I/O、网络速度
202213015011022042 [info] 获取计算机名称
202213015011022042 [info] 获取Windows版本
202213015011022042 [info] 获取系统运行时间
202213015011023058 [info] ʼ豸
202213015011023058 [info] 初始化CPU基本信息
202213015011023058 [info] 获取CPU详细信息
202213015011023058 [info] 获取CPU描述
202213015011023058 [info] 获取CPU架构
202213015011023058 [info] 获取CPU使用率
202213015011023058 [info] 更新CPU使用率、磁盘I/O、网络速度
202213015011023059 [info] 初始化磁盘基本信息
202213015011023059 [info] 获取磁盘数量
202213015011023059 [info] 获取磁盘总容量、剩余容量、使用率
202213015011023059 [info] 获取磁盘I/O
202213015011023059 [info] 更新CPU使用率、磁盘I/O、网络速度
20221301501102410 [info] 初始化GPU基本信息
20221301501102410 [info] 获取GPU数量
20221301501102410 [info] 获取GPU信息、GPU内存
20221301501102410 [info] 初始化内存信息
20221301501102410 [info] 获取内存大小
20221301501102410 [info] 获取内存使用量
20221301501102410 [info] 初始化网络信息
20221301501102410 [info] 获取网卡数量
20221301501102410 [info] 获取网卡详细信息
20221301501102410 [info] 获取网络速度
20221301501102410 [info] 更新CPU使用率、磁盘I/O、网络速度
20221301501102411 [info] 获取计算机名称
20221301501102411 [info] 获取Windows版本
20221301501102411 [info] 获取系统运行时间
202213015011025026 [info] ʼ豸
202213015011025026 [info] 初始化CPU基本信息
202213015011025026 [info] 获取CPU详细信息
202213015011025026 [info] 获取CPU描述
202213015011025026 [info] 获取CPU架构
202213015011025026 [info] 获取CPU使用率
202213015011025026 [info] 更新CPU使用率、磁盘I/O、网络速度
202213015011025028 [info] 初始化磁盘基本信息
202213015011025028 [info] 获取磁盘数量
202213015011025028 [info] 获取磁盘总容量、剩余容量、使用率
202213015011025028 [info] 获取磁盘I/O
202213015011025028 [info] 更新CPU使用率、磁盘I/O、网络速度
202213015011025029 [info] 初始化GPU基本信息
202213015011025029 [info] 获取GPU数量
202213015011025029 [info] 获取GPU信息、GPU内存
202213015011025029 [info] 初始化内存信息
202213015011025029 [info] 获取内存大小
202213015011025029 [info] 获取内存使用量
202213015011025029 [info] 初始化网络信息
202213015011025029 [info] 获取网卡数量
202213015011025029 [info] 获取网卡详细信息
202213015011025029 [info] 获取网络速度
202213015011025029 [info] 更新CPU使用率、磁盘I/O、网络速度
202213015011025030 [info] 获取计算机名称
202213015011025030 [info] 获取Windows版本
202213015011025030 [info] 获取系统运行时间
20221301501102616 [info] ʼ豸
20221301501102616 [info] 初始化CPU基本信息
20221301501102616 [info] 获取CPU详细信息
20221301501102616 [info] 获取CPU描述
20221301501102616 [info] 获取CPU架构
20221301501102616 [info] 获取CPU使用率
20221301501102616 [info] 更新CPU使用率、磁盘I/O、网络速度
20221301501102617 [info] 初始化磁盘基本信息
20221301501102617 [info] 获取磁盘数量
20221301501102617 [info] 获取磁盘总容量、剩余容量、使用率
20221301501102617 [info] 获取磁盘I/O
20221301501102617 [info] 更新CPU使用率、磁盘I/O、网络速度
20221301501102618 [info] 初始化GPU基本信息
20221301501102618 [info] 获取GPU数量
20221301501102618 [info] 获取GPU信息、GPU内存
20221301501102618 [info] 初始化内存信息
20221301501102618 [info] 获取内存大小
20221301501102618 [info] 获取内存使用量
20221301501102618 [info] 初始化网络信息
20221301501102618 [info] 获取网卡数量
20221301501102618 [info] 获取网卡详细信息
20221301501102618 [info] 获取网络速度
20221301501102618 [info] 更新CPU使用率、磁盘I/O、网络速度
20221301501102619 [info] 获取计算机名称
20221301501102619 [info] 获取Windows版本
20221301501102619 [info] 获取系统运行时间
20221301501102619 [info] 更新CPU使用率、磁盘I/O、网络速度
202213015011026010 [info] 获取系统运行时间
202213015011026010 [info] 获取内存使用量
202213015011026010 [info] 获取磁盘数量
202213015011026010 [info] 获取磁盘总容量、剩余容量、使用率
202213015011026010 [info] 创建数据记录文件夹.
202213015011026010 [info] 更新CPU使用率、磁盘I/O、网络速度
202213015011026011 [info] 获取系统运行时间
202213015011026011 [info] 获取内存使用量
202213015011026011 [info] 获取磁盘数量
202213015011026011 [info] 获取磁盘总容量、剩余容量、使用率
202213015011026011 [error] U21:创建数据记录文件夹失败.
202213015011026011 [info] 更新CPU使用率、磁盘I/O、网络速度
202213015011026013 [info] 获取系统运行时间
202213015011026013 [info] 获取内存使用量
202213015011026013 [info] 获取磁盘数量
202213015011026013 [info] 获取磁盘总容量、剩余容量、使用率
202213015011026013 [error] U21:创建数据记录文件夹失败.
202213015011026013 [info] 更新CPU使用率、磁盘I/O、网络速度
202213015011026014 [info] 获取系统运行时间
202213015011026014 [info] 获取内存使用量
202213015011026014 [info] 获取磁盘数量
202213015011026014 [info] 获取磁盘总容量、剩余容量、使用率
202213015011026014 [error] U21:创建数据记录文件夹失败.
202213015011026014 [info] 更新CPU使用率、磁盘I/O、网络速度
202213015011026057 [info] ʼ豸
202213015011026057 [info] 初始化CPU基本信息
202213015011026057 [info] 获取CPU详细信息
202213015011026057 [info] 获取CPU描述
202213015011026057 [info] 获取CPU架构
202213015011026057 [info] 获取CPU使用率
202213015011026057 [info] 更新CPU使用率、磁盘I/O、网络速度
202213015011026058 [info] 初始化磁盘基本信息
202213015011026058 [info] 获取磁盘数量
202213015011026058 [info] 获取磁盘总容量、剩余容量、使用率
202213015011026058 [info] 获取磁盘I/O
202213015011026058 [info] 更新CPU使用率、磁盘I/O、网络速度
202213015011026059 [info] 初始化GPU基本信息
202213015011026059 [info] 获取GPU数量
202213015011026059 [info] 获取GPU信息、GPU内存
202213015011026059 [info] 初始化内存信息
202213015011026059 [info] 获取内存大小
202213015011026059 [info] 获取内存使用量
202213015011026059 [info] 初始化网络信息
202213015011026059 [info] 获取网卡数量
202213015011026059 [info] 获取网卡详细信息
202213015011026059 [info] 获取网络速度
202213015011026059 [info] 更新CPU使用率、磁盘I/O、网络速度
20221301501102710 [info] 获取计算机名称
20221301501102710 [info] 获取Windows版本
20221301501102710 [info] 获取系统运行时间
20221301501102710 [info] 更新CPU使用率、磁盘I/O、网络速度
20221301501102711 [info] 获取系统运行时间
20221301501102711 [info] 获取内存使用量
20221301501102711 [info] 获取磁盘数量
20221301501102711 [info] 获取磁盘总容量、剩余容量、使用率
20221301501102711 [error] U21:创建数据记录文件夹失败.
20221301501102711 [info] 更新CPU使用率、磁盘I/O、网络速度
20221301501102712 [info] 获取系统运行时间
20221301501102712 [info] 获取内存使用量
20221301501102712 [info] 获取磁盘数量
20221301501102712 [info] 获取磁盘总容量、剩余容量、使用率
20221301501102712 [error] U21:创建数据记录文件夹失败.
20221301501102712 [info] 更新CPU使用率、磁盘I/O、网络速度
20221301501102713 [info] 获取系统运行时间
20221301501102713 [info] 获取内存使用量
20221301501102713 [info] 获取磁盘数量
20221301501102713 [info] 获取磁盘总容量、剩余容量、使用率
20221301501102713 [error] U21:创建数据记录文件夹失败.
20221301501102713 [info] 更新CPU使用率、磁盘I/O、网络速度
20221301501102714 [info] 获取系统运行时间
20221301501102714 [info] 获取内存使用量
20221301501102714 [info] 获取磁盘数量
20221301501102714 [info] 获取磁盘总容量、剩余容量、使用率
20221301501102714 [error] U21:创建数据记录文件夹失败.
20221301501102714 [info] 更新CPU使用率、磁盘I/O、网络速度
20221301501102715 [info] 获取系统运行时间
20221301501102715 [info] 获取内存使用量
20221301501102715 [info] 获取磁盘数量
20221301501102715 [info] 获取磁盘总容量、剩余容量、使用率
20221301501102715 [error] U21:创建数据记录文件夹失败.
20221301501102715 [info] 更新CPU使用率、磁盘I/O、网络速度
20221301501102716 [info] 获取系统运行时间
20221301501102716 [info] 获取内存使用量
20221301501102716 [info] 获取磁盘数量
20221301501102716 [info] 获取磁盘总容量、剩余容量、使用率
20221301501102716 [error] U21:创建数据记录文件夹失败.
20221301501102716 [info] 更新CPU使用率、磁盘I/O、网络速度
20221301501102717 [info] 获取系统运行时间
20221301501102717 [info] 获取内存使用量
20221301501102717 [info] 获取磁盘数量
20221301501102717 [info] 获取磁盘总容量、剩余容量、使用率
20221301501102717 [error] U21:创建数据记录文件夹失败.
20221301501102717 [info] 更新CPU使用率、磁盘I/O、网络速度
20221301501102718 [info] 获取系统运行时间
20221301501102718 [info] 获取内存使用量
20221301501102718 [info] 获取磁盘数量
20221301501102718 [info] 获取磁盘总容量、剩余容量、使用率
20221301501102718 [error] U21:创建数据记录文件夹失败.
20221301501102718 [info] 更新CPU使用率、磁盘I/O、网络速度
20221301501102719 [info] 获取系统运行时间
20221301501102719 [info] 获取内存使用量
20221301501102719 [info] 获取磁盘数量
20221301501102719 [info] 获取磁盘总容量、剩余容量、使用率
20221301501102719 [error] U21:创建数据记录文件夹失败.
20221301501102719 [info] 更新CPU使用率、磁盘I/O、网络速度
202213015011027010 [info] 获取系统运行时间
202213015011027010 [info] 获取内存使用量
202213015011027010 [info] 获取磁盘数量
202213015011027010 [info] 获取磁盘总容量、剩余容量、使用率
202213015011027010 [error] U21:创建数据记录文件夹失败.
202213015011027010 [info] 更新CPU使用率、磁盘I/O、网络速度
202213015011027011 [info] 获取系统运行时间
202213015011027011 [info] 获取内存使用量
202213015011027011 [info] 获取磁盘数量
202213015011027011 [info] 获取磁盘总容量、剩余容量、使用率
202213015011027011 [error] U21:创建数据记录文件夹失败.
202213015011027011 [info] 更新CPU使用率、磁盘I/O、网络速度
202213015011027012 [info] 获取系统运行时间
202213015011027012 [info] 获取内存使用量
202213015011027012 [info] 获取磁盘数量
202213015011027012 [info] 获取磁盘总容量、剩余容量、使用率
202213015011027012 [error] U21:创建数据记录文件夹失败.
202213015011027012 [info] 更新CPU使用率、磁盘I/O、网络速度
202213015011038034 [info] ʼ豸
202213015011038034 [info] 初始化CPU基本信息
202213015011038034 [info] 获取CPU详细信息
202213015011038034 [info] 获取CPU描述
202213015011038034 [info] 获取CPU架构
202213015011038034 [info] 获取CPU使用率
202213015011038034 [info] 更新CPU使用率、磁盘I/O、网络速度
202213015011038036 [info] 初始化磁盘基本信息
202213015011038036 [info] 获取磁盘数量
202213015011038036 [info] 获取磁盘总容量、剩余容量、使用率
202213015011038036 [info] 获取磁盘I/O
202213015011038036 [info] 更新CPU使用率、磁盘I/O、网络速度
202213015011038037 [info] 初始化GPU基本信息
202213015011038037 [info] 获取GPU数量
202213015011038037 [info] 获取GPU信息、GPU内存
202213015011038037 [info] 初始化内存信息
202213015011038037 [info] 获取内存大小
202213015011038037 [info] 获取内存使用量
202213015011038037 [info] 初始化网络信息
202213015011038037 [info] 获取网卡数量
202213015011038037 [info] 获取网卡详细信息
202213015011038037 [info] 获取网络速度
202213015011038037 [info] 更新CPU使用率、磁盘I/O、网络速度
202213015011038038 [info] 获取计算机名称
202213015011038038 [info] 获取Windows版本
202213015011038038 [info] 获取系统运行时间
202213015011038038 [info] 更新CPU使用率、磁盘I/O、网络速度
202213015011038039 [info] 获取系统运行时间
202213015011038039 [info] 获取内存使用量
202213015011038039 [info] 获取磁盘数量
202213015011038039 [info] 获取磁盘总容量、剩余容量、使用率
202213015011038039 [error] U21:创建数据记录文件夹失败.
202213015011038039 [info] 更新CPU使用率、磁盘I/O、网络速度
202213015011038040 [info] 获取系统运行时间
202213015011038040 [info] 获取内存使用量
202213015011038040 [info] 获取磁盘数量
202213015011038040 [info] 获取磁盘总容量、剩余容量、使用率
202213015011038040 [error] U21:创建数据记录文件夹失败.
202213015011038040 [info] 更新CPU使用率、磁盘I/O、网络速度
202213015011038041 [info] 获取系统运行时间
202213015011038041 [info] 获取内存使用量
202213015011038041 [info] 获取磁盘数量
202213015011038041 [info] 获取磁盘总容量、剩余容量、使用率
202213015011038041 [error] U21:创建数据记录文件夹失败.
202213015011038041 [info] 更新CPU使用率、磁盘I/O、网络速度
202213015011038042 [info] 获取系统运行时间
202213015011038042 [info] 获取内存使用量
202213015011038042 [info] 获取磁盘数量
202213015011038042 [info] 获取磁盘总容量、剩余容量、使用率
202213015011038042 [error] U21:创建数据记录文件夹失败.
202213015011038042 [info] 更新CPU使用率、磁盘I/O、网络速度
202213015011038043 [info] 获取系统运行时间
202213015011038043 [info] 获取内存使用量
202213015011038043 [info] 获取磁盘数量
202213015011038043 [info] 获取磁盘总容量、剩余容量、使用率
202213015011038043 [error] U21:创建数据记录文件夹失败.
202213015011038043 [info] 更新CPU使用率、磁盘I/O、网络速度
202213015011038044 [info] 获取系统运行时间
202213015011038044 [info] 获取内存使用量
202213015011038044 [info] 获取磁盘数量
202213015011038044 [info] 获取磁盘总容量、剩余容量、使用率
202213015011038044 [error] U21:创建数据记录文件夹失败.
202213015011038044 [info] 更新CPU使用率、磁盘I/O、网络速度
202213015011038045 [info] 获取系统运行时间
202213015011038045 [info] 获取内存使用量
202213015011038045 [info] 获取磁盘数量
202213015011038045 [info] 获取磁盘总容量、剩余容量、使用率
202213015011038045 [error] U21:创建数据记录文件夹失败.
202213015011038045 [info] 更新CPU使用率、磁盘I/O、网络速度
202213015011039041 [info] ʼ豸
202213015011039041 [info] 初始化CPU基本信息
202213015011039041 [info] 获取CPU详细信息
202213015011039041 [info] 获取CPU描述
202213015011039041 [info] 获取CPU架构
202213015011039041 [info] 获取CPU使用率
202213015011039041 [info] 更新CPU使用率、磁盘I/O、网络速度
202213015011039042 [info] 初始化磁盘基本信息
202213015011039042 [info] 获取磁盘数量
202213015011039042 [info] 获取磁盘总容量、剩余容量、使用率
202213015011039042 [info] 获取磁盘I/O
202213015011039042 [info] 更新CPU使用率、磁盘I/O、网络速度
202213015011039043 [info] 初始化GPU基本信息
202213015011039043 [info] 获取GPU数量
202213015011039043 [info] 获取GPU信息、GPU内存
202213015011039043 [info] 初始化内存信息
202213015011039043 [info] 获取内存大小
202213015011039043 [info] 获取内存使用量
202213015011039043 [info] 初始化网络信息
202213015011039043 [info] 获取网卡数量
202213015011039043 [info] 获取网卡详细信息
202213015011039043 [info] 获取网络速度
202213015011039043 [info] 更新CPU使用率、磁盘I/O、网络速度
202213015011039044 [info] 获取计算机名称
202213015011039044 [info] 获取Windows版本
202213015011039044 [info] 获取系统运行时间
202213015011039044 [info] 更新CPU使用率、磁盘I/O、网络速度
202213015011039045 [info] 获取系统运行时间
202213015011039045 [info] 获取内存使用量
202213015011039045 [info] 获取磁盘数量
202213015011039045 [info] 获取磁盘总容量、剩余容量、使用率
202213015011039045 [error] U21:创建数据记录文件夹失败.
202213015011039045 [info] 更新CPU使用率、磁盘I/O、网络速度
202213015011039046 [info] 获取系统运行时间
202213015011039046 [info] 获取内存使用量
202213015011039046 [info] 获取磁盘数量
202213015011039046 [info] 获取磁盘总容量、剩余容量、使用率
202213015011039046 [error] U21:创建数据记录文件夹失败.
202213015011039046 [info] 更新CPU使用率、磁盘I/O、网络速度
202213015011039047 [info] 获取系统运行时间
202213015011039047 [info] 获取内存使用量
202213015011039047 [info] 获取磁盘数量
202213015011039047 [info] 获取磁盘总容量、剩余容量、使用率
202213015011039047 [error] U21:创建数据记录文件夹失败.
202213015011039047 [info] 更新CPU使用率、磁盘I/O、网络速度
202213015011039057 [info] ʼ豸
202213015011039057 [info] 初始化CPU基本信息
202213015011039057 [info] 获取CPU详细信息
202213015011039057 [info] 获取CPU描述
202213015011039057 [info] 获取CPU架构
202213015011039057 [info] 获取CPU使用率
202213015011039057 [info] 更新CPU使用率、磁盘I/O、网络速度
202213015011039059 [info] 初始化磁盘基本信息
202213015011039059 [info] 获取磁盘数量
202213015011039059 [info] 获取磁盘总容量、剩余容量、使用率
202213015011039059 [info] 获取磁盘I/O
202213015011039059 [info] 更新CPU使用率、磁盘I/O、网络速度
20221301501104010 [info] 初始化GPU基本信息
20221301501104010 [info] 获取GPU数量
20221301501104010 [info] 获取GPU信息、GPU内存
20221301501104010 [info] 初始化内存信息
20221301501104010 [info] 获取内存大小
20221301501104010 [info] 获取内存使用量
20221301501104010 [info] 初始化网络信息
20221301501104010 [info] 获取网卡数量
20221301501104010 [info] 获取网卡详细信息
20221301501104010 [info] 获取网络速度
20221301501104010 [info] 更新CPU使用率、磁盘I/O、网络速度
20221301501104011 [info] 获取计算机名称
20221301501104011 [info] 获取Windows版本
20221301501104011 [info] 获取系统运行时间
20221301501104011 [info] 更新CPU使用率、磁盘I/O、网络速度
20221301501104012 [info] 获取系统运行时间
20221301501104012 [info] 获取内存使用量
20221301501104012 [info] 获取磁盘数量
20221301501104012 [info] 获取磁盘总容量、剩余容量、使用率
20221301501104012 [error] U21:创建数据记录文件夹失败.
20221301501104012 [info] 更新CPU使用率、磁盘I/O、网络速度
20221301501104013 [info] 获取系统运行时间
20221301501104013 [info] 获取内存使用量
20221301501104013 [info] 获取磁盘数量
20221301501104013 [info] 获取磁盘总容量、剩余容量、使用率
20221301501104013 [error] U21:创建数据记录文件夹失败.
20221301501104013 [info] 更新CPU使用率、磁盘I/O、网络速度
202213015011040027 [info] ʼ豸
202213015011040027 [info] 初始化CPU基本信息
202213015011040027 [info] 获取CPU详细信息
202213015011040027 [info] 获取CPU描述
202213015011040027 [info] 获取CPU架构
202213015011040027 [info] 获取CPU使用率
202213015011040027 [info] 更新CPU使用率、磁盘I/O、网络速度
202213015011040028 [info] 初始化磁盘基本信息
202213015011040028 [info] 获取磁盘数量
202213015011040028 [info] 获取磁盘总容量、剩余容量、使用率
202213015011040028 [info] 获取磁盘I/O
202213015011040028 [info] 更新CPU使用率、磁盘I/O、网络速度
202213015011040029 [info] 初始化GPU基本信息
202213015011040029 [info] 获取GPU数量
202213015011040029 [info] 获取GPU信息、GPU内存
202213015011040029 [info] 初始化内存信息
202213015011040029 [info] 获取内存大小
202213015011040029 [info] 获取内存使用量
202213015011040029 [info] 初始化网络信息
202213015011040029 [info] 获取网卡数量
202213015011040029 [info] 获取网卡详细信息
202213015011040030 [info] 获取网络速度
202213015011040030 [info] 更新CPU使用率、磁盘I/O、网络速度
202213015011040055 [info] ʼ豸
202213015011040055 [info] 初始化CPU基本信息
202213015011040055 [info] 获取CPU详细信息
202213015011040055 [info] 获取CPU描述
202213015011040055 [info] 获取CPU架构
202213015011040055 [info] 获取CPU使用率
202213015011040055 [info] 更新CPU使用率、磁盘I/O、网络速度
202213015011040056 [info] 初始化磁盘基本信息
202213015011040056 [info] 获取磁盘数量
202213015011040056 [info] 获取磁盘总容量、剩余容量、使用率
202213015011040056 [info] 获取磁盘I/O
202213015011040056 [info] 更新CPU使用率、磁盘I/O、网络速度
202213015011040057 [info] 初始化GPU基本信息
202213015011040057 [info] 获取GPU数量
202213015011040057 [info] 获取GPU信息、GPU内存
202213015011040057 [info] 初始化内存信息
202213015011040058 [info] 获取内存大小
202213015011040058 [info] 获取内存使用量
202213015011040058 [info] 初始化网络信息
202213015011040058 [info] 获取网卡数量
202213015011040058 [info] 获取网卡详细信息
202213015011040058 [info] 获取网络速度
202213015011040058 [info] 更新CPU使用率、磁盘I/O、网络速度
202213015011040059 [info] 获取计算机名称
202213015011040059 [info] 获取Windows版本
202213015011040059 [info] 获取系统运行时间
202213015011040059 [info] 更新CPU使用率、磁盘I/O、网络速度
20221301501104110 [info] 获取系统运行时间
20221301501104110 [info] 获取内存使用量
20221301501104110 [info] 获取磁盘数量
20221301501104110 [info] 获取磁盘总容量、剩余容量、使用率
20221301501104110 [error] U21:创建数据记录文件夹失败.
20221301501104110 [info] 更新CPU使用率、磁盘I/O、网络速度
20221301501104111 [info] 获取系统运行时间
20221301501104111 [info] 获取内存使用量
20221301501104111 [info] 获取磁盘数量
20221301501104111 [info] 获取磁盘总容量、剩余容量、使用率
20221301501104111 [error] U21:创建数据记录文件夹失败.
20221301501104111 [info] 更新CPU使用率、磁盘I/O、网络速度
20221301501104112 [info] 获取系统运行时间
20221301501104112 [info] 获取内存使用量
20221301501104112 [info] 获取磁盘数量
20221301501104112 [info] 获取磁盘总容量、剩余容量、使用率
20221301501104112 [error] U21:创建数据记录文件夹失败.
20221301501104112 [info] 更新CPU使用率、磁盘I/O、网络速度
20221301501104113 [info] 获取系统运行时间
20221301501104113 [info] 获取内存使用量
20221301501104113 [info] 获取磁盘数量
20221301501104113 [info] 获取磁盘总容量、剩余容量、使用率
20221301501104113 [error] U21:创建数据记录文件夹失败.
20221301501104113 [info] 更新CPU使用率、磁盘I/O、网络速度
20221301501104114 [info] 获取系统运行时间
20221301501104114 [info] 获取内存使用量
20221301501104114 [info] 获取磁盘数量
20221301501104114 [info] 获取磁盘总容量、剩余容量、使用率
20221301501104114 [error] U21:创建数据记录文件夹失败.
20221301501104114 [info] 更新CPU使用率、磁盘I/O、网络速度
20221301501104115 [info] 获取系统运行时间
20221301501104115 [info] 获取内存使用量
20221301501104115 [info] 获取磁盘数量
20221301501104115 [info] 获取磁盘总容量、剩余容量、使用率
20221301501104115 [error] U21:创建数据记录文件夹失败.
20221301501104115 [info] 更新CPU使用率、磁盘I/O、网络速度
20221301501104116 [info] 获取系统运行时间
20221301501104116 [info] 获取内存使用量
20221301501104116 [info] 获取磁盘数量
20221301501104116 [info] 获取磁盘总容量、剩余容量、使用率
20221301501104116 [error] U21:创建数据记录文件夹失败.
20221301501104116 [info] 更新CPU使用率、磁盘I/O、网络速度
20221301501104117 [info] 获取系统运行时间
20221301501104117 [info] 获取内存使用量
20221301501104117 [info] 获取磁盘数量
20221301501104117 [info] 获取磁盘总容量、剩余容量、使用率
20221301501104117 [error] U21:创建数据记录文件夹失败.
20221301501104117 [info] 更新CPU使用率、磁盘I/O、网络速度
20221301501104118 [info] 获取系统运行时间
20221301501104118 [info] 获取内存使用量
20221301501104118 [info] 获取磁盘数量
20221301501104118 [info] 获取磁盘总容量、剩余容量、使用率
20221301501104118 [error] U21:创建数据记录文件夹失败.
20221301501104118 [info] 更新CPU使用率、磁盘I/O、网络速度
20221301501104119 [info] 获取系统运行时间
20221301501104119 [info] 获取内存使用量
20221301501104119 [info] 获取磁盘数量
20221301501104119 [info] 获取磁盘总容量、剩余容量、使用率
20221301501104119 [error] U21:创建数据记录文件夹失败.
20221301501104119 [info] 更新CPU使用率、磁盘I/O、网络速度
202213015011041010 [info] 获取系统运行时间
202213015011041010 [info] 获取内存使用量
202213015011041010 [info] 获取磁盘数量
202213015011041010 [info] 获取磁盘总容量、剩余容量、使用率
202213015011041010 [error] U21:创建数据记录文件夹失败.
202213015011041010 [info] 更新CPU使用率、磁盘I/O、网络速度
202213015011041011 [info] 获取系统运行时间
202213015011041011 [info] 获取内存使用量
202213015011041011 [info] 获取磁盘数量
202213015011041011 [info] 获取磁盘总容量、剩余容量、使用率
202213015011041011 [error] U21:创建数据记录文件夹失败.
202213015011041011 [info] 更新CPU使用率、磁盘I/O、网络速度
202213015011041012 [info] 获取系统运行时间
202213015011041012 [info] 获取内存使用量
202213015011041012 [info] 获取磁盘数量
202213015011041012 [info] 获取磁盘总容量、剩余容量、使用率
202213015011041012 [error] U21:创建数据记录文件夹失败.
202213015011041012 [info] 更新CPU使用率、磁盘I/O、网络速度
202213015011041013 [info] 获取系统运行时间
202213015011041013 [info] 获取内存使用量
202213015011041013 [info] 获取磁盘数量
202213015011041013 [info] 获取磁盘总容量、剩余容量、使用率
202213015011041013 [error] U21:创建数据记录文件夹失败.
202213015011041013 [info] 更新CPU使用率、磁盘I/O、网络速度
202213015011041014 [info] 获取系统运行时间
202213015011041014 [info] 获取内存使用量
202213015011041014 [info] 获取磁盘数量
202213015011041014 [info] 获取磁盘总容量、剩余容量、使用率
202213015011041014 [error] U21:创建数据记录文件夹失败.
202213015011041014 [info] 更新CPU使用率、磁盘I/O、网络速度
202213015011041015 [info] 获取系统运行时间
202213015011041015 [info] 获取内存使用量
202213015011041015 [info] 获取磁盘数量
202213015011041015 [info] 获取磁盘总容量、剩余容量、使用率
202213015011041015 [error] U21:创建数据记录文件夹失败.
202213015011041015 [info] 更新CPU使用率、磁盘I/O、网络速度
202213015011041016 [info] 获取系统运行时间
202213015011041016 [info] 获取内存使用量
202213015011041016 [info] 获取磁盘数量
202213015011041016 [info] 获取磁盘总容量、剩余容量、使用率
202213015011041016 [error] U21:创建数据记录文件夹失败.
202213015011041016 [info] 更新CPU使用率、磁盘I/O、网络速度
202213015011041017 [info] 获取系统运行时间
202213015011041017 [info] 获取内存使用量
202213015011041017 [info] 获取磁盘数量
202213015011041017 [info] 获取磁盘总容量、剩余容量、使用率
202213015011041017 [error] U21:创建数据记录文件夹失败.
202213015011041017 [info] 更新CPU使用率、磁盘I/O、网络速度
202213015011041018 [info] 获取系统运行时间
202213015011041018 [info] 获取内存使用量
202213015011041018 [info] 获取磁盘数量
202213015011041018 [info] 获取磁盘总容量、剩余容量、使用率
202213015011041018 [error] U21:创建数据记录文件夹失败.
202213015011041018 [info] 更新CPU使用率、磁盘I/O、网络速度
202213015011041025 [info] ʼ豸
202213015011041025 [info] 初始化CPU基本信息
202213015011041025 [info] 获取CPU详细信息
202213015011041025 [info] 获取CPU描述
202213015011041026 [info] 获取CPU架构
202213015011041026 [info] 获取CPU使用率
202213015011041026 [info] 更新CPU使用率、磁盘I/O、网络速度
202213015011041027 [info] 初始化磁盘基本信息
202213015011041027 [info] 获取磁盘数量
202213015011041027 [info] 获取磁盘总容量、剩余容量、使用率
202213015011041027 [info] 获取磁盘I/O
202213015011041027 [info] 更新CPU使用率、磁盘I/O、网络速度
202213015011041028 [info] 初始化GPU基本信息
202213015011041028 [info] 获取GPU数量
202213015011041028 [info] 获取GPU信息、GPU内存
202213015011041028 [info] 初始化内存信息
202213015011041028 [info] 获取内存大小
202213015011041028 [info] 获取内存使用量
202213015011041028 [info] 初始化网络信息
202213015011041028 [info] 获取网卡数量
202213015011041028 [info] 获取网卡详细信息
202213015011041028 [info] 获取网络速度
202213015011041028 [info] 更新CPU使用率、磁盘I/O、网络速度
202213015011041029 [info] 获取计算机名称
202213015011041029 [info] 获取Windows版本
202213015011041029 [info] 获取系统运行时间
202213015011041029 [info] 更新CPU使用率、磁盘I/O、网络速度
202213015011041030 [info] 获取系统运行时间
202213015011041030 [info] 获取内存使用量
202213015011041030 [info] 获取磁盘数量
202213015011041030 [info] 获取磁盘总容量、剩余容量、使用率
202213015011041030 [error] U21:创建数据记录文件夹失败.
202213015011041030 [info] 更新CPU使用率、磁盘I/O、网络速度
202213015011041031 [info] 获取系统运行时间
202213015011041031 [info] 获取内存使用量
202213015011041031 [info] 获取磁盘数量
202213015011041031 [info] 获取磁盘总容量、剩余容量、使用率
202213015011041031 [error] U21:创建数据记录文件夹失败.
202213015011041031 [info] 更新CPU使用率、磁盘I/O、网络速度
202213015011041032 [info] 获取系统运行时间
202213015011041032 [info] 获取内存使用量
202213015011041032 [info] 获取磁盘数量
202213015011041032 [info] 获取磁盘总容量、剩余容量、使用率
202213015011041032 [error] U21:创建数据记录文件夹失败.
202213015011041032 [info] 更新CPU使用率、磁盘I/O、网络速度
202213015011041033 [info] 获取系统运行时间
202213015011041033 [info] 获取内存使用量
202213015011041033 [info] 获取磁盘数量
202213015011041033 [info] 获取磁盘总容量、剩余容量、使用率
202213015011041033 [error] U21:创建数据记录文件夹失败.
202213015011041033 [info] 更新CPU使用率、磁盘I/O、网络速度
202213015011041034 [info] 获取系统运行时间
202213015011041034 [info] 获取内存使用量
202213015011041034 [info] 获取磁盘数量
202213015011041034 [info] 获取磁盘总容量、剩余容量、使用率
202213015011041034 [error] U21:创建数据记录文件夹失败.
202213015011041034 [info] 更新CPU使用率、磁盘I/O、网络速度
202213015011041035 [info] 获取系统运行时间
202213015011041035 [info] 获取内存使用量
202213015011041035 [info] 获取磁盘数量
202213015011041035 [info] 获取磁盘总容量、剩余容量、使用率
202213015011041035 [error] U21:创建数据记录文件夹失败.
202213015011041035 [info] 更新CPU使用率、磁盘I/O、网络速度
202213015011041036 [info] 获取系统运行时间
202213015011041036 [info] 获取内存使用量
202213015011041036 [info] 获取磁盘数量
202213015011041036 [info] 获取磁盘总容量、剩余容量、使用率
202213015011041036 [error] U21:创建数据记录文件夹失败.
202213015011041036 [info] 更新CPU使用率、磁盘I/O、网络速度
202213015011041037 [info] 获取系统运行时间
202213015011041037 [info] 获取内存使用量
202213015011041037 [info] 获取磁盘数量
202213015011041037 [info] 获取磁盘总容量、剩余容量、使用率
202213015011041037 [error] U21:创建数据记录文件夹失败.
202213015011041037 [info] 更新CPU使用率、磁盘I/O、网络速度
202213015011041038 [info] 获取系统运行时间
202213015011041038 [info] 获取内存使用量
202213015011041038 [info] 获取磁盘数量
202213015011041038 [info] 获取磁盘总容量、剩余容量、使用率
202213015011041038 [error] U21:创建数据记录文件夹失败.
202213015011041038 [info] 更新CPU使用率、磁盘I/O、网络速度
202213015011041039 [info] 获取系统运行时间
202213015011041039 [info] 获取内存使用量
202213015011041039 [info] 获取磁盘数量
202213015011041039 [info] 获取磁盘总容量、剩余容量、使用率
202213015011041039 [error] U21:创建数据记录文件夹失败.
202213015011041039 [info] 更新CPU使用率、磁盘I/O、网络速度
202213015011041040 [info] 获取系统运行时间
202213015011041040 [info] 获取内存使用量
202213015011041040 [info] 获取磁盘数量
202213015011041040 [info] 获取磁盘总容量、剩余容量、使用率
202213015011041040 [error] U21:创建数据记录文件夹失败.
202213015011041040 [info] 更新CPU使用率、磁盘I/O、网络速度
202213015011041046 [info] ʼ豸
202213015011041046 [info] 初始化CPU基本信息
202213015011041046 [info] 获取CPU详细信息
202213015011041046 [info] 获取CPU描述
202213015011041046 [info] 获取CPU架构
202213015011041046 [info] 获取CPU使用率
202213015011041046 [info] 更新CPU使用率、磁盘I/O、网络速度
202213015011041047 [info] 初始化磁盘基本信息
202213015011041047 [info] 获取磁盘数量
202213015011041047 [info] 获取磁盘总容量、剩余容量、使用率
202213015011041047 [info] 获取磁盘I/O
202213015011041047 [info] 更新CPU使用率、磁盘I/O、网络速度
202213015011041048 [info] 初始化GPU基本信息
202213015011041048 [info] 获取GPU数量
202213015011041048 [info] 获取GPU信息、GPU内存
202213015011041048 [info] 初始化内存信息
202213015011041048 [info] 获取内存大小
202213015011041048 [info] 获取内存使用量
202213015011041048 [info] 初始化网络信息
202213015011041048 [info] 获取网卡数量
202213015011041048 [info] 获取网卡详细信息
202213015011041048 [info] 获取网络速度
202213015011041048 [info] 更新CPU使用率、磁盘I/O、网络速度
202213015011041049 [info] 获取计算机名称
202213015011041049 [info] 获取Windows版本
202213015011041049 [info] 获取系统运行时间
202213015011042054 [info] ʼ豸
202213015011042054 [info] 初始化CPU基本信息
202213015011042054 [info] 获取CPU详细信息
202213015011042054 [info] 获取CPU描述
202213015011042055 [info] 获取CPU架构
202213015011042055 [info] 获取CPU使用率
202213015011042055 [info] 更新CPU使用率、磁盘I/O、网络速度
202213015011042056 [info] 初始化磁盘基本信息
202213015011042056 [info] 获取磁盘数量
202213015011042056 [info] 获取磁盘总容量、剩余容量、使用率
202213015011042056 [info] 获取磁盘I/O
202213015011042056 [info] 更新CPU使用率、磁盘I/O、网络速度
202213015011042057 [info] 初始化GPU基本信息
202213015011042057 [info] 获取GPU数量
202213015011042057 [info] 获取GPU信息、GPU内存
202213015011042057 [info] 初始化内存信息
202213015011042057 [info] 获取内存大小
202213015011042057 [info] 获取内存使用量
202213015011042057 [info] 初始化网络信息
202213015011042057 [info] 获取网卡数量
202213015011042057 [info] 获取网卡详细信息
202213015011042057 [info] 获取网络速度
202213015011042057 [info] 更新CPU使用率、磁盘I/O、网络速度
202213015011042058 [info] 获取计算机名称
202213015011042058 [info] 获取Windows版本
202213015011042058 [info] 获取系统运行时间
202213015011042058 [info] 更新CPU使用率、磁盘I/O、网络速度
202213015011042059 [info] 获取系统运行时间
202213015011042059 [info] 获取内存使用量
202213015011042059 [info] 获取磁盘数量
202213015011042059 [info] 获取磁盘总容量、剩余容量、使用率
202213015011042059 [error] U21:创建数据记录文件夹失败.
202213015011042059 [info] 更新CPU使用率、磁盘I/O、网络速度
20221301501104319 [info] ʼ豸
20221301501104319 [info] 初始化CPU基本信息
20221301501104319 [info] 获取CPU详细信息
20221301501104319 [info] 获取CPU描述
20221301501104319 [info] 获取CPU架构
20221301501104319 [info] 获取CPU使用率
20221301501104319 [info] 更新CPU使用率、磁盘I/O、网络速度
202213015011043010 [info] 初始化磁盘基本信息
202213015011043010 [info] 获取磁盘数量
202213015011043010 [info] 获取磁盘总容量、剩余容量、使用率
202213015011043010 [info] 获取磁盘I/O
202213015011043010 [info] 更新CPU使用率、磁盘I/O、网络速度
202213015011043011 [info] 初始化GPU基本信息
202213015011043011 [info] 获取GPU数量
202213015011043011 [info] 获取GPU信息、GPU内存
202213015011043011 [info] 初始化内存信息
202213015011043011 [info] 获取内存大小
202213015011043011 [info] 获取内存使用量
202213015011043011 [info] 初始化网络信息
202213015011043011 [info] 获取网卡数量
202213015011043011 [info] 获取网卡详细信息
202213015011043011 [info] 获取网络速度
202213015011043011 [info] 更新CPU使用率、磁盘I/O、网络速度
202213015011043012 [info] 获取计算机名称
202213015011043012 [info] 获取Windows版本
202213015011043012 [info] 获取系统运行时间
202213015011043031 [info] ʼ豸
202213015011043031 [info] 初始化CPU基本信息
202213015011043031 [info] 获取CPU详细信息
202213015011043031 [info] 获取CPU描述
202213015011043031 [info] 获取CPU架构
202213015011043031 [info] 获取CPU使用率
202213015011043031 [info] 更新CPU使用率、磁盘I/O、网络速度
202213015011043033 [info] 初始化磁盘基本信息
202213015011043033 [info] 获取磁盘数量
202213015011043033 [info] 获取磁盘总容量、剩余容量、使用率
202213015011043033 [info] 获取磁盘I/O
202213015011043033 [info] 更新CPU使用率、磁盘I/O、网络速度
202213015011043034 [info] 初始化GPU基本信息
202213015011043034 [info] 获取GPU数量
202213015011043034 [info] 获取GPU信息、GPU内存
202213015011043034 [info] 初始化内存信息
202213015011043034 [info] 获取内存大小
202213015011043034 [info] 获取内存使用量
202213015011043034 [info] 初始化网络信息
202213015011043034 [info] 获取网卡数量
202213015011043034 [info] 获取网卡详细信息
202213015011043034 [info] 获取网络速度
202213015011043034 [info] 更新CPU使用率、磁盘I/O、网络速度
202213015011043035 [info] 获取计算机名称
202213015011043035 [info] 获取Windows版本
202213015011043035 [info] 获取系统运行时间
202213015011044049 [info] 初始化设备
202213015011044049 [info] 初始化CPU基本信息
202213015011044049 [info] 获取CPU详细信息
202213015011044049 [info] 获取CPU描述
202213015011044049 [info] 获取CPU架构
202213015011044049 [info] 获取CPU使用率
202213015011044049 [info] 更新CPU使用率、磁盘I/O、网络速度
202213015011044051 [info] 初始化磁盘基本信息
202213015011044051 [info] 获取磁盘数量
202213015011044051 [info] 获取磁盘总容量、剩余容量、使用率
202213015011044051 [info] 获取磁盘I/O
202213015011044051 [info] 更新CPU使用率、磁盘I/O、网络速度
202213015011044052 [info] 初始化GPU基本信息
202213015011044052 [info] 获取GPU数量
202213015011044052 [info] 获取GPU信息、GPU内存
202213015011044052 [info] 初始化内存信息
202213015011044052 [info] 获取内存大小
202213015011044052 [info] 获取内存使用量
202213015011044052 [info] 初始化网络信息
202213015011044052 [info] 获取网卡数量
202213015011044052 [info] 获取网卡详细信息
202213015011044052 [info] 获取网络速度
202213015011044052 [info] 更新CPU使用率、磁盘I/O、网络速度
202213015011044053 [info] 获取计算机名称
202213015011044053 [info] 获取Windows版本
202213015011044053 [info] 获取系统运行时间
202213015011046032 [info] 初始化设备
202213015011046032 [info] 初始化CPU基本信息
202213015011046032 [info] 获取CPU详细信息
202213015011046032 [info] 获取CPU描述
202213015011046032 [info] 获取CPU架构
202213015011046032 [info] 获取CPU使用率
202213015011046032 [info] 更新CPU使用率、磁盘I/O、网络速度
202213015011046034 [info] 初始化磁盘基本信息
202213015011046034 [info] 获取磁盘数量
202213015011046034 [info] 获取磁盘总容量、剩余容量、使用率
202213015011046034 [info] 获取磁盘I/O
202213015011046034 [info] 更新CPU使用率、磁盘I/O、网络速度
202213015011046035 [info] 初始化GPU基本信息
202213015011046035 [info] 获取GPU数量
202213015011046035 [info] 获取GPU信息、GPU内存
202213015011046035 [info] 初始化内存信息
202213015011046035 [info] 获取内存大小
202213015011046035 [info] 获取内存使用量
202213015011046035 [info] 初始化网络信息
202213015011046035 [info] 获取网卡数量
202213015011046035 [info] 获取网卡详细信息
202213015011046035 [info] 获取网络速度
202213015011046035 [info] 更新CPU使用率、磁盘I/O、网络速度
202213015011046036 [info] 获取计算机名称
202213015011046036 [info] 获取Windows版本
202213015011046036 [info] 获取系统运行时间
202213015011046036 [info] 更新CPU使用率、磁盘I/O、网络速度
202213015013033020 [info] 初始化设备
202213015013033020 [info] 初始化CPU基本信息
202213015013033020 [info] 获取CPU详细信息
202213015013033020 [info] 获取CPU描述
202213015013033020 [info] 获取CPU架构
202213015013033020 [info] 获取CPU使用率
202213015013033020 [info] 更新CPU使用率、磁盘I/O、网络速度
202213015013033021 [info] 初始化磁盘基本信息
202213015013033021 [info] 获取磁盘数量
202213015013033021 [info] 获取磁盘总容量、剩余容量、使用率
202213015013033021 [info] 获取磁盘I/O
202213015013033021 [info] 更新CPU使用率、磁盘I/O、网络速度
202213015013033022 [info] 初始化GPU基本信息
202213015013033022 [info] 获取GPU数量
202213015013033022 [info] 获取GPU信息、GPU内存
202213015013033022 [info] 初始化内存信息
202213015013033022 [info] 获取内存大小
202213015013033022 [info] 获取内存使用量
202213015013033022 [info] 初始化网络信息
202213015013033022 [info] 获取网卡数量
202213015013033022 [info] 获取网卡详细信息
202213015013033022 [info] 获取网络速度
202213015013033022 [info] 更新CPU使用率、磁盘I/O、网络速度
202213015013033023 [info] 获取计算机名称
202213015013033023 [info] 获取Windows版本
202213015013033023 [info] 获取系统运行时间
20221301501303417 [info] 初始化设备
20221301501303417 [info] 初始化CPU基本信息
20221301501303417 [info] 获取CPU详细信息
20221301501303417 [info] 获取CPU描述
20221301501303417 [info] 获取CPU架构
20221301501303417 [info] 获取CPU使用率
20221301501303417 [info] 更新CPU使用率、磁盘I/O、网络速度
20221301501303418 [info] 初始化磁盘基本信息
20221301501303418 [info] 获取磁盘数量
20221301501303418 [info] 获取磁盘总容量、剩余容量、使用率
20221301501303418 [info] 获取磁盘I/O
20221301501303418 [info] 更新CPU使用率、磁盘I/O、网络速度
20221301501303419 [info] 初始化GPU基本信息
20221301501303419 [info] 获取GPU数量
20221301501303419 [info] 获取GPU信息、GPU内存
20221301501303419 [info] 初始化内存信息
20221301501303419 [info] 获取内存大小
20221301501303419 [info] 获取内存使用量
20221301501303419 [info] 初始化网络信息
20221301501303419 [info] 获取网卡数量
20221301501303419 [info] 获取网卡详细信息
20221301501303419 [info] 获取网络速度
20221301501303419 [info] 更新CPU使用率、磁盘I/O、网络速度
202213015013034010 [info] 获取计算机名称
202213015013034010 [info] 获取Windows版本
202213015013034010 [info] 获取系统运行时间
202213015013035026 [info] 初始化设备
202213015013035026 [info] 初始化CPU基本信息
202213015013035026 [info] 获取CPU详细信息
202213015013035026 [info] 获取CPU描述
202213015013035026 [info] 获取CPU架构
202213015013035026 [info] 获取CPU使用率
202213015013035026 [info] 更新CPU使用率、磁盘I/O、网络速度
202213015013035027 [info] 初始化磁盘基本信息
202213015013035027 [info] 获取磁盘数量
202213015013035027 [info] 获取磁盘总容量、剩余容量、使用率
202213015013035027 [info] 获取磁盘I/O
202213015013035027 [info] 更新CPU使用率、磁盘I/O、网络速度
202213015013035028 [info] 初始化GPU基本信息
202213015013035028 [info] 获取GPU数量
202213015013035028 [info] 获取GPU信息、GPU内存
202213015013035028 [info] 初始化内存信息
202213015013035028 [info] 获取内存大小
202213015013035028 [info] 获取内存使用量
202213015013035028 [info] 初始化网络信息
202213015013035028 [info] 获取网卡数量
202213015013035028 [info] 获取网卡详细信息
202213015013035028 [info] 获取网络速度
202213015013035028 [info] 更新CPU使用率、磁盘I/O、网络速度
202213015013035029 [info] 获取计算机名称
202213015013035029 [info] 获取Windows版本
202213015013035029 [info] 获取系统运行时间
202213015013036057 [info] 初始化设备
202213015013036057 [info] 初始化CPU基本信息
202213015013036057 [info] 获取CPU详细信息
202213015013036057 [info] 获取CPU描述
202213015013036057 [info] 获取CPU架构
202213015013036057 [info] 获取CPU使用率
202213015013036057 [info] 更新CPU使用率、磁盘I/O、网络速度
202213015013036058 [info] 初始化磁盘基本信息
202213015013036058 [info] 获取磁盘数量
202213015013036058 [info] 获取磁盘总容量、剩余容量、使用率
202213015013036058 [info] 获取磁盘I/O
202213015013036058 [info] 更新CPU使用率、磁盘I/O、网络速度
202213015013036059 [info] 初始化GPU基本信息
202213015013036059 [info] 获取GPU数量
202213015013036059 [info] 获取GPU信息、GPU内存
202213015013036059 [info] 初始化内存信息
202213015013036059 [info] 获取内存大小
202213015013036059 [info] 获取内存使用量
202213015013036059 [info] 初始化网络信息
202213015013036059 [info] 获取网卡数量
202213015013036059 [info] 获取网卡详细信息
202213015013036059 [info] 获取网络速度
202213015013036059 [info] 更新CPU使用率、磁盘I/O、网络速度
20221301501303710 [info] 获取计算机名称
20221301501303710 [info] 获取Windows版本
20221301501303710 [info] 获取系统运行时间
202213015013037023 [info] 初始化设备
202213015013037023 [info] 初始化CPU基本信息
202213015013037023 [info] 获取CPU详细信息
202213015013037023 [info] 获取CPU描述
202213015013037023 [info] 获取CPU架构
202213015013037023 [info] 获取CPU使用率
202213015013037023 [info] 更新CPU使用率、磁盘I/O、网络速度
202213015013037025 [info] 初始化磁盘基本信息
202213015013037025 [info] 获取磁盘数量
202213015013037025 [info] 获取磁盘总容量、剩余容量、使用率
202213015013037025 [info] 获取磁盘I/O
202213015013037025 [info] 更新CPU使用率、磁盘I/O、网络速度
202213015013037026 [info] 初始化GPU基本信息
202213015013037026 [info] 获取GPU数量
202213015013037026 [info] 获取GPU信息、GPU内存
202213015013037026 [info] 初始化内存信息
202213015013037026 [info] 获取内存大小
202213015013037026 [info] 获取内存使用量
202213015013037026 [info] 初始化网络信息
202213015013037026 [info] 获取网卡数量
202213015013037026 [info] 获取网卡详细信息
202213015013037026 [info] 获取网络速度
202213015013037026 [info] 更新CPU使用率、磁盘I/O、网络速度
202213015013037027 [info] 获取计算机名称
202213015013037027 [info] 获取Windows版本
202213015013037027 [info] 获取系统运行时间
202213015013039035 [info] 初始化设备
202213015013039035 [info] 初始化CPU基本信息
202213015013039035 [info] 获取CPU详细信息
202213015013039035 [info] 获取CPU描述
202213015013039035 [info] 获取CPU架构
202213015013039035 [info] 获取CPU使用率
202213015013039035 [info] 更新CPU使用率、磁盘I/O、网络速度
202213015013039036 [info] 初始化磁盘基本信息
202213015013039036 [info] 获取磁盘数量
202213015013039036 [info] 获取磁盘总容量、剩余容量、使用率
202213015013039036 [info] 获取磁盘I/O
202213015013039036 [info] 更新CPU使用率、磁盘I/O、网络速度
202213015013039037 [info] 初始化GPU基本信息
202213015013039037 [info] 获取GPU数量
202213015013039037 [info] 获取GPU信息、GPU内存
202213015013039037 [info] 初始化内存信息
202213015013039037 [info] 获取内存大小
202213015013039037 [info] 获取内存使用量
202213015013039037 [info] 初始化网络信息
202213015013039037 [info] 获取网卡数量
202213015013039037 [info] 获取网卡详细信息
202213015013039037 [info] 获取网络速度
202213015013039037 [info] 更新CPU使用率、磁盘I/O、网络速度
202213015013039038 [info] 获取计算机名称
202213015013039038 [info] 获取Windows版本
202213015013039038 [info] 获取系统运行时间
202213015013041054 [info] 初始化设备
202213015013041054 [info] 初始化CPU基本信息
202213015013041054 [info] 获取CPU详细信息
202213015013041054 [info] 获取CPU描述
202213015013041054 [info] 获取CPU架构
202213015013041054 [info] 获取CPU使用率
202213015013041054 [info] 更新CPU使用率、磁盘I/O、网络速度
202213015013041056 [info] 初始化磁盘基本信息
202213015013041056 [info] 获取磁盘数量
202213015013041056 [info] 获取磁盘总容量、剩余容量、使用率
202213015013041056 [info] 获取磁盘I/O
202213015013041056 [info] 更新CPU使用率、磁盘I/O、网络速度
202213015013041057 [info] 初始化GPU基本信息
202213015013041057 [info] 获取GPU数量
202213015013041057 [info] 获取GPU信息、GPU内存
202213015013041057 [info] 初始化内存信息
202213015013041057 [info] 获取内存大小
202213015013041057 [info] 获取内存使用量
202213015013041057 [info] 初始化网络信息
202213015013041057 [info] 获取网卡数量
202213015013041057 [info] 获取网卡详细信息
202213015013041057 [info] 获取网络速度
202213015013041057 [info] 更新CPU使用率、磁盘I/O、网络速度
202213015013041058 [info] 获取计算机名称
202213015013041058 [info] 获取Windows版本
202213015013041058 [info] 获取系统运行时间
202213015013041058 [info] 更新CPU使用率、磁盘I/O、网络速度
202213015013042022 [info] 初始化设备
202213015013042022 [info] 初始化CPU基本信息
202213015013042022 [info] 获取CPU详细信息
202213015013042022 [info] 获取CPU描述
202213015013042022 [info] 获取CPU架构
202213015013042022 [info] 获取CPU使用率
202213015013042022 [info] 更新CPU使用率、磁盘I/O、网络速度
202213015013042023 [info] 初始化磁盘基本信息
202213015013042023 [info] 获取磁盘数量
202213015013042023 [info] 获取磁盘总容量、剩余容量、使用率
202213015013042023 [info] 获取磁盘I/O
202213015013042023 [info] 更新CPU使用率、磁盘I/O、网络速度
202213015013042024 [info] 初始化GPU基本信息
202213015013042024 [info] 获取GPU数量
202213015013042024 [info] 获取GPU信息、GPU内存
202213015013042024 [info] 初始化内存信息
202213015013042024 [info] 获取内存大小
202213015013042024 [info] 获取内存使用量
202213015013042024 [info] 初始化网络信息
202213015013042024 [info] 获取网卡数量
202213015013042024 [info] 获取网卡详细信息
202213015013042024 [info] 获取网络速度
202213015013042024 [info] 更新CPU使用率、磁盘I/O、网络速度
202213015013042025 [info] 获取计算机名称
202213015013042025 [info] 获取Windows版本
202213015013042025 [info] 获取系统运行时间
202213015013043016 [info] 更新CPU使用率、磁盘I/O、网络速度
20221301501305014 [info] 初始化设备
20221301501305014 [info] 初始化CPU基本信息
20221301501305014 [info] 获取CPU详细信息
20221301501305014 [info] 获取CPU描述
20221301501305014 [info] 获取CPU架构
20221301501305014 [info] 获取CPU使用率
20221301501305014 [info] 更新CPU使用率、磁盘I/O、网络速度
20221301501305015 [info] 初始化磁盘基本信息
20221301501305015 [info] 获取磁盘数量
20221301501305015 [info] 获取磁盘总容量、剩余容量、使用率
20221301501305015 [info] 获取磁盘I/O
20221301501305015 [info] 更新CPU使用率、磁盘I/O、网络速度
20221301501305016 [info] 初始化GPU基本信息
20221301501305016 [info] 获取GPU数量
20221301501305016 [info] 获取GPU信息、GPU内存
20221301501305016 [info] 初始化内存信息
20221301501305016 [info] 获取内存大小
20221301501305016 [info] 获取内存使用量
20221301501305016 [info] 初始化网络信息
20221301501305016 [info] 获取网卡数量
20221301501305016 [info] 获取网卡详细信息
20221301501305016 [info] 获取网络速度
20221301501305016 [info] 更新CPU使用率、磁盘I/O、网络速度
20221301501305017 [info] 获取计算机名称
20221301501305017 [info] 获取Windows版本
20221301501305017 [info] 获取系统运行时间
20221301501305017 [info] 更新CPU使用率、磁盘I/O、网络速度
20221301501305018 [info] 获取系统运行时间
20221301501305118 [info] 初始化设备
20221301501305118 [info] 初始化CPU基本信息
20221301501305118 [info] 获取CPU详细信息
20221301501305118 [info] 获取CPU描述
20221301501305118 [info] 获取CPU架构
20221301501305118 [info] 获取CPU使用率
20221301501305118 [info] 更新CPU使用率、磁盘I/O、网络速度
20221301501305119 [info] 初始化磁盘基本信息
20221301501305119 [info] 获取磁盘数量
20221301501305119 [info] 获取磁盘总容量、剩余容量、使用率
20221301501305119 [info] 获取磁盘I/O
20221301501305119 [info] 更新CPU使用率、磁盘I/O、网络速度
202213015013051010 [info] 初始化GPU基本信息
202213015013051010 [info] 获取GPU数量
202213015013051010 [info] 获取GPU信息、GPU内存
202213015013051010 [info] 初始化内存信息
202213015013051010 [info] 获取内存大小
202213015013051010 [info] 获取内存使用量
202213015013051010 [info] 初始化网络信息
202213015013051010 [info] 获取网卡数量
202213015013051010 [info] 获取网卡详细信息
202213015013051010 [info] 获取网络速度
202213015013051010 [info] 更新CPU使用率、磁盘I/O、网络速度
202213015013051011 [info] 获取计算机名称
202213015013051011 [info] 获取Windows版本
202213015013051011 [info] 获取系统运行时间
202213015013051011 [info] 更新CPU使用率、磁盘I/O、网络速度
202213015013051038 [info] 初始化设备
202213015013051038 [info] 初始化CPU基本信息
202213015013051038 [info] 获取CPU详细信息
202213015013051038 [info] 获取CPU描述
202213015013051038 [info] 获取CPU架构
202213015013051038 [info] 获取CPU使用率
202213015013051038 [info] 更新CPU使用率、磁盘I/O、网络速度
202213015013051039 [info] 初始化磁盘基本信息
202213015013051039 [info] 获取磁盘数量
202213015013051039 [info] 获取磁盘总容量、剩余容量、使用率
202213015013051039 [info] 获取磁盘I/O
202213015013051039 [info] 更新CPU使用率、磁盘I/O、网络速度
202213015013051040 [info] 初始化GPU基本信息
202213015013051040 [info] 获取GPU数量
202213015013051040 [info] 获取GPU信息、GPU内存
202213015013051040 [info] 初始化内存信息
202213015013051040 [info] 获取内存大小
202213015013051040 [info] 获取内存使用量
202213015013051040 [info] 初始化网络信息
202213015013051040 [info] 获取网卡数量
202213015013051040 [info] 获取网卡详细信息
202213015013051040 [info] 获取网络速度
202213015013051040 [info] 更新CPU使用率、磁盘I/O、网络速度
202213015013051041 [info] 获取计算机名称
202213015013051041 [info] 获取Windows版本
202213015013051041 [info] 获取系统运行时间
20221301501305212 [info] 初始化设备
20221301501305212 [info] 初始化CPU基本信息
20221301501305212 [info] 获取CPU详细信息
20221301501305212 [info] 获取CPU描述
20221301501305212 [info] 获取CPU架构
20221301501305212 [info] 获取CPU使用率
20221301501305212 [info] 更新CPU使用率、磁盘I/O、网络速度
20221301501305213 [info] 初始化磁盘基本信息
20221301501305213 [info] 获取磁盘数量
20221301501305213 [info] 获取磁盘总容量、剩余容量、使用率
20221301501305213 [info] 获取磁盘I/O
20221301501305213 [info] 更新CPU使用率、磁盘I/O、网络速度
20221301501305214 [info] 初始化GPU基本信息
20221301501305214 [info] 获取GPU数量
20221301501305214 [info] 获取GPU信息、GPU内存
20221301501305214 [info] 初始化内存信息
20221301501305214 [info] 获取内存大小
20221301501305214 [info] 获取内存使用量
20221301501305214 [info] 初始化网络信息
20221301501305214 [info] 获取网卡数量
20221301501305214 [info] 获取网卡详细信息
20221301501305214 [info] 获取网络速度
20221301501305214 [info] 更新CPU使用率、磁盘I/O、网络速度
20221301501305215 [info] 获取计算机名称
20221301501305215 [info] 获取Windows版本
20221301501305215 [info] 获取系统运行时间
202213015013052038 [info] 初始化设备
202213015013052038 [info] 初始化CPU基本信息
202213015013052038 [info] 获取CPU详细信息
202213015013052038 [info] 获取CPU描述
202213015013052038 [info] 获取CPU架构
202213015013052038 [info] 获取CPU使用率
202213015013052038 [info] 更新CPU使用率、磁盘I/O、网络速度
202213015013052039 [info] 初始化磁盘基本信息
202213015013052039 [info] 获取磁盘数量
202213015013052039 [info] 获取磁盘总容量、剩余容量、使用率
202213015013052039 [info] 获取磁盘I/O
202213015013052039 [info] 更新CPU使用率、磁盘I/O、网络速度
202213015013052040 [info] 初始化GPU基本信息
202213015013052040 [info] 获取GPU数量
202213015013052040 [info] 获取GPU信息、GPU内存
202213015013052040 [info] 初始化内存信息
202213015013052040 [info] 获取内存大小
202213015013052040 [info] 获取内存使用量
202213015013052040 [info] 初始化网络信息
202213015013052040 [info] 获取网卡数量
202213015013052040 [info] 获取网卡详细信息
202213015013052040 [info] 获取网络速度
202213015013052040 [info] 更新CPU使用率、磁盘I/O、网络速度
202213015013052041 [info] 获取计算机名称
202213015013052041 [info] 获取Windows版本
202213015013052041 [info] 获取系统运行时间
202213015013059029 [info] 初始化设备
202213015013059029 [info] 初始化CPU基本信息
202213015013059029 [info] 获取CPU详细信息
202213015013059029 [info] 获取CPU描述
202213015013059029 [info] 获取CPU架构
202213015013059029 [info] 获取CPU使用率
202213015013059029 [info] 更新CPU使用率、磁盘I/O、网络速度
202213015013059030 [info] 初始化磁盘基本信息
202213015013059030 [info] 获取磁盘数量
202213015013059030 [info] 获取磁盘总容量、剩余容量、使用率
202213015013059030 [info] 获取磁盘I/O
202213015013059030 [info] 更新CPU使用率、磁盘I/O、网络速度
202213015013059031 [info] 初始化GPU基本信息
202213015013059031 [info] 获取GPU数量
202213015013059031 [info] 获取GPU信息、GPU内存
202213015013059031 [info] 初始化内存信息
202213015013059031 [info] 获取内存大小
202213015013059031 [info] 获取内存使用量
202213015013059031 [info] 初始化网络信息
202213015013059031 [info] 获取网卡数量
202213015013059031 [info] 获取网卡详细信息
202213015013059031 [info] 获取网络速度
202213015013059031 [info] 更新CPU使用率、磁盘I/O、网络速度
202213015013059032 [info] 获取计算机名称
202213015013059032 [info] 获取Windows版本
202213015013059032 [info] 获取系统运行时间
20221301501412041 [info] 初始化设备
20221301501412041 [info] 初始化CPU基本信息
20221301501412041 [info] 获取CPU详细信息
20221301501412041 [info] 获取CPU描述
20221301501412041 [info] 获取CPU架构
20221301501412041 [info] 获取CPU使用率
20221301501412041 [info] 更新CPU使用率、磁盘I/O、网络速度
20221301501412042 [info] 初始化磁盘基本信息
20221301501412042 [info] 获取磁盘数量
20221301501412042 [info] 获取磁盘总容量、剩余容量、使用率
20221301501412042 [info] 获取磁盘I/O
20221301501412042 [info] 更新CPU使用率、磁盘I/O、网络速度
20221301501412043 [info] 初始化GPU基本信息
20221301501412043 [info] 获取GPU数量
20221301501412043 [info] 获取GPU信息、GPU内存
20221301501412043 [info] 初始化内存信息
20221301501412043 [info] 获取内存大小
20221301501412043 [info] 获取内存使用量
20221301501412043 [info] 初始化网络信息
20221301501412043 [info] 获取网卡数量
20221301501412043 [info] 获取网卡详细信息
20221301501412043 [info] 获取网络速度
20221301501412043 [info] 更新CPU使用率、磁盘I/O、网络速度
20221301501412045 [info] 获取计算机名称
20221301501412045 [info] 获取Windows版本
20221301501412045 [info] 获取系统运行时间
20221301501413025 [info] 初始化设备
20221301501413025 [info] 初始化CPU基本信息
20221301501413025 [info] 获取CPU详细信息
20221301501413025 [info] 获取CPU描述
20221301501413025 [info] 获取CPU架构
20221301501413025 [info] 获取CPU使用率
20221301501413025 [info] 更新CPU使用率、磁盘I/O、网络速度
20221301501413027 [info] 初始化磁盘基本信息
20221301501413027 [info] 获取磁盘数量
20221301501413027 [info] 获取磁盘总容量、剩余容量、使用率
20221301501413027 [info] 获取磁盘I/O
20221301501413027 [info] 更新CPU使用率、磁盘I/O、网络速度
20221301501413028 [info] 初始化GPU基本信息
20221301501413028 [info] 获取GPU数量
20221301501413028 [info] 获取GPU信息、GPU内存
20221301501413028 [info] 初始化内存信息
20221301501413028 [info] 获取内存大小
20221301501413028 [info] 获取内存使用量
20221301501413028 [info] 初始化网络信息
20221301501413028 [info] 获取网卡数量
20221301501413028 [info] 获取网卡详细信息
20221301501413028 [info] 获取网络速度
20221301501413028 [info] 更新CPU使用率、磁盘I/O、网络速度
20221301501413029 [info] 获取计算机名称
20221301501413029 [info] 获取Windows版本
20221301501413029 [info] 获取系统运行时间
20221301501415027 [info] 初始化设备
20221301501415027 [info] 初始化CPU基本信息
20221301501415027 [info] 获取CPU详细信息
20221301501415027 [info] 获取CPU描述
20221301501415027 [info] 获取CPU架构
20221301501415027 [info] 获取CPU使用率
20221301501415027 [info] 更新CPU使用率、磁盘I/O、网络速度
20221301501415028 [info] 初始化磁盘基本信息
20221301501415028 [info] 获取磁盘数量
20221301501415028 [info] 获取磁盘总容量、剩余容量、使用率
20221301501415028 [info] 获取磁盘I/O
20221301501415028 [info] 更新CPU使用率、磁盘I/O、网络速度
20221301501415029 [info] 初始化GPU基本信息
20221301501415029 [info] 获取GPU数量
20221301501415029 [info] 获取GPU信息、GPU内存
20221301501415029 [info] 初始化内存信息
20221301501415029 [info] 获取内存大小
20221301501415029 [info] 获取内存使用量
20221301501415029 [info] 初始化网络信息
20221301501415029 [info] 获取网卡数量
20221301501415029 [info] 获取网卡详细信息
20221301501415029 [info] 获取网络速度
20221301501415029 [info] 更新CPU使用率、磁盘I/O、网络速度
20221301501415030 [info] 获取计算机名称
20221301501415030 [info] 获取Windows版本
20221301501415030 [info] 获取系统运行时间
202213015014012020 [info] 初始化设备
202213015014012020 [info] 初始化CPU基本信息
202213015014012020 [info] 获取CPU详细信息
202213015014012020 [info] 获取CPU描述
202213015014012020 [info] 获取CPU架构
202213015014012020 [info] 获取CPU使用率
202213015014012020 [info] 更新CPU使用率、磁盘I/O、网络速度
202213015014012021 [info] 初始化磁盘基本信息
202213015014012021 [info] 获取磁盘数量
202213015014012021 [info] 获取磁盘总容量、剩余容量、使用率
202213015014012021 [info] 获取磁盘I/O
202213015014012021 [info] 更新CPU使用率、磁盘I/O、网络速度
202213015014012022 [info] 初始化GPU基本信息
202213015014012022 [info] 获取GPU数量
202213015014012022 [info] 获取GPU信息、GPU内存
202213015014012022 [info] 初始化内存信息
202213015014012022 [info] 获取内存大小
202213015014012022 [info] 获取内存使用量
202213015014012022 [info] 初始化网络信息
202213015014012022 [info] 获取网卡数量
202213015014012022 [info] 获取网卡详细信息
202213015014012022 [info] 获取网络速度
202213015014012022 [info] 更新CPU使用率、磁盘I/O、网络速度
202213015014012023 [info] 获取计算机名称
202213015014012023 [info] 获取Windows版本
202213015014012023 [info] 获取系统运行时间
202213015014013036 [info] 初始化设备
202213015014013036 [info] 初始化CPU基本信息
202213015014013036 [info] 获取CPU详细信息
202213015014013036 [info] 获取CPU描述
202213015014013036 [info] 获取CPU架构
202213015014013036 [info] 获取CPU使用率
202213015014013036 [info] 更新CPU使用率、磁盘I/O、网络速度
202213015014013037 [info] 初始化磁盘基本信息
202213015014013037 [info] 获取磁盘数量
202213015014013037 [info] 获取磁盘总容量、剩余容量、使用率
202213015014013037 [info] 获取磁盘I/O
202213015014013037 [info] 更新CPU使用率、磁盘I/O、网络速度
202213015014013038 [info] 初始化GPU基本信息
202213015014013038 [info] 获取GPU数量
202213015014013038 [info] 获取GPU信息、GPU内存
202213015014013038 [info] 初始化内存信息
202213015014013038 [info] 获取内存大小
202213015014013038 [info] 获取内存使用量
202213015014013038 [info] 初始化网络信息
202213015014013038 [info] 获取网卡数量
202213015014013038 [info] 获取网卡详细信息
202213015014013038 [info] 获取网络速度
202213015014013038 [info] 更新CPU使用率、磁盘I/O、网络速度
202213015014013039 [info] 获取计算机名称
202213015014013039 [info] 获取Windows版本
202213015014013039 [info] 获取系统运行时间
20221301501401418 [info] 初始化设备
20221301501401418 [info] 初始化CPU基本信息
20221301501401418 [info] 获取CPU详细信息
20221301501401418 [info] 获取CPU描述
20221301501401418 [info] 获取CPU架构
20221301501401418 [info] 获取CPU使用率
20221301501401418 [info] 更新CPU使用率、磁盘I/O、网络速度
20221301501401419 [info] 初始化磁盘基本信息
20221301501401419 [info] 获取磁盘数量
20221301501401419 [info] 获取磁盘总容量、剩余容量、使用率
20221301501401419 [info] 获取磁盘I/O
20221301501401419 [info] 更新CPU使用率、磁盘I/O、网络速度
202213015014014010 [info] 初始化GPU基本信息
202213015014014010 [info] 获取GPU数量
202213015014014010 [info] 获取GPU信息、GPU内存
202213015014014010 [info] 初始化内存信息
202213015014014010 [info] 获取内存大小
202213015014014010 [info] 获取内存使用量
202213015014014010 [info] 初始化网络信息
202213015014014010 [info] 获取网卡数量
202213015014014010 [info] 获取网卡详细信息
202213015014014010 [info] 获取网络速度
202213015014014010 [info] 更新CPU使用率、磁盘I/O、网络速度
202213015014014011 [info] 获取计算机名称
202213015014014011 [info] 获取Windows版本
202213015014014011 [info] 获取系统运行时间
202213015014014043 [info] 初始化设备
202213015014014043 [info] 初始化CPU基本信息
202213015014014043 [info] 获取CPU详细信息
202213015014014043 [info] 获取CPU描述
202213015014014043 [info] 获取CPU架构
202213015014014043 [info] 获取CPU使用率
202213015014014043 [info] 更新CPU使用率、磁盘I/O、网络速度
202213015014014045 [info] 初始化磁盘基本信息
202213015014014045 [info] 获取磁盘数量
202213015014014045 [info] 获取磁盘总容量、剩余容量、使用率
202213015014014045 [info] 获取磁盘I/O
202213015014014045 [info] 更新CPU使用率、磁盘I/O、网络速度
202213015014014046 [info] 初始化GPU基本信息
202213015014014046 [info] 获取GPU数量
202213015014014046 [info] 获取GPU信息、GPU内存
202213015014014046 [info] 初始化内存信息
202213015014014046 [info] 获取内存大小
202213015014014046 [info] 获取内存使用量
202213015014014046 [info] 初始化网络信息
202213015014014046 [info] 获取网卡数量
202213015014014046 [info] 获取网卡详细信息
202213015014014046 [info] 获取网络速度
202213015014014046 [info] 更新CPU使用率、磁盘I/O、网络速度
202213015014014047 [info] 获取计算机名称
202213015014014047 [info] 获取Windows版本
202213015014014047 [info] 获取系统运行时间
202213015014014056 [info] 初始化设备
202213015014014056 [info] 初始化CPU基本信息
202213015014014056 [info] 获取CPU详细信息
202213015014014056 [info] 获取CPU描述
202213015014014056 [info] 获取CPU架构
202213015014014056 [info] 获取CPU使用率
202213015014014056 [info] 更新CPU使用率、磁盘I/O、网络速度
202213015014014058 [info] 初始化磁盘基本信息
202213015014014058 [info] 获取磁盘数量
202213015014014058 [info] 获取磁盘总容量、剩余容量、使用率
202213015014014058 [info] 获取磁盘I/O
202213015014014058 [info] 更新CPU使用率、磁盘I/O、网络速度
202213015014014059 [info] 初始化GPU基本信息
202213015014014059 [info] 获取GPU数量
202213015014014059 [info] 获取GPU信息、GPU内存
202213015014014059 [info] 初始化内存信息
202213015014014059 [info] 获取内存大小
202213015014014059 [info] 获取内存使用量
202213015014014059 [info] 初始化网络信息
202213015014014059 [info] 获取网卡数量
202213015014014059 [info] 获取网卡详细信息
202213015014014059 [info] 获取网络速度
202213015014014059 [info] 更新CPU使用率、磁盘I/O、网络速度
20221301501401510 [info] 获取计算机名称
20221301501401510 [info] 获取Windows版本
20221301501401510 [info] 获取系统运行时间
202213015014015023 [info] 初始化设备
202213015014015023 [info] 初始化CPU基本信息
202213015014015023 [info] 获取CPU详细信息
202213015014015023 [info] 获取CPU描述
202213015014015023 [info] 获取CPU架构
202213015014015023 [info] 获取CPU使用率
202213015014015023 [info] 更新CPU使用率、磁盘I/O、网络速度
202213015014015025 [info] 初始化磁盘基本信息
202213015014015025 [info] 获取磁盘数量
202213015014015025 [info] 获取磁盘总容量、剩余容量、使用率
202213015014015025 [info] 获取磁盘I/O
202213015014015025 [info] 更新CPU使用率、磁盘I/O、网络速度
202213015014015026 [info] 初始化GPU基本信息
202213015014015026 [info] 获取GPU数量
202213015014015026 [info] 获取GPU信息、GPU内存
202213015014015026 [info] 初始化内存信息
202213015014015026 [info] 获取内存大小
202213015014015026 [info] 获取内存使用量
202213015014015026 [info] 初始化网络信息
202213015014015026 [info] 获取网卡数量
202213015014015026 [info] 获取网卡详细信息
202213015014015026 [info] 获取网络速度
202213015014015026 [info] 更新CPU使用率、磁盘I/O、网络速度
202213015014015027 [info] 获取计算机名称
202213015014015027 [info] 获取Windows版本
202213015014015027 [info] 获取系统运行时间
202213015014015047 [info] 初始化设备
202213015014015047 [info] 初始化CPU基本信息
202213015014015047 [info] 获取CPU详细信息
202213015014015047 [info] 获取CPU描述
202213015014015047 [info] 获取CPU架构
202213015014015047 [info] 获取CPU使用率
202213015014015047 [info] 更新CPU使用率、磁盘I/O、网络速度
202213015014015048 [info] 初始化磁盘基本信息
202213015014015048 [info] 获取磁盘数量
202213015014015048 [info] 获取磁盘总容量、剩余容量、使用率
202213015014015048 [info] 获取磁盘I/O
202213015014015048 [info] 更新CPU使用率、磁盘I/O、网络速度
202213015014015049 [info] 初始化GPU基本信息
202213015014015049 [info] 获取GPU数量
202213015014015049 [info] 获取GPU信息、GPU内存
202213015014015049 [info] 初始化内存信息
202213015014015049 [info] 获取内存大小
202213015014015049 [info] 获取内存使用量
202213015014015049 [info] 初始化网络信息
202213015014015049 [info] 获取网卡数量
202213015014015049 [info] 获取网卡详细信息
202213015014015049 [info] 获取网络速度
202213015014015049 [info] 更新CPU使用率、磁盘I/O、网络速度
202213015014015050 [info] 获取计算机名称
202213015014015050 [info] 获取Windows版本
202213015014015050 [info] 获取系统运行时间
202213015014016013 [info] 初始化设备
202213015014016013 [info] 初始化CPU基本信息
202213015014016013 [info] 获取CPU详细信息
202213015014016013 [info] 获取CPU描述
202213015014016013 [info] 获取CPU架构
202213015014016013 [info] 获取CPU使用率
202213015014016013 [info] 更新CPU使用率、磁盘I/O、网络速度
202213015014016015 [info] 初始化磁盘基本信息
202213015014016015 [info] 获取磁盘数量
202213015014016015 [info] 获取磁盘总容量、剩余容量、使用率
202213015014016015 [info] 获取磁盘I/O
202213015014016015 [info] 更新CPU使用率、磁盘I/O、网络速度
202213015014016016 [info] 初始化GPU基本信息
202213015014016016 [info] 获取GPU数量
202213015014016016 [info] 获取GPU信息、GPU内存
202213015014016016 [info] 初始化内存信息
202213015014016016 [info] 获取内存大小
202213015014016016 [info] 获取内存使用量
202213015014016016 [info] 初始化网络信息
202213015014016016 [info] 获取网卡数量
202213015014016016 [info] 获取网卡详细信息
202213015014016016 [info] 获取网络速度
202213015014016016 [info] 更新CPU使用率、磁盘I/O、网络速度
202213015014016017 [info] 获取计算机名称
202213015014016017 [info] 获取Windows版本
202213015014016017 [info] 获取系统运行时间
20221301501401718 [info] 初始化设备
20221301501401718 [info] 初始化CPU基本信息
20221301501401718 [info] 获取CPU详细信息
20221301501401718 [info] 获取CPU描述
20221301501401718 [info] 获取CPU架构
20221301501401718 [info] 获取CPU使用率
20221301501401718 [info] 更新CPU使用率、磁盘I/O、网络速度
202213015014017010 [info] 初始化磁盘基本信息
202213015014017010 [info] 获取磁盘数量
202213015014017010 [info] 获取磁盘总容量、剩余容量、使用率
202213015014017010 [info] 获取磁盘I/O
202213015014017010 [info] 更新CPU使用率、磁盘I/O、网络速度
202213015014017011 [info] 初始化GPU基本信息
202213015014017011 [info] 获取GPU数量
202213015014017011 [info] 获取GPU信息、GPU内存
202213015014017011 [info] 初始化内存信息
202213015014017011 [info] 获取内存大小
202213015014017011 [info] 获取内存使用量
202213015014017011 [info] 初始化网络信息
202213015014017011 [info] 获取网卡数量
202213015014017011 [info] 获取网卡详细信息
202213015014017011 [info] 获取网络速度
202213015014017011 [info] 更新CPU使用率、磁盘I/O、网络速度
202213015014017012 [info] 获取计算机名称
202213015014017012 [info] 获取Windows版本
202213015014017012 [info] 获取系统运行时间
202213015014023024 [info] 初始化CPU基本信息
202213015014023024 [info] 获取CPU详细信息
202213015014023024 [info] 获取CPU描述
202213015014023024 [info] 获取CPU架构
202213015014023024 [info] 获取CPU使用率
202213015014023024 [info] 更新CPU使用率、磁盘I/O、网络速度
202213015014023025 [info] 初始化磁盘基本信息
202213015014023025 [info] 获取磁盘数量
202213015014023025 [info] 获取磁盘总容量、剩余容量、使用率
202213015014023025 [info] 获取磁盘I/O
202213015014023025 [info] 更新CPU使用率、磁盘I/O、网络速度
202213015014023026 [info] 初始化GPU基本信息
202213015014023026 [info] 获取GPU数量
202213015014023026 [info] 获取GPU信息、GPU内存
202213015014023026 [info] 初始化内存信息
202213015014023026 [info] 获取内存大小
202213015014023026 [info] 获取内存使用量
202213015014023026 [info] 初始化网络信息
202213015014023026 [info] 获取网卡数量
202213015014023026 [info] 获取网卡详细信息
202213015014023026 [info] 获取网络速度
202213015014023026 [info] 更新CPU使用率、磁盘I/O、网络速度
202213015014023027 [info] 获取计算机名称
202213015014023027 [info] 获取Windows版本
202213015014023027 [info] 获取系统运行时间
202213015014023038 [info] 初始化CPU基本信息
202213015014023038 [info] 获取CPU详细信息
202213015014023038 [info] 获取CPU描述
202213015014023038 [info] 获取CPU架构
202213015014023038 [info] 获取CPU使用率
202213015014023038 [info] 更新CPU使用率、磁盘I/O、网络速度
202213015014023039 [info] 初始化磁盘基本信息
202213015014023039 [info] 获取磁盘数量
202213015014023039 [info] 获取磁盘总容量、剩余容量、使用率
202213015014023039 [info] 获取磁盘I/O
202213015014023039 [info] 更新CPU使用率、磁盘I/O、网络速度
202213015014023040 [info] 初始化GPU基本信息
202213015014023040 [info] 获取GPU数量
202213015014023040 [info] 获取GPU信息、GPU内存
202213015014023040 [info] 初始化内存信息
202213015014023040 [info] 获取内存大小
202213015014023040 [info] 获取内存使用量
202213015014023040 [info] 初始化网络信息
202213015014023040 [info] 获取网卡数量
202213015014023041 [info] 获取网卡详细信息
202213015014023041 [info] 获取网络速度
202213015014023041 [info] 更新CPU使用率、磁盘I/O、网络速度
202213015014023042 [info] 获取计算机名称
202213015014023042 [info] 获取Windows版本
202213015014023042 [info] 获取系统运行时间
20221301501402411 [info] 初始化CPU基本信息
20221301501402411 [info] 获取CPU详细信息
20221301501402411 [info] 获取CPU描述
20221301501402411 [info] 获取CPU架构
20221301501402411 [info] 获取CPU使用率
20221301501402411 [info] 更新CPU使用率、磁盘I/O、网络速度
20221301501402412 [info] 初始化磁盘基本信息
20221301501402412 [info] 获取磁盘数量
20221301501402412 [info] 获取磁盘总容量、剩余容量、使用率
20221301501402412 [info] 获取磁盘I/O
20221301501402412 [info] 更新CPU使用率、磁盘I/O、网络速度
20221301501402413 [info] 初始化GPU基本信息
20221301501402413 [info] 获取GPU数量
20221301501402413 [info] 获取GPU信息、GPU内存
20221301501402413 [info] 初始化内存信息
20221301501402413 [info] 获取内存大小
20221301501402413 [info] 获取内存使用量
20221301501402413 [info] 初始化网络信息
20221301501402413 [info] 获取网卡数量
20221301501402413 [info] 获取网卡详细信息
20221301501402413 [info] 获取网络速度
20221301501402413 [info] 更新CPU使用率、磁盘I/O、网络速度
20221301501402414 [info] 获取计算机名称
20221301501402414 [info] 获取Windows版本
20221301501402414 [info] 获取系统运行时间
20221301501402512 [info] 初始化CPU基本信息
20221301501402512 [info] 获取CPU详细信息
20221301501402512 [info] 获取CPU描述
20221301501402512 [info] 获取CPU架构
20221301501402512 [info] 获取CPU使用率
20221301501402512 [info] 更新CPU使用率、磁盘I/O、网络速度
20221301501402513 [info] 初始化磁盘基本信息
20221301501402513 [info] 获取磁盘数量
20221301501402513 [info] 获取磁盘总容量、剩余容量、使用率
20221301501402513 [info] 获取磁盘I/O
20221301501402513 [info] 更新CPU使用率、磁盘I/O、网络速度
20221301501402514 [info] 初始化GPU基本信息
20221301501402514 [info] 获取GPU数量
20221301501402514 [info] 获取GPU信息、GPU内存
20221301501402514 [info] 初始化内存信息
20221301501402514 [info] 获取内存大小
20221301501402514 [info] 获取内存使用量
20221301501402514 [info] 初始化网络信息
20221301501402514 [info] 获取网卡数量
20221301501402514 [info] 获取网卡详细信息
20221301501402514 [info] 获取网络速度
20221301501402514 [info] 更新CPU使用率、磁盘I/O、网络速度
20221301501402515 [info] 获取计算机名称
20221301501402515 [info] 获取Windows版本
20221301501402515 [info] 获取系统运行时间
202213015014025058 [info] 初始化CPU基本信息
202213015014025058 [info] 获取CPU详细信息
202213015014025058 [info] 获取CPU描述
202213015014025058 [info] 获取CPU架构
202213015014025058 [info] 获取CPU使用率
202213015014025058 [info] 更新CPU使用率、磁盘I/O、网络速度
202213015014025059 [info] 初始化磁盘基本信息
202213015014025059 [info] 获取磁盘数量
202213015014025059 [info] 获取磁盘总容量、剩余容量、使用率
202213015014025059 [info] 获取磁盘I/O
202213015014025059 [info] 更新CPU使用率、磁盘I/O、网络速度
20221301501402610 [info] 初始化GPU基本信息
20221301501402610 [info] 获取GPU数量
20221301501402610 [info] 获取GPU信息、GPU内存
20221301501402610 [info] 初始化内存信息
20221301501402610 [info] 获取内存大小
20221301501402610 [info] 获取内存使用量
20221301501402610 [info] 初始化网络信息
20221301501402610 [info] 获取网卡数量
20221301501402610 [info] 获取网卡详细信息
20221301501402610 [info] 获取网络速度
20221301501402610 [info] 更新CPU使用率、磁盘I/O、网络速度
20221301501402611 [info] 获取计算机名称
20221301501402611 [info] 获取Windows版本
20221301501402611 [info] 获取系统运行时间
202213015014026020 [info] 初始化CPU基本信息
202213015014026020 [info] 获取CPU详细信息
202213015014026020 [info] 获取CPU描述
202213015014026020 [info] 获取CPU架构
202213015014026020 [info] 获取CPU使用率
202213015014026020 [info] 更新CPU使用率、磁盘I/O、网络速度
202213015014026021 [info] 初始化磁盘基本信息
202213015014026021 [info] 获取磁盘数量
202213015014026021 [info] 获取磁盘总容量、剩余容量、使用率
202213015014026021 [info] 获取磁盘I/O
202213015014026021 [info] 更新CPU使用率、磁盘I/O、网络速度
202213015014026022 [info] 初始化GPU基本信息
202213015014026022 [info] 获取GPU数量
202213015014026022 [info] 获取GPU信息、GPU内存
202213015014026022 [info] 初始化内存信息
202213015014026022 [info] 获取内存大小
202213015014026022 [info] 获取内存使用量
202213015014026022 [info] 初始化网络信息
202213015014026022 [info] 获取网卡数量
202213015014026022 [info] 获取网卡详细信息
202213015014026022 [info] 获取网络速度
202213015014026022 [info] 更新CPU使用率、磁盘I/O、网络速度
202213015014026023 [info] 获取计算机名称
202213015014026023 [info] 获取Windows版本
202213015014026023 [info] 获取系统运行时间
202213015014026032 [info] 初始化CPU基本信息
202213015014026032 [info] 获取CPU详细信息
202213015014026032 [info] 获取CPU描述
202213015014026032 [info] 获取CPU架构
202213015014026032 [info] 获取CPU使用率
202213015014026032 [info] 更新CPU使用率、磁盘I/O、网络速度
202213015014026034 [info] 初始化磁盘基本信息
202213015014026034 [info] 获取磁盘数量
202213015014026034 [info] 获取磁盘总容量、剩余容量、使用率
202213015014026034 [info] 获取磁盘I/O
202213015014026034 [info] 更新CPU使用率、磁盘I/O、网络速度
202213015014026035 [info] 初始化GPU基本信息
202213015014026035 [info] 获取GPU数量
202213015014026035 [info] 获取GPU信息、GPU内存
202213015014026035 [info] 初始化内存信息
202213015014026035 [info] 获取内存大小
202213015014026035 [info] 获取内存使用量
202213015014026035 [info] 初始化网络信息
202213015014026035 [info] 获取网卡数量
202213015014026035 [info] 获取网卡详细信息
202213015014026035 [info] 获取网络速度
202213015014026035 [info] 更新CPU使用率、磁盘I/O、网络速度
202213015014026036 [info] 获取计算机名称
202213015014026036 [info] 获取Windows版本
202213015014026036 [info] 获取系统运行时间
202213015014028017 [info] 初始化CPU基本信息
202213015014028017 [info] 获取CPU详细信息
202213015014028017 [info] 获取CPU描述
202213015014028017 [info] 获取CPU架构
202213015014028017 [info] 获取CPU使用率
202213015014028017 [info] 更新CPU使用率、磁盘I/O、网络速度
202213015014028018 [info] 初始化磁盘基本信息
202213015014028018 [info] 获取磁盘数量
202213015014028018 [info] 获取磁盘总容量、剩余容量、使用率
202213015014028018 [info] 获取磁盘I/O
202213015014028018 [info] 更新CPU使用率、磁盘I/O、网络速度
202213015014028019 [info] 初始化GPU基本信息
202213015014028019 [info] 获取GPU数量
202213015014028019 [info] 获取GPU信息、GPU内存
202213015014028019 [info] 初始化内存信息
202213015014028019 [info] 获取内存大小
202213015014028019 [info] 获取内存使用量
202213015014028019 [info] 初始化网络信息
202213015014028019 [info] 获取网卡数量
202213015014028019 [info] 获取网卡详细信息
202213015014028019 [info] 获取网络速度
202213015014028019 [info] 更新CPU使用率、磁盘I/O、网络速度
202213015014028020 [info] 获取计算机名称
202213015014028020 [info] 获取Windows版本
202213015014028020 [info] 获取系统运行时间
202213015014028020 [info] 更新CPU使用率、磁盘I/O、网络速度
202213015014028021 [info] 更新CPU使用率、磁盘I/O、网络速度
202213015014028022 [info] 更新CPU使用率、磁盘I/O、网络速度
202213015014028023 [info] 更新CPU使用率、磁盘I/O、网络速度
202213015014028024 [info] 更新CPU使用率、磁盘I/O、网络速度
202213015014028025 [info] 更新CPU使用率、磁盘I/O、网络速度
202213015014028026 [info] 更新CPU使用率、磁盘I/O、网络速度
202213015014028027 [info] 更新CPU使用率、磁盘I/O、网络速度
202213015014028040 [info] 初始化CPU基本信息
202213015014028040 [info] 获取CPU详细信息
202213015014028040 [info] 获取CPU描述
202213015014028041 [info] 获取CPU架构
202213015014028041 [info] 获取CPU使用率
202213015014028041 [info] 更新CPU使用率、磁盘I/O、网络速度
202213015014028042 [info] 初始化磁盘基本信息
202213015014028042 [info] 获取磁盘数量
202213015014028042 [info] 获取磁盘总容量、剩余容量、使用率
202213015014028042 [info] 获取磁盘I/O
202213015014028042 [info] 更新CPU使用率、磁盘I/O、网络速度
202213015014028043 [info] 初始化GPU基本信息
202213015014028043 [info] 获取GPU数量
202213015014028043 [info] 获取GPU信息、GPU内存
202213015014028043 [info] 初始化内存信息
202213015014028043 [info] 获取内存大小
202213015014028043 [info] 获取内存使用量
202213015014028043 [info] 初始化网络信息
202213015014028043 [info] 获取网卡数量
202213015014028043 [info] 获取网卡详细信息
202213015014028043 [info] 获取网络速度
202213015014028043 [info] 更新CPU使用率、磁盘I/O、网络速度
202213015014028044 [info] 获取计算机名称
202213015014028044 [info] 获取Windows版本
202213015014028044 [info] 获取系统运行时间
202213015014028044 [info] 更新CPU使用率、磁盘I/O、网络速度
202213015014028045 [info] 获取系统运行时间
202213015014028045 [info] 更新CPU使用率、磁盘I/O、网络速度
202213015014028046 [info] 获取系统运行时间
202213015014028046 [info] 更新CPU使用率、磁盘I/O、网络速度
202213015014028047 [info] 获取系统运行时间
202213015014028047 [info] 更新CPU使用率、磁盘I/O、网络速度
202213015014028048 [info] 获取系统运行时间
202213015014028048 [info] 更新CPU使用率、磁盘I/O、网络速度
202213015014028049 [info] 获取系统运行时间
202213015014028049 [info] 更新CPU使用率、磁盘I/O、网络速度
202213015014028050 [info] 获取系统运行时间
202213015014028050 [info] 更新CPU使用率、磁盘I/O、网络速度
202213015014028051 [info] 获取系统运行时间
20221301501402912 [info] 初始化CPU基本信息
20221301501402912 [info] 获取CPU详细信息
20221301501402912 [info] 获取CPU描述
20221301501402912 [info] 获取CPU架构
20221301501402912 [info] 获取CPU使用率
20221301501402912 [info] 更新CPU使用率、磁盘I/O、网络速度
20221301501402914 [info] 初始化磁盘基本信息
20221301501402914 [info] 获取磁盘数量
20221301501402914 [info] 获取磁盘总容量、剩余容量、使用率
20221301501402914 [info] 获取磁盘I/O
20221301501402914 [info] 更新CPU使用率、磁盘I/O、网络速度
20221301501402915 [info] 初始化GPU基本信息
20221301501402915 [info] 获取GPU数量
20221301501402915 [info] 获取GPU信息、GPU内存
20221301501402915 [info] 初始化内存信息
20221301501402915 [info] 获取内存大小
20221301501402915 [info] 获取内存使用量
20221301501402915 [info] 初始化网络信息
20221301501402915 [info] 获取网卡数量
20221301501402915 [info] 获取网卡详细信息
20221301501402915 [info] 获取网络速度
20221301501402915 [info] 更新CPU使用率、磁盘I/O、网络速度
20221301501402916 [info] 获取计算机名称
20221301501402916 [info] 获取Windows版本
20221301501402916 [info] 获取系统运行时间
20221301501402916 [info] 更新CPU使用率、磁盘I/O、网络速度
20221301501402917 [info] 获取系统运行时间
20221301501402917 [info] 获取内存使用量
20221301501402917 [info] 更新CPU使用率、磁盘I/O、网络速度
20221301501402918 [info] 获取系统运行时间
20221301501402918 [info] 获取内存使用量
20221301501402918 [info] 更新CPU使用率、磁盘I/O、网络速度
20221301501402919 [info] 获取系统运行时间
20221301501402919 [info] 获取内存使用量
20221301501402919 [info] 更新CPU使用率、磁盘I/O、网络速度
202213015014029010 [info] 获取系统运行时间
202213015014029010 [info] 获取内存使用量
202213015014029010 [info] 更新CPU使用率、磁盘I/O、网络速度
202213015014029011 [info] 获取系统运行时间
202213015014029011 [info] 获取内存使用量
202213015014029011 [info] 更新CPU使用率、磁盘I/O、网络速度
202213015014029012 [info] 获取系统运行时间
202213015014029012 [info] 获取内存使用量
202213015014029012 [info] 更新CPU使用率、磁盘I/O、网络速度
202213015014029013 [info] 获取系统运行时间
202213015014029013 [info] 获取内存使用量
202213015014029013 [info] 更新CPU使用率、磁盘I/O、网络速度
202213015014029014 [info] 获取系统运行时间
202213015014029014 [info] 获取内存使用量
202213015014029014 [info] 更新CPU使用率、磁盘I/O、网络速度
202213015014029015 [info] 获取系统运行时间
202213015014029015 [info] 获取内存使用量
202213015014029015 [info] 更新CPU使用率、磁盘I/O、网络速度
202213015014029016 [info] 获取系统运行时间
202213015014029016 [info] 获取内存使用量
202213015014029016 [info] 更新CPU使用率、磁盘I/O、网络速度
202213015014029017 [info] 获取系统运行时间
202213015014029017 [info] 获取内存使用量
202213015014029027 [info] 初始化CPU基本信息
202213015014029027 [info] 获取CPU详细信息
202213015014029027 [info] 获取CPU描述
202213015014029027 [info] 获取CPU架构
202213015014029027 [info] 获取CPU使用率
202213015014029027 [info] 更新CPU使用率、磁盘I/O、网络速度
202213015014029029 [info] 初始化磁盘基本信息
202213015014029029 [info] 获取磁盘数量
202213015014029029 [info] 获取磁盘总容量、剩余容量、使用率
202213015014029029 [info] 获取磁盘I/O
202213015014029029 [info] 更新CPU使用率、磁盘I/O、网络速度
202213015014029030 [info] 初始化GPU基本信息
202213015014029030 [info] 获取GPU数量
202213015014029030 [info] 获取GPU信息、GPU内存
202213015014029030 [info] 初始化内存信息
202213015014029030 [info] 获取内存大小
202213015014029030 [info] 获取内存使用量
202213015014029030 [info] 初始化网络信息
202213015014029030 [info] 获取网卡数量
202213015014029030 [info] 获取网卡详细信息
202213015014029030 [info] 获取网络速度
202213015014029030 [info] 更新CPU使用率、磁盘I/O、网络速度
202213015014029031 [info] 获取计算机名称
202213015014029031 [info] 获取Windows版本
202213015014029031 [info] 获取系统运行时间
202213015014029031 [info] 更新CPU使用率、磁盘I/O、网络速度
202213015014029032 [info] 获取系统运行时间
202213015014029032 [info] 获取内存使用量
202213015014029032 [error] U21:创建数据记录文件夹失败.
202213015014029032 [info] 更新CPU使用率、磁盘I/O、网络速度
202213015014029033 [info] 获取系统运行时间
202213015014029033 [info] 获取内存使用量
202213015014029033 [error] U21:创建数据记录文件夹失败.
202213015014029033 [info] 更新CPU使用率、磁盘I/O、网络速度
202213015014029034 [info] 获取系统运行时间
202213015014029034 [info] 获取内存使用量
202213015014029034 [error] U21:创建数据记录文件夹失败.
202213015014029034 [info] 更新CPU使用率、磁盘I/O、网络速度
202213015014029035 [info] 获取系统运行时间
202213015014029035 [info] 获取内存使用量
202213015014029035 [error] U21:创建数据记录文件夹失败.
202213015014029035 [info] 更新CPU使用率、磁盘I/O、网络速度
202213015014029036 [info] 获取系统运行时间
202213015014029036 [info] 获取内存使用量
202213015014029036 [error] U21:创建数据记录文件夹失败.
202213015014029036 [info] 更新CPU使用率、磁盘I/O、网络速度
202213015014029037 [info] 获取系统运行时间
202213015014029037 [info] 获取内存使用量
202213015014029037 [error] U21:创建数据记录文件夹失败.
202213015014029037 [info] 更新CPU使用率、磁盘I/O、网络速度
202213015014029038 [info] 获取系统运行时间
202213015014029038 [info] 获取内存使用量
202213015014029038 [error] U21:创建数据记录文件夹失败.
202213015014029038 [info] 更新CPU使用率、磁盘I/O、网络速度
202213015014029039 [info] 获取系统运行时间
202213015014029039 [info] 获取内存使用量
202213015014029039 [error] U21:创建数据记录文件夹失败.
202213015014029039 [info] 更新CPU使用率、磁盘I/O、网络速度
202213015014029040 [info] 获取系统运行时间
202213015014029040 [info] 获取内存使用量
202213015014029040 [error] U21:创建数据记录文件夹失败.
202213015014029040 [info] 更新CPU使用率、磁盘I/O、网络速度
202213015014029041 [info] 获取系统运行时间
202213015014029041 [info] 获取内存使用量
202213015014029041 [error] U21:创建数据记录文件夹失败.
202213015014029041 [info] 更新CPU使用率、磁盘I/O、网络速度
202213015014029042 [info] 获取系统运行时间
202213015014029042 [info] 获取内存使用量
202213015014029042 [error] U21:创建数据记录文件夹失败.
202213015014029042 [info] 更新CPU使用率、磁盘I/O、网络速度
202213015014029043 [info] 获取系统运行时间
202213015014029043 [info] 获取内存使用量
202213015014029043 [error] U21:创建数据记录文件夹失败.
202213015014030043 [info] 初始化CPU基本信息
202213015014030043 [info] 获取CPU详细信息
202213015014030043 [info] 获取CPU描述
202213015014030043 [info] 获取CPU架构
202213015014030043 [info] 获取CPU使用率
202213015014030043 [info] 更新CPU使用率、磁盘I/O、网络速度
202213015014030044 [info] 初始化磁盘基本信息
202213015014030044 [info] 获取磁盘数量
202213015014030044 [info] 获取磁盘总容量、剩余容量、使用率
202213015014030044 [info] 获取磁盘I/O
202213015014030044 [info] 更新CPU使用率、磁盘I/O、网络速度
202213015014030045 [info] 初始化GPU基本信息
202213015014030045 [info] 获取GPU数量
202213015014030045 [info] 获取GPU信息、GPU内存
202213015014030045 [info] 初始化内存信息
202213015014030045 [info] 获取内存大小
202213015014030045 [info] 获取内存使用量
202213015014030045 [info] 初始化网络信息
202213015014030045 [info] 获取网卡数量
202213015014030045 [info] 获取网卡详细信息
202213015014030045 [info] 获取网络速度
202213015014030045 [info] 更新CPU使用率、磁盘I/O、网络速度
202213015014030047 [info] 获取计算机名称
202213015014030047 [info] 获取Windows版本
202213015014030047 [info] 获取系统运行时间
202213015014030047 [info] 更新CPU使用率、磁盘I/O、网络速度
202213015014030048 [info] 获取系统运行时间
202213015014030048 [info] 获取内存使用量
202213015014030048 [info] 获取磁盘总容量、剩余容量、使用率
202213015014030048 [error] U21:创建数据记录文件夹失败.
202213015014030048 [info] 更新CPU使用率、磁盘I/O、网络速度
202213015014030049 [info] 获取系统运行时间
202213015014030049 [info] 获取内存使用量
202213015014030049 [info] 获取磁盘总容量、剩余容量、使用率
202213015014030049 [error] U21:创建数据记录文件夹失败.
202213015014030049 [info] 更新CPU使用率、磁盘I/O、网络速度
202213015014030050 [info] 获取系统运行时间
202213015014030050 [info] 获取内存使用量
202213015014030050 [info] 获取磁盘总容量、剩余容量、使用率
202213015014030050 [error] U21:创建数据记录文件夹失败.
202213015014030050 [info] 更新CPU使用率、磁盘I/O、网络速度
202213015014030051 [info] 获取系统运行时间
202213015014030051 [info] 获取内存使用量
202213015014030051 [info] 获取磁盘总容量、剩余容量、使用率
202213015014030051 [error] U21:创建数据记录文件夹失败.
202213015014030051 [info] 更新CPU使用率、磁盘I/O、网络速度
202213015014030052 [info] 获取系统运行时间
202213015014030052 [info] 获取内存使用量
202213015014030052 [info] 获取磁盘总容量、剩余容量、使用率
202213015014030052 [error] U21:创建数据记录文件夹失败.
202213015014030052 [info] 更新CPU使用率、磁盘I/O、网络速度
202213015014030053 [info] 获取系统运行时间
202213015014030053 [info] 获取内存使用量
202213015014030053 [info] 获取磁盘总容量、剩余容量、使用率
202213015014030053 [error] U21:创建数据记录文件夹失败.
202213015014030053 [info] 更新CPU使用率、磁盘I/O、网络速度
202213015014030054 [info] 获取系统运行时间
202213015014030054 [info] 获取内存使用量
202213015014030054 [info] 获取磁盘总容量、剩余容量、使用率
202213015014030054 [error] U21:创建数据记录文件夹失败.
202213015014030054 [info] 更新CPU使用率、磁盘I/O、网络速度
202213015014030055 [info] 获取系统运行时间
202213015014030055 [info] 获取内存使用量
202213015014030055 [info] 获取磁盘总容量、剩余容量、使用率
202213015014030055 [error] U21:创建数据记录文件夹失败.
202213015014030055 [info] 更新CPU使用率、磁盘I/O、网络速度
202213015014030056 [info] 获取系统运行时间
202213015014030056 [info] 获取内存使用量
202213015014030056 [info] 获取磁盘总容量、剩余容量、使用率
202213015014030056 [error] U21:创建数据记录文件夹失败.
202213015014030056 [info] 更新CPU使用率、磁盘I/O、网络速度
202213015014030057 [info] 获取系统运行时间
202213015014030057 [info] 获取内存使用量
202213015014030057 [info] 获取磁盘总容量、剩余容量、使用率
202213015014030057 [error] U21:创建数据记录文件夹失败.
202213015014030057 [info] 更新CPU使用率、磁盘I/O、网络速度
202213015014030058 [info] 获取系统运行时间
202213015014030058 [info] 获取内存使用量
202213015014030058 [info] 获取磁盘总容量、剩余容量、使用率
202213015014030058 [error] U21:创建数据记录文件夹失败.
202213015014030058 [info] 更新CPU使用率、磁盘I/O、网络速度
202213015014030059 [info] 获取系统运行时间
202213015014030059 [info] 获取内存使用量
202213015014030059 [info] 获取磁盘总容量、剩余容量、使用率
202213015014030059 [error] U21:创建数据记录文件夹失败.
202213015014030059 [info] 更新CPU使用率、磁盘I/O、网络速度
20221301501403110 [info] 获取系统运行时间
20221301501403110 [info] 获取内存使用量
20221301501403110 [info] 获取磁盘总容量、剩余容量、使用率
20221301501403110 [error] U21:创建数据记录文件夹失败.
202213015014038022 [info] 初始化CPU基本信息
202213015014038022 [info] 获取CPU详细信息
202213015014038022 [info] 获取CPU描述
202213015014038022 [info] 获取CPU架构
202213015014038022 [info] 获取CPU使用率
202213015014038022 [info] 更新CPU使用率、磁盘I/O、网络速度
202213015014038024 [info] 初始化磁盘基本信息
202213015014038024 [info] 获取磁盘数量
202213015014038024 [info] 获取磁盘总容量、剩余容量、使用率
202213015014038024 [info] 获取磁盘I/O
202213015014038024 [info] 更新CPU使用率、磁盘I/O、网络速度
202213015014038025 [info] 初始化GPU基本信息
202213015014038025 [info] 获取GPU数量
202213015014038025 [info] 获取GPU信息、GPU内存
202213015014038025 [info] 初始化内存信息
202213015014038025 [info] 获取内存大小
202213015014038025 [info] 获取内存使用量
202213015014038025 [info] 初始化网络信息
202213015014038025 [info] 获取网卡数量
202213015014038025 [info] 获取网卡详细信息
202213015014038025 [info] 获取网络速度
202213015014038025 [info] 更新CPU使用率、磁盘I/O、网络速度
202213015014038026 [info] 获取计算机名称
202213015014038026 [info] 获取Windows版本
202213015014038026 [info] 获取系统运行时间
202213015014038026 [info] 更新CPU使用率、磁盘I/O、网络速度
202213015014038027 [info] 获取系统运行时间
202213015014038027 [info] 获取内存使用量
202213015014038027 [info] 获取磁盘总容量、剩余容量、使用率
202213015014038027 [error] U21:创建数据记录文件夹失败.
202213015014038027 [info] 更新CPU使用率、磁盘I/O、网络速度
202213015014038028 [info] 获取系统运行时间
202213015014038028 [info] 获取内存使用量
202213015014038028 [info] 获取磁盘总容量、剩余容量、使用率
202213015014038028 [error] U21:创建数据记录文件夹失败.
202213015014038028 [info] 更新CPU使用率、磁盘I/O、网络速度
202213015014038029 [info] 获取系统运行时间
202213015014038029 [info] 获取内存使用量
202213015014038029 [info] 获取磁盘总容量、剩余容量、使用率
202213015014038029 [error] U21:创建数据记录文件夹失败.
202213015014038029 [info] 更新CPU使用率、磁盘I/O、网络速度
202213015014038030 [info] 获取系统运行时间
202213015014038030 [info] 获取内存使用量
202213015014038030 [info] 获取磁盘总容量、剩余容量、使用率
202213015014038030 [error] U21:创建数据记录文件夹失败.
202213015014038030 [info] 更新CPU使用率、磁盘I/O、网络速度
202213015014038031 [info] 获取系统运行时间
202213015014038031 [info] 获取内存使用量
202213015014038031 [info] 获取磁盘总容量、剩余容量、使用率
202213015014038031 [error] U21:创建数据记录文件夹失败.
202213015014038031 [info] 更新CPU使用率、磁盘I/O、网络速度
202213015014038032 [info] 获取系统运行时间
202213015014038032 [info] 获取内存使用量
202213015014038032 [info] 获取磁盘总容量、剩余容量、使用率
202213015014038032 [error] U21:创建数据记录文件夹失败.
