2022.3.8 21:1:19 [info] 初始化设备
2022.3.8 21:1:19 [info] 初始化CPU基本信息
2022.3.8 21:1:19 [info] 获取CPU详细信息
2022.3.8 21:1:19 [info] 获取CPU描述
2022.3.8 21:1:22 [error] M1:打开文件失败.
2022.3.8 21:1:22 [info] 获取CPU架构
2022.3.8 21:1:22 [info] 获取CPU使用率
2022.3.8 21:1:22 [info] 更新CPU使用率、磁盘I/O、网络速度
2022.3.8 21:1:24 [info] 初始化磁盘基本信息
2022.3.8 21:1:24 [info] 获取磁盘数量
2022.3.8 21:1:24 [info] 获取磁盘总容量、剩余容量、使用率
2022.3.8 21:1:24 [info] 获取磁盘I/O
2022.3.8 21:1:24 [info] 更新CPU使用率、磁盘I/O、网络速度
2022.3.8 21:1:25 [info] 初始化GPU基本信息
2022.3.8 21:1:25 [info] 获取GPU数量
2022.3.8 21:1:25 [info] 获取GPU信息、GPU内存
2022.3.8 21:1:25 [info] 初始化内存信息
2022.3.8 21:1:25 [info] 获取内存大小
2022.3.8 21:1:25 [info] 获取内存使用量
2022.3.8 21:1:25 [info] 初始化网络信息
2022.3.8 21:1:25 [info] 获取网卡数量
2022.3.8 21:1:25 [info] 获取网卡详细信息
2022.3.8 21:1:25 [info] 获取网络速度
2022.3.8 21:1:25 [info] 更新CPU使用率、磁盘I/O、网络速度
2022.3.8 21:1:26 [info] 获取计算机名称
2022.3.8 21:1:26 [info] 获取Windows版本
2022.3.8 21:1:26 [info] 获取系统运行时间
2022.3.8 21:1:47 [info] 初始化设备
2022.3.8 21:1:47 [info] 初始化CPU基本信息
2022.3.8 21:1:47 [info] 获取CPU详细信息
2022.3.8 21:1:47 [info] 获取CPU描述
2022.3.8 21:1:54 [error] M1:打开文件失败.
2022.3.8 21:1:54 [info] 获取CPU架构
2022.3.8 21:1:54 [info] 获取CPU使用率
2022.3.8 21:1:54 [info] 更新CPU使用率、磁盘I/O、网络速度
2022.3.8 21:1:55 [info] 初始化磁盘基本信息
2022.3.8 21:1:55 [info] 获取磁盘数量
2022.3.8 21:1:55 [info] 获取磁盘总容量、剩余容量、使用率
2022.3.8 21:1:55 [info] 获取磁盘I/O
2022.3.8 21:1:55 [info] 更新CPU使用率、磁盘I/O、网络速度
2022.3.8 21:1:56 [info] 初始化GPU基本信息
2022.3.8 21:1:56 [info] 获取GPU数量
2022.3.8 21:1:56 [info] 获取GPU信息、GPU内存
2022.3.8 21:1:56 [info] 初始化内存信息
2022.3.8 21:1:56 [info] 获取内存大小
2022.3.8 21:1:56 [info] 获取内存使用量
2022.3.8 21:1:56 [info] 初始化网络信息
2022.3.8 21:1:56 [info] 获取网卡数量
2022.3.8 21:1:56 [info] 获取网卡详细信息
2022.3.8 21:1:56 [info] 获取网络速度
2022.3.8 21:1:56 [info] 更新CPU使用率、磁盘I/O、网络速度
