2022.3.8.log 13:36:36[info]hhhjj
2022.3.8.log 13:37:33[info]hhhjj
2022.3.8.log 13:37:35[info]hhhjj
2022.3.8.log 13:37:45[info]hhhjj
2022.3.8.log 17:44:14 [info] hhhjj
2022.3.8.log 17:44:14 [info] hhhjj
2022.3.8.log 17:44:14 [info] hhhjj
2022.3.8.log 17:44:14 [error] m2:×Ö·û´®×ª»»Ê§°Ü.
2022.3.8.log 17:44:14 [error] m2:×Ö·û´®×ª»»Ê§°Ü.
2022.3.8.log 17:44:14 [error] m2:×Ö·û´®×ª»»Ê§°Ü.
2022.3.8.log 17:44:14 [info] hhhjj
2022.3.8.log 17:44:14 [info] hhhjj
2022.3.8.log 17:44:14 [info] hhhjj
2022.3.8.log 17:44:14 [error] m2:×Ö·û´®×ª»»Ê§°Ü.
2022.3.8.log 17:44:14 [error] m2:×Ö·û´®×ª»»Ê§°Ü.
2022.3.8.log 17:44:14 [error] m2:×Ö·û´®×ª»»Ê§°Ü.
2022.3.8.log 17:44:14 [info] hhhjj
2022.3.8.log 17:44:14 [info] hhhjj
2022.3.8.log 17:44:14 [info] hhhjj
2022.3.8.log 17:44:14 [error] m2:×Ö·û´®×ª»»Ê§°Ü.
2022.3.8.log 17:44:14 [error] m2:×Ö·û´®×ª»»Ê§°Ü.
2022.3.8.log 17:44:14 [error] m2:×Ö·û´®×ª»»Ê§°Ü.
2022.3.8.log 17:44:14 [info] hhhjj
2022.3.8.log 17:44:14 [info] hhhjj
2022.3.8.log 17:44:14 [info] hhhjj
2022.3.8.log 17:44:14 [error] m2:×Ö·û´®×ª»»Ê§°Ü.
2022.3.8.log 17:44:14 [error] m2:×Ö·û´®×ª»»Ê§°Ü.
2022.3.8.log 17:44:14 [error] m2:×Ö·û´®×ª»»Ê§°Ü.
2022.3.8.log 17:44:14 [info] hhhjj
2022.3.8.log 17:44:14 [info] hhhjj
2022.3.8.log 17:44:14 [info] hhhjj
2022.3.8.log 17:44:14 [error] m2:×Ö·û´®×ª»»Ê§°Ü.
2022.3.8.log 17:44:14 [error] m2:×Ö·û´®×ª»»Ê§°Ü.
2022.3.8.log 17:44:14 [error] m2:×Ö·û´®×ª»»Ê§°Ü.
2022.3.8.log 17:44:14 [info] hhhjj
2022.3.8.log 17:44:14 [info] hhhjj
2022.3.8.log 17:44:14 [info] hhhjj
2022.3.8.log 17:44:14 [error] m2:×Ö·û´®×ª»»Ê§°Ü.
2022.3.8.log 17:44:14 [error] m2:×Ö·û´®×ª»»Ê§°Ü.
2022.3.8.log 17:44:14 [error] m2:×Ö·û´®×ª»»Ê§°Ü.
2022.3.8.log 17:44:14 [info] hhhjj
2022.3.8.log 17:44:14 [info] hhhjj
2022.3.8.log 17:44:14 [info] hhhjj
2022.3.8.log 17:44:14 [error] m2:×Ö·û´®×ª»»Ê§°Ü.
2022.3.8.log 17:44:14 [error] m2:×Ö·û´®×ª»»Ê§°Ü.
2022.3.8.log 17:44:14 [error] m2:×Ö·û´®×ª»»Ê§°Ü.
2022.3.8.log 17:44:14 [info] hhhjj
2022.3.8.log 17:44:14 [info] hhhjj
2022.3.8.log 17:44:14 [info] hhhjj
2022.3.8.log 17:44:14 [error] m2:×Ö·û´®×ª»»Ê§°Ü.
2022.3.8.log 17:44:14 [error] m2:×Ö·û´®×ª»»Ê§°Ü.
2022.3.8.log 17:44:14 [error] m2:×Ö·û´®×ª»»Ê§°Ü.
2022.3.8.log 17:44:14 [info] hhhjj
2022.3.8.log 17:44:14 [info] hhhjj
2022.3.8.log 17:44:14 [info] hhhjj
2022.3.8.log 17:44:14 [error] m2:×Ö·û´®×ª»»Ê§°Ü.
2022.3.8.log 17:44:14 [error] m2:×Ö·û´®×ª»»Ê§°Ü.
2022.3.8.log 17:44:14 [error] m2:×Ö·û´®×ª»»Ê§°Ü.
2022.3.8.log 17:44:14 [info] hhhjj
2022.3.8.log 17:44:14 [info] hhhjj
2022.3.8.log 17:44:14 [info] hhhjj
2022.3.8.log 17:44:14 [error] m2:×Ö·û´®×ª»»Ê§°Ü.
2022.3.8.log 17:44:14 [error] m2:×Ö·û´®×ª»»Ê§°Ü.
2022.3.8.log 17:44:14 [error] m2:×Ö·û´®×ª»»Ê§°Ü.
2022.3.8.log 17:44:14 [info] hhhjj
2022.3.8.log 17:44:14 [info] hhhjj
2022.3.8.log 17:44:14 [info] hhhjj
2022.3.8.log 17:44:14 [error] m2:×Ö·û´®×ª»»Ê§°Ü.
2022.3.8.log 17:44:14 [error] m2:×Ö·û´®×ª»»Ê§°Ü.
2022.3.8.log 17:44:14 [error] m2:×Ö·û´®×ª»»Ê§°Ü.
2022.3.8.log 17:44:14 [info] hhhjj
2022.3.8.log 17:44:14 [info] hhhjj
2022.3.8.log 17:44:14 [info] hhhjj
2022.3.8.log 17:44:14 [error] m2:×Ö·û´®×ª»»Ê§°Ü.
2022.3.8.log 17:44:14 [error] m2:×Ö·û´®×ª»»Ê§°Ü.
2022.3.8.log 17:44:14 [error] m2:×Ö·û´®×ª»»Ê§°Ü.
2022.3.8.log 17:44:14 [info] hhhjj
2022.3.8.log 17:44:14 [info] hhhjj
2022.3.8.log 17:44:14 [info] hhhjj
2022.3.8.log 17:44:14 [error] m2:×Ö·û´®×ª»»Ê§°Ü.
2022.3.8.log 17:44:14 [error] m2:×Ö·û´®×ª»»Ê§°Ü.
2022.3.8.log 17:44:14 [error] m2:×Ö·û´®×ª»»Ê§°Ü.
2022.3.8.log 17:44:14 [info] hhhjj
2022.3.8.log 17:44:14 [info] hhhjj
2022.3.8.log 17:44:14 [info] hhhjj
2022.3.8.log 17:44:14 [error] m2:×Ö·û´®×ª»»Ê§°Ü.
2022.3.8.log 17:44:14 [error] m2:×Ö·û´®×ª»»Ê§°Ü.
2022.3.8.log 17:44:14 [error] m2:×Ö·û´®×ª»»Ê§°Ü.
2022.3.8.log 17:44:14 [info] hhhjj
2022.3.8.log 17:44:14 [info] hhhjj
2022.3.8.log 17:44:14 [info] hhhjj
2022.3.8.log 17:44:14 [error] m2:×Ö·û´®×ª»»Ê§°Ü.
2022.3.8.log 17:44:14 [error] m2:×Ö·û´®×ª»»Ê§°Ü.
2022.3.8.log 17:44:14 [error] m2:×Ö·û´®×ª»»Ê§°Ü.
2022.3.8.log 17:44:14 [info] hhhjj
2022.3.8.log 17:44:14 [info] hhhjj
2022.3.8.log 17:44:14 [info] hhhjj
2022.3.8.log 17:44:14 [error] m2:×Ö·û´®×ª»»Ê§°Ü.
2022.3.8.log 17:44:14 [error] m2:×Ö·û´®×ª»»Ê§°Ü.
2022.3.8.log 17:44:14 [error] m2:×Ö·û´®×ª»»Ê§°Ü.
2022.3.8.log 17:44:14 [info] hhhjj
2022.3.8.log 17:44:14 [info] hhhjj
2022.3.8.log 17:44:14 [info] hhhjj
2022.3.8.log 17:44:14 [error] m2:×Ö·û´®×ª»»Ê§°Ü.
2022.3.8.log 17:44:14 [error] m2:×Ö·û´®×ª»»Ê§°Ü.
2022.3.8.log 17:44:14 [error] m2:×Ö·û´®×ª»»Ê§°Ü.
2022.3.8.log 17:44:14 [info] hhhjj
2022.3.8.log 17:44:14 [info] hhhjj
2022.3.8.log 17:44:14 [info] hhhjj
2022.3.8.log 17:44:14 [error] m2:×Ö·û´®×ª»»Ê§°Ü.
2022.3.8.log 17:44:14 [error] m2:×Ö·û´®×ª»»Ê§°Ü.
2022.3.8.log 17:44:14 [error] m2:×Ö·û´®×ª»»Ê§°Ü.
2022.3.8.log 17:44:14 [info] hhhjj
2022.3.8.log 17:44:14 [info] hhhjj
2022.3.8.log 17:44:14 [info] hhhjj
2022.3.8.log 17:44:14 [error] m2:×Ö·û´®×ª»»Ê§°Ü.
2022.3.8.log 17:44:14 [error] m2:×Ö·û´®×ª»»Ê§°Ü.
2022.3.8.log 17:44:14 [error] m2:×Ö·û´®×ª»»Ê§°Ü.
2022.3.8.log 17:44:14 [info] hhhjj
2022.3.8.log 17:44:14 [info] hhhjj
2022.3.8.log 17:44:14 [info] hhhjj
2022.3.8.log 17:44:14 [error] m2:×Ö·û´®×ª»»Ê§°Ü.
2022.3.8.log 17:44:14 [error] m2:×Ö·û´®×ª»»Ê§°Ü.
2022.3.8.log 17:44:14 [error] m2:×Ö·û´®×ª»»Ê§°Ü.
2022.3.8.log 17:44:14 [info] hhhjj
2022.3.8.log 17:44:14 [info] hhhjj
2022.3.8.log 17:44:14 [info] hhhjj
2022.3.8.log 17:44:14 [error] m2:×Ö·û´®×ª»»Ê§°Ü.
2022.3.8.log 17:44:14 [error] m2:×Ö·û´®×ª»»Ê§°Ü.
2022.3.8.log 17:44:14 [error] m2:×Ö·û´®×ª»»Ê§°Ü.
2022.3.8.log 17:44:14 [info] hhhjj
2022.3.8.log 17:44:14 [info] hhhjj
2022.3.8.log 17:44:14 [info] hhhjj
2022.3.8.log 17:44:14 [error] m2:×Ö·û´®×ª»»Ê§°Ü.
2022.3.8.log 17:44:14 [error] m2:×Ö·û´®×ª»»Ê§°Ü.
2022.3.8.log 17:44:14 [error] m2:×Ö·û´®×ª»»Ê§°Ü.
2022.3.8.log 17:44:14 [info] hhhjj
2022.3.8.log 17:44:14 [info] hhhjj
2022.3.8.log 17:44:14 [info] hhhjj
2022.3.8.log 17:44:14 [error] m2:×Ö·û´®×ª»»Ê§°Ü.
2022.3.8.log 17:44:14 [error] m2:×Ö·û´®×ª»»Ê§°Ü.
2022.3.8.log 17:44:14 [error] m2:×Ö·û´®×ª»»Ê§°Ü.
2022.3.8.log 17:44:14 [info] hhhjj
2022.3.8.log 17:44:14 [info] hhhjj
2022.3.8.log 17:44:14 [info] hhhjj
2022.3.8.log 17:44:14 [error] m2:×Ö·û´®×ª»»Ê§°Ü.
2022.3.8.log 17:44:14 [error] m2:×Ö·û´®×ª»»Ê§°Ü.
2022.3.8.log 17:44:14 [error] m2:×Ö·û´®×ª»»Ê§°Ü.
2022.3.8.log 17:44:14 [info] hhhjj
2022.3.8.log 17:44:14 [info] hhhjj
2022.3.8.log 17:44:14 [info] hhhjj
2022.3.8.log 17:44:14 [error] m2:×Ö·û´®×ª»»Ê§°Ü.
2022.3.8.log 17:44:14 [error] m2:×Ö·û´®×ª»»Ê§°Ü.
2022.3.8.log 17:44:14 [error] m2:×Ö·û´®×ª»»Ê§°Ü.
2022.3.8.log 17:44:14 [info] hhhjj
2022.3.8.log 17:44:14 [info] hhhjj
2022.3.8.log 17:44:14 [info] hhhjj
2022.3.8.log 17:44:14 [error] m2:×Ö·û´®×ª»»Ê§°Ü.
2022.3.8.log 17:44:14 [error] m2:×Ö·û´®×ª»»Ê§°Ü.
2022.3.8.log 17:44:14 [error] m2:×Ö·û´®×ª»»Ê§°Ü.
2022.3.8.log 17:44:14 [info] hhhjj
2022.3.8.log 17:44:14 [info] hhhjj
2022.3.8.log 17:44:14 [info] hhhjj
2022.3.8.log 17:44:14 [error] m2:×Ö·û´®×ª»»Ê§°Ü.
2022.3.8.log 17:44:14 [error] m2:×Ö·û´®×ª»»Ê§°Ü.
2022.3.8.log 17:44:14 [error] m2:×Ö·û´®×ª»»Ê§°Ü.
2022.3.8.log 17:44:14 [info] hhhjj
2022.3.8.log 17:44:14 [info] hhhjj
2022.3.8.log 17:44:14 [info] hhhjj
2022.3.8.log 17:44:14 [error] m2:×Ö·û´®×ª»»Ê§°Ü.
2022.3.8.log 17:44:14 [error] m2:×Ö·û´®×ª»»Ê§°Ü.
2022.3.8.log 17:44:14 [error] m2:×Ö·û´®×ª»»Ê§°Ü.
2022.3.8.log 17:44:14 [info] hhhjj
2022.3.8.log 17:44:14 [info] hhhjj
2022.3.8.log 17:44:14 [info] hhhjj
2022.3.8.log 17:44:14 [error] m2:×Ö·û´®×ª»»Ê§°Ü.
2022.3.8.log 17:44:14 [error] m2:×Ö·û´®×ª»»Ê§°Ü.
2022.3.8.log 17:44:14 [error] m2:×Ö·û´®×ª»»Ê§°Ü.
2022.3.8.log 17:44:14 [info] hhhjj
2022.3.8.log 17:44:14 [info] hhhjj
2022.3.8.log 17:44:14 [info] hhhjj
2022.3.8.log 17:44:14 [error] m2:×Ö·û´®×ª»»Ê§°Ü.
2022.3.8.log 17:44:14 [error] m2:×Ö·û´®×ª»»Ê§°Ü.
2022.3.8.log 17:44:14 [error] m2:×Ö·û´®×ª»»Ê§°Ü.
2022.3.8.log 17:44:14 [info] hhhjj
2022.3.8.log 17:44:14 [info] hhhjj
2022.3.8.log 17:44:14 [info] hhhjj
2022.3.8.log 17:44:14 [error] m2:×Ö·û´®×ª»»Ê§°Ü.
2022.3.8.log 17:44:14 [error] m2:×Ö·û´®×ª»»Ê§°Ü.
2022.3.8.log 17:44:14 [error] m2:×Ö·û´®×ª»»Ê§°Ü.
2022.3.8.log 17:44:14 [info] hhhjj
2022.3.8.log 17:44:14 [info] hhhjj
2022.3.8.log 17:44:14 [info] hhhjj
2022.3.8.log 17:44:14 [error] m2:×Ö·û´®×ª»»Ê§°Ü.
2022.3.8.log 17:44:14 [error] m2:×Ö·û´®×ª»»Ê§°Ü.
2022.3.8.log 17:44:14 [error] m2:×Ö·û´®×ª»»Ê§°Ü.
2022.3.8.log 17:44:14 [info] hhhjj
2022.3.8.log 17:44:14 [info] hhhjj
2022.3.8.log 17:44:14 [info] hhhjj
2022.3.8.log 17:44:14 [error] m2:×Ö·û´®×ª»»Ê§°Ü.
2022.3.8.log 17:44:14 [error] m2:×Ö·û´®×ª»»Ê§°Ü.
2022.3.8.log 17:44:14 [error] m2:×Ö·û´®×ª»»Ê§°Ü.
2022.3.8.log 17:44:14 [info] hhhjj
2022.3.8.log 17:44:14 [info] hhhjj
2022.3.8.log 17:44:14 [info] hhhjj
2022.3.8.log 17:44:14 [error] m2:×Ö·û´®×ª»»Ê§°Ü.
2022.3.8.log 17:44:14 [error] m2:×Ö·û´®×ª»»Ê§°Ü.
2022.3.8.log 17:44:14 [error] m2:×Ö·û´®×ª»»Ê§°Ü.
2022.3.8.log 17:44:14 [info] hhhjj
2022.3.8.log 17:44:14 [info] hhhjj
2022.3.8.log 17:44:14 [info] hhhjj
2022.3.8.log 17:44:14 [error] m2:×Ö·û´®×ª»»Ê§°Ü.
2022.3.8.log 17:44:14 [error] m2:×Ö·û´®×ª»»Ê§°Ü.
2022.3.8.log 17:44:14 [error] m2:×Ö·û´®×ª»»Ê§°Ü.
2022.3.8.log 17:44:14 [info] hhhjj
2022.3.8.log 17:44:14 [info] hhhjj
2022.3.8.log 17:44:14 [info] hhhjj
2022.3.8.log 17:44:14 [error] m2:×Ö·û´®×ª»»Ê§°Ü.
2022.3.8.log 17:44:14 [error] m2:×Ö·û´®×ª»»Ê§°Ü.
2022.3.8.log 17:44:14 [error] m2:×Ö·û´®×ª»»Ê§°Ü.
2022.3.8.log 17:44:14 [info] hhhjj
2022.3.8.log 17:44:14 [info] hhhjj
2022.3.8.log 17:44:14 [info] hhhjj
2022.3.8.log 17:44:14 [error] m2:×Ö·û´®×ª»»Ê§°Ü.
2022.3.8.log 17:44:14 [error] m2:×Ö·û´®×ª»»Ê§°Ü.
2022.3.8.log 17:44:14 [error] m2:×Ö·û´®×ª»»Ê§°Ü.
2022.3.8.log 17:44:14 [info] hhhjj
2022.3.8.log 17:44:14 [info] hhhjj
2022.3.8.log 17:44:14 [info] hhhjj
2022.3.8.log 17:44:14 [error] m2:×Ö·û´®×ª»»Ê§°Ü.
2022.3.8.log 17:44:14 [error] m2:×Ö·û´®×ª»»Ê§°Ü.
2022.3.8.log 17:44:14 [error] m2:×Ö·û´®×ª»»Ê§°Ü.
2022.3.8.log 17:44:14 [info] hhhjj
2022.3.8.log 17:44:14 [info] hhhjj
2022.3.8.log 17:44:14 [info] hhhjj
2022.3.8.log 17:44:14 [error] m2:×Ö·û´®×ª»»Ê§°Ü.
2022.3.8.log 17:44:14 [error] m2:×Ö·û´®×ª»»Ê§°Ü.
2022.3.8.log 17:44:14 [error] m2:×Ö·û´®×ª»»Ê§°Ü.
2022.3.8.log 17:44:14 [info] hhhjj
2022.3.8.log 17:44:14 [info] hhhjj
2022.3.8.log 17:44:14 [info] hhhjj
2022.3.8.log 17:44:14 [error] m2:×Ö·û´®×ª»»Ê§°Ü.
2022.3.8.log 17:44:14 [error] m2:×Ö·û´®×ª»»Ê§°Ü.
2022.3.8.log 17:44:14 [error] m2:×Ö·û´®×ª»»Ê§°Ü.
2022.3.8.log 17:44:14 [info] hhhjj
2022.3.8.log 17:44:14 [info] hhhjj
2022.3.8.log 17:44:14 [info] hhhjj
2022.3.8.log 17:44:14 [error] m2:×Ö·û´®×ª»»Ê§°Ü.
2022.3.8.log 17:44:14 [error] m2:×Ö·û´®×ª»»Ê§°Ü.
2022.3.8.log 17:44:14 [error] m2:×Ö·û´®×ª»»Ê§°Ü.
2022.3.8.log 17:44:14 [info] hhhjj
2022.3.8.log 17:44:14 [info] hhhjj
2022.3.8.log 17:44:14 [info] hhhjj
2022.3.8.log 17:44:14 [error] m2:×Ö·û´®×ª»»Ê§°Ü.
2022.3.8.log 17:44:14 [error] m2:×Ö·û´®×ª»»Ê§°Ü.
2022.3.8.log 17:44:14 [error] m2:×Ö·û´®×ª»»Ê§°Ü.
2022.3.8.log 17:44:14 [info] hhhjj
2022.3.8.log 17:44:14 [info] hhhjj
2022.3.8.log 17:44:14 [info] hhhjj
2022.3.8.log 17:44:14 [error] m2:×Ö·û´®×ª»»Ê§°Ü.
2022.3.8.log 17:44:14 [error] m2:×Ö·û´®×ª»»Ê§°Ü.
2022.3.8.log 17:44:14 [error] m2:×Ö·û´®×ª»»Ê§°Ü.
2022.3.8.log 17:44:14 [info] hhhjj
2022.3.8.log 17:44:14 [info] hhhjj
2022.3.8.log 17:44:14 [info] hhhjj
2022.3.8.log 17:44:14 [error] m2:×Ö·û´®×ª»»Ê§°Ü.
2022.3.8.log 17:44:14 [error] m2:×Ö·û´®×ª»»Ê§°Ü.
2022.3.8.log 17:44:14 [error] m2:×Ö·û´®×ª»»Ê§°Ü.
2022.3.8.log 17:44:14 [info] hhhjj
2022.3.8.log 17:44:14 [info] hhhjj
2022.3.8.log 17:44:14 [info] hhhjj
2022.3.8.log 17:44:14 [error] m2:×Ö·û´®×ª»»Ê§°Ü.
2022.3.8.log 17:44:14 [error] m2:×Ö·û´®×ª»»Ê§°Ü.
2022.3.8.log 17:44:14 [error] m2:×Ö·û´®×ª»»Ê§°Ü.
2022.3.8.log 17:44:14 [info] hhhjj
2022.3.8.log 17:44:14 [info] hhhjj
2022.3.8.log 17:44:14 [info] hhhjj
2022.3.8.log 17:44:14 [error] m2:×Ö·û´®×ª»»Ê§°Ü.
2022.3.8.log 17:44:14 [error] m2:×Ö·û´®×ª»»Ê§°Ü.
2022.3.8.log 17:44:14 [error] m2:×Ö·û´®×ª»»Ê§°Ü.
2022.3.8.log 17:44:14 [info] hhhjj
2022.3.8.log 17:44:14 [info] hhhjj
2022.3.8.log 17:44:14 [info] hhhjj
2022.3.8.log 17:44:14 [error] m2:×Ö·û´®×ª»»Ê§°Ü.
2022.3.8.log 17:44:14 [error] m2:×Ö·û´®×ª»»Ê§°Ü.
2022.3.8.log 17:44:14 [error] m2:×Ö·û´®×ª»»Ê§°Ü.
2022.3.8.log 17:44:14 [info] hhhjj
2022.3.8.log 17:44:14 [info] hhhjj
2022.3.8.log 17:44:14 [info] hhhjj
2022.3.8.log 17:44:14 [error] m2:×Ö·û´®×ª»»Ê§°Ü.
2022.3.8.log 17:44:14 [error] m2:×Ö·û´®×ª»»Ê§°Ü.
2022.3.8.log 17:44:14 [error] m2:×Ö·û´®×ª»»Ê§°Ü.
2022.3.8.log 17:44:14 [info] hhhjj
2022.3.8.log 17:44:14 [info] hhhjj
2022.3.8.log 17:44:14 [info] hhhjj
2022.3.8.log 17:44:14 [error] m2:×Ö·û´®×ª»»Ê§°Ü.
2022.3.8.log 17:44:14 [error] m2:×Ö·û´®×ª»»Ê§°Ü.
2022.3.8.log 17:44:14 [error] m2:×Ö·û´®×ª»»Ê§°Ü.
2022.3.8.log 17:44:14 [info] hhhjj
2022.3.8.log 17:44:14 [info] hhhjj
2022.3.8.log 17:44:14 [info] hhhjj
2022.3.8.log 17:44:14 [error] m2:×Ö·û´®×ª»»Ê§°Ü.
2022.3.8.log 17:44:14 [error] m2:×Ö·û´®×ª»»Ê§°Ü.
2022.3.8.log 17:44:14 [error] m2:×Ö·û´®×ª»»Ê§°Ü.
2022.3.8.log 17:44:14 [info] hhhjj
2022.3.8.log 17:44:14 [info] hhhjj
2022.3.8.log 17:44:14 [info] hhhjj
2022.3.8.log 17:44:14 [error] m2:×Ö·û´®×ª»»Ê§°Ü.
2022.3.8.log 17:44:14 [error] m2:×Ö·û´®×ª»»Ê§°Ü.
2022.3.8.log 17:44:14 [error] m2:×Ö·û´®×ª»»Ê§°Ü.
2022.3.8.log 17:44:14 [info] hhhjj
2022.3.8.log 17:44:14 [info] hhhjj
2022.3.8.log 17:44:14 [info] hhhjj
2022.3.8.log 17:44:14 [error] m2:×Ö·û´®×ª»»Ê§°Ü.
2022.3.8.log 17:44:14 [error] m2:×Ö·û´®×ª»»Ê§°Ü.
2022.3.8.log 17:44:14 [error] m2:×Ö·û´®×ª»»Ê§°Ü.
2022.3.8.log 17:44:14 [info] hhhjj
2022.3.8.log 17:44:14 [info] hhhjj
2022.3.8.log 17:44:14 [info] hhhjj
2022.3.8.log 17:44:14 [error] m2:×Ö·û´®×ª»»Ê§°Ü.
2022.3.8.log 17:44:14 [error] m2:×Ö·û´®×ª»»Ê§°Ü.
2022.3.8.log 17:44:14 [error] m2:×Ö·û´®×ª»»Ê§°Ü.
2022.3.8.log 17:44:14 [info] hhhjj
2022.3.8.log 17:44:14 [info] hhhjj
2022.3.8.log 17:44:14 [info] hhhjj
2022.3.8.log 17:44:14 [error] m2:×Ö·û´®×ª»»Ê§°Ü.
2022.3.8.log 17:44:14 [error] m2:×Ö·û´®×ª»»Ê§°Ü.
2022.3.8.log 17:44:14 [error] m2:×Ö·û´®×ª»»Ê§°Ü.
2022.3.8.log 17:44:14 [info] hhhjj
2022.3.8.log 17:44:14 [info] hhhjj
2022.3.8.log 17:44:14 [info] hhhjj
2022.3.8.log 17:44:14 [error] m2:×Ö·û´®×ª»»Ê§°Ü.
2022.3.8.log 17:44:14 [error] m2:×Ö·û´®×ª»»Ê§°Ü.
2022.3.8.log 17:44:14 [error] m2:×Ö·û´®×ª»»Ê§°Ü.
2022.3.8.log 18:7:26 [error] m1:´ò¿ªÎÄ¼þÊ§°Ü.
2022.3.8.log 18:7:27 [error] m1:´ò¿ªÎÄ¼þÊ§°Ü.
2022.3.8.log 18:7:27 [error] m1:´ò¿ªÎÄ¼þÊ§°Ü.
2022.3.8.log 18:7:28 [error] m1:´ò¿ªÎÄ¼þÊ§°Ü.
2022.3.8.log 18:7:28 [error] m1:´ò¿ªÎÄ¼þÊ§°Ü.
2022.3.8.log 18:7:58 [error] m1:´ò¿ªÎÄ¼þÊ§°Ü.
2022.3.8.log 18:7:58 [error] m1:´ò¿ªÎÄ¼þÊ§°Ü.
2022.3.8.log 18:7:59 [error] m1:´ò¿ªÎÄ¼þÊ§°Ü.
2022.3.8.log 18:8:0 [error] m1:´ò¿ªÎÄ¼þÊ§°Ü.
2022.3.8.log 18:8:1 [error] m1:´ò¿ªÎÄ¼þÊ§°Ü.
2022.3.8.log 18:11:13 [error] m1:´ò¿ªÎÄ¼þÊ§°Ü.
2022.3.8.log 18:11:13 [error] m1:´ò¿ªÎÄ¼þÊ§°Ü.
2022.3.8.log 18:11:14 [error] m1:´ò¿ªÎÄ¼þÊ§°Ü.
2022.3.8.log 18:11:14 [error] m1:´ò¿ªÎÄ¼þÊ§°Ü.
2022.3.8.log 18:11:14 [error] m1:´ò¿ªÎÄ¼þÊ§°Ü.
2022.3.8.log 18:11:24 [error] m1:´ò¿ªÎÄ¼þÊ§°Ü.
2022.3.8.log 18:11:25 [error] m1:´ò¿ªÎÄ¼þÊ§°Ü.
2022.3.8.log 18:11:25 [error] m1:´ò¿ªÎÄ¼þÊ§°Ü.
2022.3.8.log 18:11:26 [error] m1:´ò¿ªÎÄ¼þÊ§°Ü.
2022.3.8.log 18:11:26 [error] m1:´ò¿ªÎÄ¼þÊ§°Ü.
2022.3.8.log 18:12:6 [error] M1:´ò¿ªÎÄ¼þÊ§°Ü.
2022.3.8.log 18:12:7 [error] M1:´ò¿ªÎÄ¼þÊ§°Ü.
2022.3.8.log 18:12:7 [error] M1:´ò¿ªÎÄ¼þÊ§°Ü.
2022.3.8.log 18:12:7 [error] M1:´ò¿ªÎÄ¼þÊ§°Ü.
2022.3.8.log 18:12:8 [error] M1:´ò¿ªÎÄ¼þÊ§°Ü.
2022.3.8 18:14:1 [error] M1:´ò¿ªÎÄ¼þÊ§°Ü.
2022.3.8 18:14:1 [error] M1:´ò¿ªÎÄ¼þÊ§°Ü.
2022.3.8 18:14:1 [error] M1:´ò¿ªÎÄ¼þÊ§°Ü.
2022.3.8 18:14:1 [error] M1:´ò¿ªÎÄ¼þÊ§°Ü.
2022.3.8 18:14:1 [error] M1:´ò¿ªÎÄ¼þÊ§°Ü.
2022.3.8 20:29:33 [info] ³õÊ¼»¯CPU»ù±¾ÐÅÏ¢
